{
  "stats": {
    "suites": 1,
    "tests": 4,
    "passes": 4,
    "pending": 0,
    "failures": 0,
    "start": "2025-10-10T16:53:54.087Z",
    "end": "2025-10-10T16:54:03.205Z",
    "duration": 9118,
    "testsRegistered": 4,
    "passPercent": 100,
    "pendingPercent": 0,
    "other": 0,
    "hasOther": false,
    "skipped": 0,
    "hasSkipped": false
  },
  "results": [
    {
      "uuid": "06b8a9d1-458b-409b-8d6b-3c2a68efbf5b",
      "title": "",
      "fullFile": "cypress/e2e/api/002 - API Integração Clientes/002 - API Consulta Profissional/002.api-consulta-profissional-erros-soap.cy.js",
      "file": "cypress/e2e/api/002 - API Integração Clientes/002 - API Consulta Profissional/002.api-consulta-profissional-erros-soap.cy.js",
      "beforeHooks": [],
      "afterHooks": [],
      "tests": [],
      "suites": [
        {
          "uuid": "a5f21a31-66d0-4458-9760-d6c29f1aaa25",
          "title": "Integração Clientes - Erros, API Consulta de Profissional SOAP",
          "fullFile": "",
          "file": "",
          "beforeHooks": [],
          "afterHooks": [],
          "tests": [
            {
              "title": "Realizar requisição com corpo vazio",
              "fullTitle": "Integração Clientes - Erros, API Consulta de Profissional SOAP Realizar requisição com corpo vazio",
              "timedOut": null,
              "duration": 1493,
              "state": "passed",
              "speed": "fast",
              "pass": true,
              "fail": false,
              "pending": false,
              "context": null,
              "code": "cy.api({\n  method: \"POST\",\n  url: url,\n  body: {},\n  failOnStatusCode: false\n}).then(r => {\n  const faultcode = r.body.match(/<faultcode>([\\s\\S]*?)<\\/faultcode>/)[1].trim();\n  const faultstring = r.body.match(/<faultstring>([\\s\\S]*?)<\\/faultstring>/)[1].trim();\n  expect(r.status).to.eq(500);\n  expect(faultcode).to.eq(\"SOAP-ENV:Client\");\n  expect(faultstring).to.eq(\"Bad Request\");\n});",
              "err": {},
              "uuid": "17bb13fc-fdfb-46f3-9e17-dd4058795d75",
              "parentUUID": "a5f21a31-66d0-4458-9760-d6c29f1aaa25",
              "isHook": false,
              "skipped": false
            },
            {
              "title": "Realizar requisição com CNPJ ausente",
              "fullTitle": "Integração Clientes - Erros, API Consulta de Profissional SOAP Realizar requisição com CNPJ ausente",
              "timedOut": null,
              "duration": 2279,
              "state": "passed",
              "speed": "fast",
              "pass": true,
              "fail": false,
              "pending": false,
              "context": null,
              "code": "const cnpjCliente = \"\";\nconst soapPayload = `<?xml version=\"1.0\" encoding=\"utf-8\"?>\n<soapenv:Envelope xmlns:soapenv=\"http://schemas.xmlsoap.org/soap/envelope/\" xmlns:con=\"https://tstapi.buonny.com.br/portal/wsdl/consulta_profissional\">\n<soapenv:Header/>\n<soapenv:Body>\n    <con:consulta>\n        <cnpj_cliente>${cnpjCliente}</cnpj_cliente>\n        <autenticacao>\n            <token>${token}</token>\n        </autenticacao>\n        <produto>2</produto>\n        <profissional>\n            <documento>447.504.598-36</documento>\n            <carreteiro>S</carreteiro>\n        </profissional>\n        <veiculos>\n            <placa>${placa}</placa>\n        </veiculos>\n        <carga_tipo>1</carga_tipo>\n        <carga_valor>1000</carga_valor>\n        <pais_origem>BR</pais_origem>\n        <uf_origem>GO</uf_origem>\n        <cidade_origem>Ipameri</cidade_origem>\n        <pais_destino></pais_destino>\n        <uf_destino></uf_destino>\n        <cidade_destino>PARATI</cidade_destino>\n    </con:consulta>\n</soapenv:Body>\n</soapenv:Envelope>`;\ncy.api({\n  method: \"POST\",\n  url: url,\n  body: soapPayload,\n  failOnStatusCode: false\n}).then(r => {\n  const faultcode = r.body.match(/<faultcode>([\\s\\S]*?)<\\/faultcode>/)[1].trim();\n  const faultstring = r.body.match(/<faultstring>([\\s\\S]*?)<\\/faultstring>/)[1].trim();\n  expect(r.status).to.eq(500);\n  expect(faultcode).to.eq(\"ns1:1\");\n  expect(faultstring).to.eq(\"CNPJ Cliente não informado ou XML Inválido\");\n});",
              "err": {},
              "uuid": "e12ae4d6-a44d-42b1-a8d4-80bf514c6d3a",
              "parentUUID": "a5f21a31-66d0-4458-9760-d6c29f1aaa25",
              "isHook": false,
              "skipped": false
            },
            {
              "title": "Realizar requisição com token ausente ou inválido",
              "fullTitle": "Integração Clientes - Erros, API Consulta de Profissional SOAP Realizar requisição com token ausente ou inválido",
              "timedOut": null,
              "duration": 2202,
              "state": "passed",
              "speed": "fast",
              "pass": true,
              "fail": false,
              "pending": false,
              "context": null,
              "code": "const token = \"\";\nconst soapPayload = `<?xml version=\"1.0\" encoding=\"utf-8\"?>\n<soapenv:Envelope xmlns:soapenv=\"http://schemas.xmlsoap.org/soap/envelope/\" xmlns:con=\"https://tstapi.buonny.com.br/portal/wsdl/consulta_profissional\">\n<soapenv:Header/>\n<soapenv:Body>\n    <con:consulta>\n        <cnpj_cliente>${cnpjCliente}</cnpj_cliente>\n        <autenticacao>\n            <token>${token}</token>\n        </autenticacao>\n        <produto>2</produto>\n        <profissional>\n            <documento>447.504.598-36</documento>\n            <carreteiro>S</carreteiro>\n        </profissional>\n        <veiculos>\n            <placa>${placa}</placa>\n        </veiculos>\n        <carga_tipo>1</carga_tipo>\n        <carga_valor>1000</carga_valor>\n        <pais_origem>BR</pais_origem>\n        <uf_origem>GO</uf_origem>\n        <cidade_origem>Ipameri</cidade_origem>\n        <pais_destino></pais_destino>\n        <uf_destino></uf_destino>\n        <cidade_destino>PARATI</cidade_destino>\n    </con:consulta>\n</soapenv:Body>\n</soapenv:Envelope>`;\ncy.api({\n  method: \"POST\",\n  url: url,\n  body: soapPayload,\n  failOnStatusCode: false\n}).then(r => {\n  const faultcode = r.body.match(/<faultcode>([\\s\\S]*?)<\\/faultcode>/)[1].trim();\n  const faultstring = r.body.match(/<faultstring>([\\s\\S]*?)<\\/faultstring>/)[1].trim();\n  expect(r.status).to.eq(500);\n  expect(faultcode).to.eq(\"ns1:1\");\n  expect(faultstring).to.eq(`O token informado não confere com o cnpj do cliente\n - ${cnpjCliente}`);\n});",
              "err": {},
              "uuid": "e2adfec4-ed56-4446-b1e7-70bb81d1e481",
              "parentUUID": "a5f21a31-66d0-4458-9760-d6c29f1aaa25",
              "isHook": false,
              "skipped": false
            },
            {
              "title": "Realizar requisição com CPF profissional vazio",
              "fullTitle": "Integração Clientes - Erros, API Consulta de Profissional SOAP Realizar requisição com CPF profissional vazio",
              "timedOut": null,
              "duration": 2790,
              "state": "passed",
              "speed": "fast",
              "pass": true,
              "fail": false,
              "pending": false,
              "context": null,
              "code": "const soapPayload = `<?xml version=\"1.0\" encoding=\"utf-8\"?>\n<soapenv:Envelope xmlns:soapenv=\"http://schemas.xmlsoap.org/soap/envelope/\" xmlns:con=\"https://tstapi.buonny.com.br/portal/wsdl/consulta_profissional\">\n<soapenv:Header/>\n<soapenv:Body>\n    <con:consulta>\n        <cnpj_cliente>${cnpjCliente}</cnpj_cliente>\n        <autenticacao>\n            <token>${token}</token>\n        </autenticacao>\n        <produto>2</produto>\n        <profissional>\n            <documento></documento>\n            <carreteiro>S</carreteiro>\n        </profissional>\n        <veiculos>\n            <placa>${placa}</placa>\n        </veiculos>\n        <carga_tipo>1</carga_tipo>\n        <carga_valor>1000</carga_valor>\n        <pais_origem>BR</pais_origem>\n        <uf_origem>GO</uf_origem>\n        <cidade_origem>Ipameri</cidade_origem>\n        <pais_destino></pais_destino>\n        <uf_destino></uf_destino>\n        <cidade_destino>PARATI</cidade_destino>\n    </con:consulta>\n</soapenv:Body>\n</soapenv:Envelope>`;\ncy.api({\n  method: \"POST\",\n  url: url,\n  body: soapPayload,\n  failOnStatusCode: false\n}).then(r => {\n  const faultcode = r.body.match(/<faultcode>([\\s\\S]*?)<\\/faultcode>/)[1].trim();\n  const faultstring = r.body.match(/<faultstring>([\\s\\S]*?)<\\/faultstring>/)[1].trim();\n  expect(r.status).to.eq(500);\n  expect(faultcode).to.eq(\"ns1:1\");\n  expect(faultstring).to.eq(\"CPF profissional não informado\");\n});",
              "err": {},
              "uuid": "f91ed077-713d-4025-9ad6-6fce326e6c50",
              "parentUUID": "a5f21a31-66d0-4458-9760-d6c29f1aaa25",
              "isHook": false,
              "skipped": false
            }
          ],
          "suites": [],
          "passes": [
            "17bb13fc-fdfb-46f3-9e17-dd4058795d75",
            "e12ae4d6-a44d-42b1-a8d4-80bf514c6d3a",
            "e2adfec4-ed56-4446-b1e7-70bb81d1e481",
            "f91ed077-713d-4025-9ad6-6fce326e6c50"
          ],
          "failures": [],
          "pending": [],
          "skipped": [],
          "duration": 8764,
          "root": false,
          "rootEmpty": false,
          "_timeout": 2000
        }
      ],
      "passes": [],
      "failures": [],
      "pending": [],
      "skipped": [],
      "duration": 0,
      "root": true,
      "rootEmpty": true,
      "_timeout": 2000
    }
  ],
  "meta": {
    "mocha": {
      "version": "7.2.0"
    },
    "mochawesome": {
      "options": {
        "quiet": false,
        "reportFilename": "mochawesome",
        "saveHtml": true,
        "saveJson": true,
        "consoleReporter": "spec",
        "useInlineDiffs": false,
        "code": true
      },
      "version": "7.1.4"
    },
    "marge": {
      "options": {
        "reportDir": "cypress/results",
        "overwrite": false,
        "html": true,
        "json": true
      },
      "version": "6.3.0"
    }
  }
}