{
  "stats": {
    "suites": 1,
    "tests": 5,
    "passes": 5,
    "pending": 0,
    "failures": 0,
    "start": "2025-10-09T12:53:20.491Z",
    "end": "2025-10-09T12:54:17.896Z",
    "duration": 57405,
    "testsRegistered": 5,
    "passPercent": 100,
    "pendingPercent": 0,
    "other": 0,
    "hasOther": false,
    "skipped": 0,
    "hasSkipped": false
  },
  "results": [
    {
      "uuid": "4534a841-6cde-43a7-ae11-dede66be38c8",
      "title": "",
      "fullFile": "cypress/e2e/api/002 - API Integração Clientes/004 - API Inclusão de SM REST/002.api-inclusao-SM-erros-rest.cy.js",
      "file": "cypress/e2e/api/002 - API Integração Clientes/004 - API Inclusão de SM REST/002.api-inclusao-SM-erros-rest.cy.js",
      "beforeHooks": [],
      "afterHooks": [],
      "tests": [],
      "suites": [
        {
          "uuid": "cd7b5dc6-71ff-4c05-8a87-799859ae9dd6",
          "title": "Integração Clientes - API Inclusão de SM REST erros",
          "fullFile": "",
          "file": "",
          "beforeHooks": [],
          "afterHooks": [],
          "tests": [
            {
              "title": "Realizar requisição com corpo vazio",
              "fullTitle": "Integração Clientes - API Inclusão de SM REST erros Realizar requisição com corpo vazio",
              "timedOut": null,
              "duration": 8652,
              "state": "passed",
              "speed": "medium",
              "pass": true,
              "fail": false,
              "pending": false,
              "context": null,
              "code": "return cy.api({\n  method: \"POST\",\n  url: APIclientes.InclusãoSmRest,\n  body: {}\n}).then(r => {\n  expect(r.body.sucesso).to.be.null;\n  expect(r.body.erros).to.include(\"Dados incorretos\");\n});",
              "err": {},
              "uuid": "dd2737c6-5d59-4e5b-9e8b-47f013bab568",
              "parentUUID": "cd7b5dc6-71ff-4c05-8a87-799859ae9dd6",
              "isHook": false,
              "skipped": false
            },
            {
              "title": "Realizar requisição com Token inválido",
              "fullTitle": "Integração Clientes - API Inclusão de SM REST erros Realizar requisição com Token inválido",
              "timedOut": null,
              "duration": 2100,
              "state": "passed",
              "speed": "fast",
              "pass": true,
              "fail": false,
              "pending": false,
              "context": null,
              "code": "requisicaoPadrao({\n  token: \"123\"\n}).then(r => {\n  expect(r.body.sucesso).to.be.null;\n  expect(r.body.erros).to.include(\"O token informado não confere com o cnpj do cliente\");\n});",
              "err": {},
              "uuid": "6be8d137-f9ce-4a09-9134-d3ea69fddbfb",
              "parentUUID": "cd7b5dc6-71ff-4c05-8a87-799859ae9dd6",
              "isHook": false,
              "skipped": false
            },
            {
              "title": "Realizar requisição com CNPJ inválido",
              "fullTitle": "Integração Clientes - API Inclusão de SM REST erros Realizar requisição com CNPJ inválido",
              "timedOut": null,
              "duration": 2394,
              "state": "passed",
              "speed": "fast",
              "pass": true,
              "fail": false,
              "pending": false,
              "context": null,
              "code": "requisicaoPadrao({\n  cnpj: \"123\"\n}).then(r => {\n  expect(r.body.sucesso).to.be.null;\n  expect(r.body.erros).to.include(\"O token informado não confere com o cnpj do cliente\");\n});",
              "err": {},
              "uuid": "7ed7b17f-bfe6-400e-97e1-6ec23cd3895a",
              "parentUUID": "cd7b5dc6-71ff-4c05-8a87-799859ae9dd6",
              "isHook": false,
              "skipped": false
            },
            {
              "title": "Realizar requisição com a previsão de início sendo uma data no passado.",
              "fullTitle": "Integração Clientes - API Inclusão de SM REST erros Realizar requisição com a previsão de início sendo uma data no passado.",
              "timedOut": null,
              "duration": 38295,
              "state": "passed",
              "speed": "slow",
              "pass": true,
              "fail": false,
              "pending": false,
              "context": null,
              "code": "requisicaoPadrao({\n  prevInicio: \"03/01/2025 15:50:00\"\n}).then(r => {\n  expect(r.body.sucesso).to.be.null;\n  expect(r.body.erros).to.include(\"Previsão de início não deve ser menor que a data e hora atual;\\nA diferença entre a previsão de início e de fim não pode ultrapassar 120 dias\");\n});",
              "err": {},
              "uuid": "3dbb5716-aa79-4321-a19f-1c3c8d4f72dc",
              "parentUUID": "cd7b5dc6-71ff-4c05-8a87-799859ae9dd6",
              "isHook": false,
              "skipped": false
            },
            {
              "title": "Realizar requsição com a previsão de chegada sendo uma data no passado.",
              "fullTitle": "Integração Clientes - API Inclusão de SM REST erros Realizar requsição com a previsão de chegada sendo uma data no passado.",
              "timedOut": null,
              "duration": 5466,
              "state": "passed",
              "speed": "medium",
              "pass": true,
              "fail": false,
              "pending": false,
              "context": null,
              "code": "requisicaoPadrao({\n  prevChegada: \"03/01/2025 15:50:00\"\n}).then(r => {\n  expect(r.body.sucesso).to.be.null;\n  expect(r.body.erros).to.include(\"Data de previsão menor que a data de inicio\");\n});",
              "err": {},
              "uuid": "cb49f2ce-a1ca-461e-b1c7-ee8065d05f24",
              "parentUUID": "cd7b5dc6-71ff-4c05-8a87-799859ae9dd6",
              "isHook": false,
              "skipped": false
            }
          ],
          "suites": [],
          "passes": [
            "dd2737c6-5d59-4e5b-9e8b-47f013bab568",
            "6be8d137-f9ce-4a09-9134-d3ea69fddbfb",
            "7ed7b17f-bfe6-400e-97e1-6ec23cd3895a",
            "3dbb5716-aa79-4321-a19f-1c3c8d4f72dc",
            "cb49f2ce-a1ca-461e-b1c7-ee8065d05f24"
          ],
          "failures": [],
          "pending": [],
          "skipped": [],
          "duration": 56907,
          "root": false,
          "rootEmpty": false,
          "_timeout": 2000
        }
      ],
      "passes": [],
      "failures": [],
      "pending": [],
      "skipped": [],
      "duration": 0,
      "root": true,
      "rootEmpty": true,
      "_timeout": 2000
    }
  ],
  "meta": {
    "mocha": {
      "version": "7.2.0"
    },
    "mochawesome": {
      "options": {
        "quiet": false,
        "reportFilename": "mochawesome",
        "saveHtml": true,
        "saveJson": true,
        "consoleReporter": "spec",
        "useInlineDiffs": false,
        "code": true
      },
      "version": "7.1.4"
    },
    "marge": {
      "options": {
        "reportDir": "cypress/results",
        "overwrite": false,
        "html": true,
        "json": true
      },
      "version": "6.3.0"
    }
  }
}