{
  "stats": {
    "suites": 1,
    "tests": 1,
    "passes": 1,
    "pending": 0,
    "failures": 0,
    "start": "2025-10-22T12:10:15.677Z",
    "end": "2025-10-22T12:10:22.314Z",
    "duration": 6637,
    "testsRegistered": 1,
    "passPercent": 100,
    "pendingPercent": 0,
    "other": 0,
    "hasOther": false,
    "skipped": 0,
    "hasSkipped": false
  },
  "results": [
    {
      "uuid": "db7418ac-18ca-4483-a363-4e4c57604529",
      "title": "",
      "fullFile": "cypress/e2e/api/002 - API Integração Clientes/003 - API Consulta entrega/001.api-consulta-entrega-soap.cy.js",
      "file": "cypress/e2e/api/002 - API Integração Clientes/003 - API Consulta entrega/001.api-consulta-entrega-soap.cy.js",
      "beforeHooks": [],
      "afterHooks": [],
      "tests": [],
      "suites": [
        {
          "uuid": "8961232c-93f5-4eec-b396-8ea8d64fa19e",
          "title": "Integração Clientes - API Consulta entrega SOAP",
          "fullFile": "",
          "file": "",
          "beforeHooks": [],
          "afterHooks": [],
          "tests": [
            {
              "title": "Consulta entrega com sucesso",
              "fullTitle": "Integração Clientes - API Consulta entrega SOAP Consulta entrega com sucesso",
              "timedOut": null,
              "duration": 6264,
              "state": "passed",
              "speed": "medium",
              "pass": true,
              "fail": false,
              "pending": false,
              "context": null,
              "code": "cy.api({\n  method: \"POST\",\n  url: url,\n  body: payload\n}).then(r => {\n  const viagem = r.body.match(/<status_viagem>([\\s\\S]*?)<\\/status_viagem>/)[1].trim();\n  const latitude = r.body.match(/<origem_latitude>([\\s\\S]*?)<\\/origem_latitude>/)[1].trim();\n  const longitude = r.body.match(/<origem_longitude>([\\s\\S]*?)<\\/origem_longitude>/)[1].trim();\n  expect(r.status).to.eq(200);\n  expect(viagem).to.be.oneOf([\"agendado\", \"Cancelado\"]);\n  expect(latitude).to.exist;\n  expect(latitude).to.not.be.empty;\n  expect(longitude).to.exist;\n  expect(longitude).to.not.be.empty;\n});",
              "err": {},
              "uuid": "5e080f47-a409-4f8b-aef3-5926a4c06125",
              "parentUUID": "8961232c-93f5-4eec-b396-8ea8d64fa19e",
              "isHook": false,
              "skipped": false
            }
          ],
          "suites": [],
          "passes": [
            "5e080f47-a409-4f8b-aef3-5926a4c06125"
          ],
          "failures": [],
          "pending": [],
          "skipped": [],
          "duration": 6264,
          "root": false,
          "rootEmpty": false,
          "_timeout": 2000
        }
      ],
      "passes": [],
      "failures": [],
      "pending": [],
      "skipped": [],
      "duration": 0,
      "root": true,
      "rootEmpty": true,
      "_timeout": 2000
    }
  ],
  "meta": {
    "mocha": {
      "version": "7.2.0"
    },
    "mochawesome": {
      "options": {
        "quiet": false,
        "reportFilename": "mochawesome",
        "saveHtml": true,
        "saveJson": true,
        "consoleReporter": "spec",
        "useInlineDiffs": false,
        "code": true
      },
      "version": "7.1.4"
    },
    "marge": {
      "options": {
        "reportDir": "cypress/results",
        "overwrite": false,
        "html": true,
        "json": true
      },
      "version": "6.3.0"
    }
  }
}