{
  "stats": {
    "suites": 1,
    "tests": 1,
    "passes": 1,
    "pending": 0,
    "failures": 0,
    "start": "2025-10-03T18:20:04.740Z",
    "end": "2025-10-03T18:21:03.135Z",
    "duration": 58395,
    "testsRegistered": 1,
    "passPercent": 100,
    "pendingPercent": 0,
    "other": 0,
    "hasOther": false,
    "skipped": 0,
    "hasSkipped": false
  },
  "results": [
    {
      "uuid": "f6c161ec-8daf-4a08-b6ef-913046a4ecc4",
      "title": "",
      "fullFile": "cypress/e2e/api/002 - API Integração Clientes/004 - API Inclusão de SM REST/001.api-inclusao-sm-rest.cy.js",
      "file": "cypress/e2e/api/002 - API Integração Clientes/004 - API Inclusão de SM REST/001.api-inclusao-sm-rest.cy.js",
      "beforeHooks": [],
      "afterHooks": [],
      "tests": [],
      "suites": [
        {
          "uuid": "9b6529cc-a25c-4dad-b55f-55339f4bc859",
          "title": "Integração Clientes - API Inclusão de SM REST",
          "fullFile": "",
          "file": "",
          "beforeHooks": [],
          "afterHooks": [],
          "tests": [
            {
              "title": "Validação de retorno 200OK, criar sm com sucesso API",
              "fullTitle": "Integração Clientes - API Inclusão de SM REST Validação de retorno 200OK, criar sm com sucesso API",
              "timedOut": null,
              "duration": 58179,
              "state": "passed",
              "speed": "slow",
              "pass": true,
              "fail": false,
              "pending": false,
              "context": null,
              "code": "cy.api({\n  method: \"POST\",\n  url: APIclientes.InclusãoSmRest,\n  timeout: 120000,\n  body: payload\n}).then(r => {\n  expect(r.status).to.eq(200);\n  cy.log(r.body);\n  expect(r.body.sucesso).to.match(/^\\d{8}$/);\n  cy.log(\"A chave 'sucesso' está no formato esperado: 8 números.\");\n});",
              "err": {},
              "uuid": "4c1c6dc7-1255-4994-8387-f2a01595d3f0",
              "parentUUID": "9b6529cc-a25c-4dad-b55f-55339f4bc859",
              "isHook": false,
              "skipped": false
            }
          ],
          "suites": [],
          "passes": [
            "4c1c6dc7-1255-4994-8387-f2a01595d3f0"
          ],
          "failures": [],
          "pending": [],
          "skipped": [],
          "duration": 58179,
          "root": false,
          "rootEmpty": false,
          "_timeout": 2000
        }
      ],
      "passes": [],
      "failures": [],
      "pending": [],
      "skipped": [],
      "duration": 0,
      "root": true,
      "rootEmpty": true,
      "_timeout": 2000
    }
  ],
  "meta": {
    "mocha": {
      "version": "7.2.0"
    },
    "mochawesome": {
      "options": {
        "quiet": false,
        "reportFilename": "mochawesome",
        "saveHtml": true,
        "saveJson": true,
        "consoleReporter": "spec",
        "useInlineDiffs": false,
        "code": true
      },
      "version": "7.1.4"
    },
    "marge": {
      "options": {
        "reportDir": "cypress/results",
        "overwrite": false,
        "html": true,
        "json": true
      },
      "version": "6.3.0"
    }
  }
}