{
  "stats": {
    "suites": 1,
    "tests": 2,
    "passes": 2,
    "pending": 0,
    "failures": 0,
    "start": "2025-10-20T22:11:46.316Z",
    "end": "2025-10-20T22:11:48.967Z",
    "duration": 2651,
    "testsRegistered": 2,
    "passPercent": 100,
    "pendingPercent": 0,
    "other": 0,
    "hasOther": false,
    "skipped": 0,
    "hasSkipped": false
  },
  "results": [
    {
      "uuid": "70aa733b-a3f8-4825-ae7b-2c3143456c26",
      "title": "",
      "fullFile": "cypress/e2e/api/001 - API Core V3/002 - API V3 -  Inclusão de ficha profissional/002.apiV3-inclusaoFicha-b.check-erros.cy.js",
      "file": "cypress/e2e/api/001 - API Core V3/002 - API V3 -  Inclusão de ficha profissional/002.apiV3-inclusaoFicha-b.check-erros.cy.js",
      "beforeHooks": [],
      "afterHooks": [],
      "tests": [],
      "suites": [
        {
          "uuid": "135183c5-51a1-4bfd-b541-cd96b8229d4c",
          "title": "API CORE V3 - Inclusão ficha do profissional BC - erros",
          "fullFile": "",
          "file": "",
          "beforeHooks": [],
          "afterHooks": [],
          "tests": [
            {
              "title": "Inclusão de ficha com body inválido",
              "fullTitle": "API CORE V3 - Inclusão ficha do profissional BC - erros Inclusão de ficha com body inválido",
              "timedOut": null,
              "duration": 1231,
              "state": "passed",
              "speed": "fast",
              "pass": true,
              "fail": false,
              "pending": false,
              "context": null,
              "code": "cy.get(\"@tokenBC\").then(token => {\n  cy.api({\n    method: \"POST\",\n    url: url,\n    headers: {\n      Authorization: `Bearer ${token}`\n    },\n    body: {},\n    failOnStatusCode: false\n  }).then(r => {\n    expect(r.status).to.eq(400);\n  });\n});",
              "err": {},
              "uuid": "5be5124b-bf60-4e94-ac56-97612e421ab9",
              "parentUUID": "135183c5-51a1-4bfd-b541-cd96b8229d4c",
              "isHook": false,
              "skipped": false
            },
            {
              "title": "Inclusão de ficha com token expirado",
              "fullTitle": "API CORE V3 - Inclusão ficha do profissional BC - erros Inclusão de ficha com token expirado",
              "timedOut": null,
              "duration": 795,
              "state": "passed",
              "speed": "fast",
              "pass": true,
              "fail": false,
              "pending": false,
              "context": null,
              "code": "cy.api({\n  method: \"POST\",\n  url: url,\n  headers: {\n    Authorization: `Bearer eyJ0eXAiOiJKV1QiLCJhbGciOiJIUzI1NiJ9.eyJjb2RpZ28iOjIzODY1OCwiYXBlbGlkbyI6ImF1dG9tYXRpemFkby5iY2hlY2siLCJjb2RpZ29fY2xpZW50ZSI6NTgwMSwidGlwb191c3VhcmlvIjoiZXh0ZXJubyIsImNvZGlnb19kb2N1bWVudG8iOiIwNjMyNjAyNTAwMDE2NiIsImNvZGlnb19zZWd1cmFkb3JhIjoiMjciLCJjb2RpZ29fY29ycmV0b3JhIjoiNDQzMiIsImNvZGlnb19maWxpYWwiOm51bGwsImRvY3VtZW50b19iYXNlIjoiMDYzMjYwMjUiLCJ0b2tlbiI6ImY3MzNhZTczYjNhYjc5NzJkNjNhYTg5YTQ0NzEwNjk0IiwibnN0ZWNoIjoiIiwiYXR1YWxpemFyIjpmYWxzZSwic2lzdGVtYSI6bnVsbCwiZXhwIjoxNzQyNDE3MDc2fQ.QISjNzMNoHEinEkh4VhhqHBu327WQHVh7X6n8gYa8Hk`\n  },\n  body: {},\n  failOnStatusCode: false\n}).then(r => {\n  expect(r.status).to.eq(401);\n  expect(r.body).to.include(\"Token Expirado\");\n});",
              "err": {},
              "uuid": "f379e622-013b-42d3-b852-bacf9abf1c84",
              "parentUUID": "135183c5-51a1-4bfd-b541-cd96b8229d4c",
              "isHook": false,
              "skipped": false
            }
          ],
          "suites": [],
          "passes": [
            "5be5124b-bf60-4e94-ac56-97612e421ab9",
            "f379e622-013b-42d3-b852-bacf9abf1c84"
          ],
          "failures": [],
          "pending": [],
          "skipped": [],
          "duration": 2026,
          "root": false,
          "rootEmpty": false,
          "_timeout": 2000
        }
      ],
      "passes": [],
      "failures": [],
      "pending": [],
      "skipped": [],
      "duration": 0,
      "root": true,
      "rootEmpty": true,
      "_timeout": 2000
    }
  ],
  "meta": {
    "mocha": {
      "version": "7.2.0"
    },
    "mochawesome": {
      "options": {
        "quiet": false,
        "reportFilename": "mochawesome",
        "saveHtml": true,
        "saveJson": true,
        "consoleReporter": "spec",
        "useInlineDiffs": false,
        "code": true
      },
      "version": "7.1.4"
    },
    "marge": {
      "options": {
        "reportDir": "cypress/results",
        "overwrite": false,
        "html": true,
        "json": true
      },
      "version": "6.3.0"
    }
  }
}