{
  "stats": {
    "suites": 1,
    "tests": 5,
    "passes": 5,
    "pending": 0,
    "failures": 0,
    "start": "2025-10-13T12:32:16.806Z",
    "end": "2025-10-13T12:32:21.813Z",
    "duration": 5007,
    "testsRegistered": 5,
    "passPercent": 100,
    "pendingPercent": 0,
    "other": 0,
    "hasOther": false,
    "skipped": 0,
    "hasSkipped": false
  },
  "results": [
    {
      "uuid": "dd82b358-22a7-42e9-bcfc-ddcc6fe42791",
      "title": "",
      "fullFile": "cypress/e2e/api/002 - API Integração Clientes/007 - API Acompanhamento de viagem/002.api-acompanhamento-viagem-erros.cy.js",
      "file": "cypress/e2e/api/002 - API Integração Clientes/007 - API Acompanhamento de viagem/002.api-acompanhamento-viagem-erros.cy.js",
      "beforeHooks": [],
      "afterHooks": [],
      "tests": [],
      "suites": [
        {
          "uuid": "7aebbcc1-5c4a-45fc-9004-444aa58095b7",
          "title": "Integração Clientes - API Acompanhamento de viagem erros,",
          "fullFile": "",
          "file": "",
          "beforeHooks": [],
          "afterHooks": [],
          "tests": [
            {
              "title": "Validação de retorno: Buscar acompanhamento com token expirado ou inválido",
              "fullTitle": "Integração Clientes - API Acompanhamento de viagem erros, Validação de retorno: Buscar acompanhamento com token expirado ou inválido",
              "timedOut": null,
              "duration": 924,
              "state": "passed",
              "speed": "fast",
              "pass": true,
              "fail": false,
              "pending": false,
              "context": null,
              "code": "cy.api({\n  method: \"POST\",\n  url: `${url}&limit=0`,\n  headers: {\n    Authorization: `Bearer 123`\n  },\n  body: {\n    CnpjCliente: cnpjCliente,\n    DataInicio: formatarDataV2(),\n    DataFim: formatarDataChegadaV2(),\n    status: [1, 2, 3, 4, 5, 6]\n  },\n  failOnStatusCode: false\n}).then(r => {\n  expect(r.status).to.eq(401);\n});",
              "err": {},
              "uuid": "5b74eacd-c989-4fd8-adfd-42449462d02c",
              "parentUUID": "7aebbcc1-5c4a-45fc-9004-444aa58095b7",
              "isHook": false,
              "skipped": false
            },
            {
              "title": "Validação de retorno: Buscar acompanhamento com body vazio",
              "fullTitle": "Integração Clientes - API Acompanhamento de viagem erros, Validação de retorno: Buscar acompanhamento com body vazio",
              "timedOut": null,
              "duration": 648,
              "state": "passed",
              "speed": "fast",
              "pass": true,
              "fail": false,
              "pending": false,
              "context": null,
              "code": "cy.get(\"@tokenBC\").then(token => {\n  cy.api({\n    method: \"POST\",\n    url: `${url}&limit=1`,\n    headers: {\n      Authorization: `Bearer ${token}`\n    },\n    body: \"\",\n    failOnStatusCode: false\n  }).then(r => {\n    expect(r.status).to.eq(415);\n  });\n});",
              "err": {},
              "uuid": "525efd9d-9659-47d7-82f9-3b848cda5d65",
              "parentUUID": "7aebbcc1-5c4a-45fc-9004-444aa58095b7",
              "isHook": false,
              "skipped": false
            },
            {
              "title": "Validação de retorno: Buscar acompanhamento com body vazio II",
              "fullTitle": "Integração Clientes - API Acompanhamento de viagem erros, Validação de retorno: Buscar acompanhamento com body vazio II",
              "timedOut": null,
              "duration": 508,
              "state": "passed",
              "speed": "fast",
              "pass": true,
              "fail": false,
              "pending": false,
              "context": null,
              "code": "cy.get(\"@tokenBC\").then(token => {\n  cy.api({\n    method: \"POST\",\n    url: `${url}&limit=1`,\n    headers: {\n      Authorization: `Bearer ${token}`\n    },\n    body: {},\n    failOnStatusCode: false\n  }).then(r => {\n    expect(r.status).to.eq(400);\n  });\n});",
              "err": {},
              "uuid": "1f5de9e5-c8f4-4eb5-9507-888f24cf270b",
              "parentUUID": "7aebbcc1-5c4a-45fc-9004-444aa58095b7",
              "isHook": false,
              "skipped": false
            },
            {
              "title": "Validação de retorno: Payload com campos obrigatórios ausentes",
              "fullTitle": "Integração Clientes - API Acompanhamento de viagem erros, Validação de retorno: Payload com campos obrigatórios ausentes",
              "timedOut": null,
              "duration": 1508,
              "state": "passed",
              "speed": "fast",
              "pass": true,
              "fail": false,
              "pending": false,
              "context": null,
              "code": "cy.get(\"@tokenBC\").then(token => {\n  cy.api({\n    method: \"POST\",\n    url: `${url}&limit=1`,\n    headers: {\n      Authorization: `Bearer ${token}`\n    },\n    body: {\n      DataInicio: formatarDataV2(),\n      DataFim: formatarDataChegadaV2(),\n      status: [1, 2, 3, 4, 5, 6]\n    },\n    failOnStatusCode: false\n  }).then(r => {\n    expect(r.status).to.eq(404);\n  });\n});",
              "err": {},
              "uuid": "4087019c-c559-4657-afe0-2c4b963b57b8",
              "parentUUID": "7aebbcc1-5c4a-45fc-9004-444aa58095b7",
              "isHook": false,
              "skipped": false
            },
            {
              "title": "Validação de retorno: Payload com campos obrigatórios vazios",
              "fullTitle": "Integração Clientes - API Acompanhamento de viagem erros, Validação de retorno: Payload com campos obrigatórios vazios",
              "timedOut": null,
              "duration": 919,
              "state": "passed",
              "speed": "fast",
              "pass": true,
              "fail": false,
              "pending": false,
              "context": null,
              "code": "cy.get(\"@tokenBC\").then(token => {\n  cy.api({\n    method: \"POST\",\n    url: `${url}&limit=1`,\n    headers: {\n      Authorization: `Bearer ${token}`\n    },\n    body: {\n      DataInicio: \"\",\n      DataFim: formatarDataChegadaV2(),\n      status: [1, 2, 3, 4, 5, 6]\n    },\n    failOnStatusCode: false\n  }).then(r => {\n    expect(r.status).to.eq(500);\n  });\n});",
              "err": {},
              "uuid": "397f3824-ef5a-434b-b707-21ea0dccf8c5",
              "parentUUID": "7aebbcc1-5c4a-45fc-9004-444aa58095b7",
              "isHook": false,
              "skipped": false
            }
          ],
          "suites": [],
          "passes": [
            "5b74eacd-c989-4fd8-adfd-42449462d02c",
            "525efd9d-9659-47d7-82f9-3b848cda5d65",
            "1f5de9e5-c8f4-4eb5-9507-888f24cf270b",
            "4087019c-c559-4657-afe0-2c4b963b57b8",
            "397f3824-ef5a-434b-b707-21ea0dccf8c5"
          ],
          "failures": [],
          "pending": [],
          "skipped": [],
          "duration": 4507,
          "root": false,
          "rootEmpty": false,
          "_timeout": 2000
        }
      ],
      "passes": [],
      "failures": [],
      "pending": [],
      "skipped": [],
      "duration": 0,
      "root": true,
      "rootEmpty": true,
      "_timeout": 2000
    }
  ],
  "meta": {
    "mocha": {
      "version": "7.2.0"
    },
    "mochawesome": {
      "options": {
        "quiet": false,
        "reportFilename": "mochawesome",
        "saveHtml": true,
        "saveJson": true,
        "consoleReporter": "spec",
        "useInlineDiffs": false,
        "code": true
      },
      "version": "7.1.4"
    },
    "marge": {
      "options": {
        "reportDir": "cypress/results",
        "overwrite": false,
        "html": true,
        "json": true
      },
      "version": "6.3.0"
    }
  }
}