{
  "stats": {
    "suites": 1,
    "tests": 4,
    "passes": 4,
    "pending": 0,
    "failures": 0,
    "start": "2025-10-07T19:52:39.210Z",
    "end": "2025-10-07T19:52:40.447Z",
    "duration": 1237,
    "testsRegistered": 4,
    "passPercent": 100,
    "pendingPercent": 0,
    "other": 0,
    "hasOther": false,
    "skipped": 0,
    "hasSkipped": false
  },
  "results": [
    {
      "uuid": "28fc3e38-1830-49a4-ae82-905e8cc091fd",
      "title": "",
      "fullFile": "cypress/e2e/api/001 - API Core V3/001 - API V3 - Login Buonny Check/002.apiV3-login-b.check-erros.cy.js",
      "file": "cypress/e2e/api/001 - API Core V3/001 - API V3 - Login Buonny Check/002.apiV3-login-b.check-erros.cy.js",
      "beforeHooks": [],
      "afterHooks": [],
      "tests": [],
      "suites": [
        {
          "uuid": "eb243fb0-c6ee-4ff4-b138-98d19e14d1c2",
          "title": "API CORE V3 - Login Buonny Check - validação de erros ",
          "fullFile": "",
          "file": "",
          "beforeHooks": [],
          "afterHooks": [],
          "tests": [
            {
              "title": "Login senha inválida",
              "fullTitle": "API CORE V3 - Login Buonny Check - validação de erros  Login senha inválida",
              "timedOut": null,
              "duration": 465,
              "state": "passed",
              "speed": "fast",
              "pass": true,
              "fail": false,
              "pending": false,
              "context": null,
              "code": "cy.api({\n  method: \"POST\",\n  url: url,\n  body: {\n    usuario: Cypress.env(\"user_nameBC\"),\n    senha: \"123\"\n  },\n  failOnStatusCode: false\n}).then(r => {\n  expect(r.status).to.eq(404);\n  expect(r.body).to.have.nested.property(\"message.Usuario._warning\", \"Usuário ou senha inválidos.\");\n});",
              "err": {},
              "uuid": "9a28fda3-ce49-4d0e-923a-ed4ca09771e7",
              "parentUUID": "eb243fb0-c6ee-4ff4-b138-98d19e14d1c2",
              "isHook": false,
              "skipped": false
            },
            {
              "title": "Login usuário inexistente",
              "fullTitle": "API CORE V3 - Login Buonny Check - validação de erros  Login usuário inexistente",
              "timedOut": null,
              "duration": 362,
              "state": "passed",
              "speed": "fast",
              "pass": true,
              "fail": false,
              "pending": false,
              "context": null,
              "code": "cy.api({\n  method: \"POST\",\n  url: url,\n  body: {\n    usuario: \"/\",\n    senha: Cypress.env(\"user_passwordBC\")\n  },\n  failOnStatusCode: false\n}).then(r => {\n  expect(r.status).to.eq(404);\n  expect(r.body).to.have.nested.property(\"message.Usuario._warning\", \"Usuário não encontrado.\");\n});",
              "err": {},
              "uuid": "3392c6a4-0147-4a90-9202-41bf6d6ec05f",
              "parentUUID": "eb243fb0-c6ee-4ff4-b138-98d19e14d1c2",
              "isHook": false,
              "skipped": false
            },
            {
              "title": "Login com usuário vazio",
              "fullTitle": "API CORE V3 - Login Buonny Check - validação de erros  Login com usuário vazio",
              "timedOut": null,
              "duration": 94,
              "state": "passed",
              "speed": "fast",
              "pass": true,
              "fail": false,
              "pending": false,
              "context": null,
              "code": "cy.api({\n  method: \"POST\",\n  url: url,\n  body: {\n    usuario: \"\",\n    senha: Cypress.env(\"user_passwordBC\")\n  },\n  failOnStatusCode: false\n}).then(r => {\n  expect(r.status).to.eq(400);\n  expect(r.body).to.have.nested.property(\"message.usuario._error\", \"Usuario precisam ser preenchido.\");\n});",
              "err": {},
              "uuid": "7c86f412-cdc8-4f3d-af2b-22b185e27304",
              "parentUUID": "eb243fb0-c6ee-4ff4-b138-98d19e14d1c2",
              "isHook": false,
              "skipped": false
            },
            {
              "title": "Login com senha vazia",
              "fullTitle": "API CORE V3 - Login Buonny Check - validação de erros  Login com senha vazia",
              "timedOut": null,
              "duration": 131,
              "state": "passed",
              "speed": "fast",
              "pass": true,
              "fail": false,
              "pending": false,
              "context": null,
              "code": "cy.api({\n  method: \"POST\",\n  url: url,\n  body: {\n    usuario: Cypress.env(\"user_nameBC\"),\n    senha: \"\"\n  },\n  failOnStatusCode: false\n}).then(r => {\n  expect(r.status).to.eq(400);\n  expect(r.body).to.have.nested.property(\"message.senha._error\", \"Senha precisa ser prenchida.\");\n});",
              "err": {},
              "uuid": "fca3b5be-977b-4a13-a8fe-984237f3930a",
              "parentUUID": "eb243fb0-c6ee-4ff4-b138-98d19e14d1c2",
              "isHook": false,
              "skipped": false
            }
          ],
          "suites": [],
          "passes": [
            "9a28fda3-ce49-4d0e-923a-ed4ca09771e7",
            "3392c6a4-0147-4a90-9202-41bf6d6ec05f",
            "7c86f412-cdc8-4f3d-af2b-22b185e27304",
            "fca3b5be-977b-4a13-a8fe-984237f3930a"
          ],
          "failures": [],
          "pending": [],
          "skipped": [],
          "duration": 1052,
          "root": false,
          "rootEmpty": false,
          "_timeout": 2000
        }
      ],
      "passes": [],
      "failures": [],
      "pending": [],
      "skipped": [],
      "duration": 0,
      "root": true,
      "rootEmpty": true,
      "_timeout": 2000
    }
  ],
  "meta": {
    "mocha": {
      "version": "7.2.0"
    },
    "mochawesome": {
      "options": {
        "quiet": false,
        "reportFilename": "mochawesome",
        "saveHtml": true,
        "saveJson": true,
        "consoleReporter": "spec",
        "useInlineDiffs": false,
        "code": true
      },
      "version": "7.1.4"
    },
    "marge": {
      "options": {
        "reportDir": "cypress/results",
        "overwrite": false,
        "html": true,
        "json": true
      },
      "version": "6.3.0"
    }
  }
}