{
  "stats": {
    "suites": 1,
    "tests": 7,
    "passes": 7,
    "pending": 0,
    "failures": 0,
    "start": "2025-10-20T12:52:50.770Z",
    "end": "2025-10-20T12:53:29.567Z",
    "duration": 38797,
    "testsRegistered": 7,
    "passPercent": 100,
    "pendingPercent": 0,
    "other": 0,
    "hasOther": false,
    "skipped": 0,
    "hasSkipped": false
  },
  "results": [
    {
      "uuid": "7e227476-6ed6-41b4-99fb-0e6b61dd38aa",
      "title": "",
      "fullFile": "cypress/e2e/api/002 - API Integração Clientes/001 - API Ficha Profisssional/002.api-inclusao-ficha-erros-soap.cy.js",
      "file": "cypress/e2e/api/002 - API Integração Clientes/001 - API Ficha Profisssional/002.api-inclusao-ficha-erros-soap.cy.js",
      "beforeHooks": [],
      "afterHooks": [],
      "tests": [],
      "suites": [
        {
          "uuid": "8562fc7a-857a-4294-829d-40fa6f5fd7de",
          "title": "Integração Clientes - API Inclusão de Ficha do Profissional - Validação de Erros",
          "fullFile": "",
          "file": "",
          "beforeHooks": [],
          "afterHooks": [],
          "tests": [
            {
              "title": "Validação de erro: Corpo da requisição (vazio)",
              "fullTitle": "Integração Clientes - API Inclusão de Ficha do Profissional - Validação de Erros Validação de erro: Corpo da requisição (vazio)",
              "timedOut": null,
              "duration": 2311,
              "state": "passed",
              "speed": "fast",
              "pass": true,
              "fail": false,
              "pending": false,
              "context": null,
              "code": "cy.api({\n  method: \"POST\",\n  url: url,\n  body: \"\",\n  failOnStatusCode: false\n}).then(r => {\n  const faultcode = r.body.match(/<faultcode>([\\s\\S]*?)<\\/faultcode>/)[1].trim();\n  const faultstring = r.body.match(/<faultstring>([\\s\\S]*?)<\\/faultstring>/)[1].trim();\n  expect(r.status).to.eq(500);\n  expect(faultcode).to.eq(\"SOAP-ENV:Client\");\n  expect(faultstring).to.eq(\"Bad Request\");\n});",
              "err": {},
              "uuid": "0b833498-4e92-4052-b23b-9406947c6d34",
              "parentUUID": "8562fc7a-857a-4294-829d-40fa6f5fd7de",
              "isHook": false,
              "skipped": false
            },
            {
              "title": "Validação de erro: CNPJ do Cliente (vazio)",
              "fullTitle": "Integração Clientes - API Inclusão de Ficha do Profissional - Validação de Erros Validação de erro: CNPJ do Cliente (vazio)",
              "timedOut": null,
              "duration": 2855,
              "state": "passed",
              "speed": "fast",
              "pass": true,
              "fail": false,
              "pending": false,
              "context": null,
              "code": "const payloadModificado = soapPayload.replace(`<inc:cnpj_cliente>${cnpjCliente}</inc:cnpj_cliente>`, `<inc:cnpj_cliente></inc:cnpj_cliente>`);\ncy.api({\n  method: \"POST\",\n  url: url,\n  body: payloadModificado,\n  failOnStatusCode: false\n}).then(r => {\n  const faultcode = r.body.match(/<faultcode>([\\s\\S]*?)<\\/faultcode>/)[1].trim();\n  const faultstring = r.body.match(/<faultstring>([\\s\\S]*?)<\\/faultstring>/)[1].trim();\n  cy.log(r.body);\n  expect(r.status).to.eq(500);\n  expect(faultcode).to.eq(\"ns1:1\");\n  expect(faultstring).to.be.oneOf([\"CNPJ Cliente não informado ou XML Inválido\", \"O token informado não confere com o cnpj do cliente\"]);\n});",
              "err": {},
              "uuid": "e3b63bd3-1731-4609-bdb4-58dada36b838",
              "parentUUID": "8562fc7a-857a-4294-829d-40fa6f5fd7de",
              "isHook": false,
              "skipped": false
            },
            {
              "title": "Validação de erro: CNPJ do Embarcador (vazio) ou (inválido)",
              "fullTitle": "Integração Clientes - API Inclusão de Ficha do Profissional - Validação de Erros Validação de erro: CNPJ do Embarcador (vazio) ou (inválido)",
              "timedOut": null,
              "duration": 3918,
              "state": "passed",
              "speed": "fast",
              "pass": true,
              "fail": false,
              "pending": false,
              "context": null,
              "code": "const cnpjs = [\"\", \"abc\"];\nconst cnpj_aleatorio = cnpjs[Math.floor(Math.random() * cnpjs.length)];\nconst payloadModificado = soapPayload.replace(`<inc:cnpj_embarcador>${cnpjCliente}</inc:cnpj_embarcador>`, `<inc:cnpj_embarcador>${cnpj_aleatorio}</inc:cnpj_embarcador>`);\ncy.api({\n  method: \"POST\",\n  url: url,\n  body: payloadModificado,\n  failOnStatusCode: false\n}).then(r => {\n  const faultcode = r.body.match(/<faultcode>([\\s\\S]*?)<\\/faultcode>/)[1].trim();\n  const faultstring = r.body.match(/<faultstring>([\\s\\S]*?)<\\/faultstring>/)[1].trim();\n  expect(r.status).to.eq(500);\n  expect(faultcode).to.eq(\"ns1:1\");\n  expect(faultstring).to.be.oneOf([\"CNPJ Embarcador não informado\", \"O CNPJ Embarcador não está cadastrado\"]);\n});",
              "err": {},
              "uuid": "63e3939c-b70a-4492-9945-5b9da4c1d1d5",
              "parentUUID": "8562fc7a-857a-4294-829d-40fa6f5fd7de",
              "isHook": false,
              "skipped": false
            },
            {
              "title": "Validação de erro: CNPJ do Transportador (vazio) ou (inválido)",
              "fullTitle": "Integração Clientes - API Inclusão de Ficha do Profissional - Validação de Erros Validação de erro: CNPJ do Transportador (vazio) ou (inválido)",
              "timedOut": null,
              "duration": 5264,
              "state": "passed",
              "speed": "medium",
              "pass": true,
              "fail": false,
              "pending": false,
              "context": null,
              "code": "const cnpj = [\"abc\"];\nconst payloadModificado = soapPayload.replace(`<inc:cnpj_transportador>${cnpjTransportador}</inc:cnpj_transportador>`, ` <inc:cnpj_transportador>${cnpj}</inc:cnpj_transportador>`);\ncy.api({\n  method: \"POST\",\n  url: url,\n  body: payloadModificado,\n  failOnStatusCode: false\n}).then(r => {\n  const faultcode = r.body.match(/<faultcode>([\\s\\S]*?)<\\/faultcode>/)[1].trim();\n  const faultstring = r.body.match(/<faultstring>([\\s\\S]*?)<\\/faultstring>/)[1].trim();\n  expect(r.status).to.eq(500);\n  expect(faultcode).to.eq(\"ns1:1\");\n  expect(faultstring).to.be.oneOf([\"O CNPJ Transportador não informado ou XML Inválido\", \"O CNPJ Transportador não está cadastrado\"]);\n});",
              "err": {},
              "uuid": "ec1c947b-a59e-4deb-a158-717f10457f88",
              "parentUUID": "8562fc7a-857a-4294-829d-40fa6f5fd7de",
              "isHook": false,
              "skipped": false
            },
            {
              "title": "Validação de erro: Foto do profissional (vazio)",
              "fullTitle": "Integração Clientes - API Inclusão de Ficha do Profissional - Validação de Erros Validação de erro: Foto do profissional (vazio)",
              "timedOut": null,
              "duration": 4048,
              "state": "passed",
              "speed": "fast",
              "pass": true,
              "fail": false,
              "pending": false,
              "context": null,
              "code": "const payloadModificado = soapPayload.replace(`${imagemBase64}`, \"\");\ncy.api({\n  method: \"POST\",\n  url: url,\n  body: payloadModificado,\n  failOnStatusCode: false\n}).then(r => {\n  const faultcode = r.body.match(/<faultcode>([\\s\\S]*?)<\\/faultcode>/)[1].trim();\n  const faultstring = r.body.match(/<faultstring>([\\s\\S]*?)<\\/faultstring>/)[1].trim();\n  expect(r.status).to.eq(500);\n  expect(faultcode).to.eq(\"ns1:1\");\n  expect(faultstring).to.eq(\"Foto Profissional não informado\");\n});",
              "err": {},
              "uuid": "84430e78-a036-43e7-af18-bc3c2cae65b9",
              "parentUUID": "8562fc7a-857a-4294-829d-40fa6f5fd7de",
              "isHook": false,
              "skipped": false
            },
            {
              "title": "Validação de erro: Foto do profissional (maior que 5MB)",
              "fullTitle": "Integração Clientes - API Inclusão de Ficha do Profissional - Validação de Erros Validação de erro: Foto do profissional (maior que 5MB)",
              "timedOut": null,
              "duration": 13641,
              "state": "passed",
              "speed": "slow",
              "pass": true,
              "fail": false,
              "pending": false,
              "context": null,
              "code": "const payloadModificado = soapPayload.replace(`${imagemBase64}`, `${imagemBase64_5MB}`);\ncy.api({\n  method: \"POST\",\n  url: url,\n  body: payloadModificado,\n  failOnStatusCode: false\n}).then(r => {\n  const faultcode = r.body.match(/<faultcode>([\\s\\S]*?)<\\/faultcode>/)[1].trim();\n  const faultstring = r.body.match(/<faultstring>([\\s\\S]*?)<\\/faultstring>/)[1].trim();\n  expect(r.status).to.eq(500);\n  expect(faultcode).to.eq(\"ns1:1\");\n  expect(faultstring).to.eq(\"Foto Profissional, a imagem deve ter no máximo 5MB.\");\n});",
              "err": {},
              "uuid": "99379c19-f117-40b5-842b-7d0d56dce301",
              "parentUUID": "8562fc7a-857a-4294-829d-40fa6f5fd7de",
              "isHook": false,
              "skipped": false
            },
            {
              "title": "Validação de erro: Documento do profissional (vazio) ou (inválido)",
              "fullTitle": "Integração Clientes - API Inclusão de Ficha do Profissional - Validação de Erros Validação de erro: Documento do profissional (vazio) ou (inválido)",
              "timedOut": null,
              "duration": 4759,
              "state": "passed",
              "speed": "fast",
              "pass": true,
              "fail": false,
              "pending": false,
              "context": null,
              "code": "const documento = [\"\", \"123456789\"];\nconst docAleatorio = documento[Math.floor(Math.random() * documento.length)];\nconst payloadModificado = soapPayload.replace(`<inc:documento>${cpfAleatorio}</inc:documento>`, `<inc:documento>${docAleatorio}</inc:documento>`);\ncy.api({\n  method: \"POST\",\n  url: url,\n  body: payloadModificado,\n  failOnStatusCode: false\n}).then(r => {\n  const faultcode = r.body.match(/<faultcode>([\\s\\S]*?)<\\/faultcode>/)[1].trim();\n  const faultstring = r.body.match(/<faultstring>([\\s\\S]*?)<\\/faultstring>/)[1].trim();\n  expect(r.status).to.eq(500);\n  expect(faultcode).to.eq(\"ns1:1\");\n  expect(faultstring).to.be.oneOf([\"CPF profissional não informado\", \"O CPF do profissional é inválido\"]);\n});",
              "err": {},
              "uuid": "61caaad9-2915-42b3-8a4f-a35f8e371b66",
              "parentUUID": "8562fc7a-857a-4294-829d-40fa6f5fd7de",
              "isHook": false,
              "skipped": false
            }
          ],
          "suites": [],
          "passes": [
            "0b833498-4e92-4052-b23b-9406947c6d34",
            "e3b63bd3-1731-4609-bdb4-58dada36b838",
            "63e3939c-b70a-4492-9945-5b9da4c1d1d5",
            "ec1c947b-a59e-4deb-a158-717f10457f88",
            "84430e78-a036-43e7-af18-bc3c2cae65b9",
            "99379c19-f117-40b5-842b-7d0d56dce301",
            "61caaad9-2915-42b3-8a4f-a35f8e371b66"
          ],
          "failures": [],
          "pending": [],
          "skipped": [],
          "duration": 36796,
          "root": false,
          "rootEmpty": false,
          "_timeout": 2000
        }
      ],
      "passes": [],
      "failures": [],
      "pending": [],
      "skipped": [],
      "duration": 0,
      "root": true,
      "rootEmpty": true,
      "_timeout": 2000
    }
  ],
  "meta": {
    "mocha": {
      "version": "7.2.0"
    },
    "mochawesome": {
      "options": {
        "quiet": false,
        "reportFilename": "mochawesome",
        "saveHtml": true,
        "saveJson": true,
        "consoleReporter": "spec",
        "useInlineDiffs": false,
        "code": true
      },
      "version": "7.1.4"
    },
    "marge": {
      "options": {
        "reportDir": "cypress/results",
        "overwrite": false,
        "html": true,
        "json": true
      },
      "version": "6.3.0"
    }
  }
}