{
  "stats": {
    "suites": 1,
    "tests": 5,
    "passes": 5,
    "pending": 0,
    "failures": 0,
    "start": "2025-10-13T21:11:26.256Z",
    "end": "2025-10-13T21:11:30.993Z",
    "duration": 4737,
    "testsRegistered": 5,
    "passPercent": 100,
    "pendingPercent": 0,
    "other": 0,
    "hasOther": false,
    "skipped": 0,
    "hasSkipped": false
  },
  "results": [
    {
      "uuid": "fa338811-b862-4e73-9ac1-8305934447ff",
      "title": "",
      "fullFile": "cypress/e2e/api/002 - API Integração Clientes/007 - API Acompanhamento de viagem/002.api-acompanhamento-viagem-erros.cy.js",
      "file": "cypress/e2e/api/002 - API Integração Clientes/007 - API Acompanhamento de viagem/002.api-acompanhamento-viagem-erros.cy.js",
      "beforeHooks": [],
      "afterHooks": [],
      "tests": [],
      "suites": [
        {
          "uuid": "f92499a4-8880-461a-801d-bc77ab426836",
          "title": "Integração Clientes - API Acompanhamento de viagem erros,",
          "fullFile": "",
          "file": "",
          "beforeHooks": [],
          "afterHooks": [],
          "tests": [
            {
              "title": "Validação de retorno: Buscar acompanhamento com token expirado ou inválido",
              "fullTitle": "Integração Clientes - API Acompanhamento de viagem erros, Validação de retorno: Buscar acompanhamento com token expirado ou inválido",
              "timedOut": null,
              "duration": 919,
              "state": "passed",
              "speed": "fast",
              "pass": true,
              "fail": false,
              "pending": false,
              "context": null,
              "code": "cy.api({\n  method: \"POST\",\n  url: `${url}&limit=0`,\n  headers: {\n    Authorization: `Bearer 123`\n  },\n  body: {\n    CnpjCliente: cnpjCliente,\n    DataInicio: formatarDataV2(),\n    DataFim: formatarDataChegadaV2(),\n    status: [1, 2, 3, 4, 5, 6]\n  },\n  failOnStatusCode: false\n}).then(r => {\n  expect(r.status).to.eq(401);\n});",
              "err": {},
              "uuid": "362b56be-a746-413d-9f1b-421957092576",
              "parentUUID": "f92499a4-8880-461a-801d-bc77ab426836",
              "isHook": false,
              "skipped": false
            },
            {
              "title": "Validação de retorno: Buscar acompanhamento com body vazio",
              "fullTitle": "Integração Clientes - API Acompanhamento de viagem erros, Validação de retorno: Buscar acompanhamento com body vazio",
              "timedOut": null,
              "duration": 681,
              "state": "passed",
              "speed": "fast",
              "pass": true,
              "fail": false,
              "pending": false,
              "context": null,
              "code": "cy.get(\"@tokenBC\").then(token => {\n  cy.api({\n    method: \"POST\",\n    url: `${url}&limit=1`,\n    headers: {\n      Authorization: `Bearer ${token}`\n    },\n    body: \"\",\n    failOnStatusCode: false\n  }).then(r => {\n    expect(r.status).to.eq(415);\n  });\n});",
              "err": {},
              "uuid": "7aca3946-133c-4357-b264-6145cd8ca2b2",
              "parentUUID": "f92499a4-8880-461a-801d-bc77ab426836",
              "isHook": false,
              "skipped": false
            },
            {
              "title": "Validação de retorno: Buscar acompanhamento com body vazio II",
              "fullTitle": "Integração Clientes - API Acompanhamento de viagem erros, Validação de retorno: Buscar acompanhamento com body vazio II",
              "timedOut": null,
              "duration": 625,
              "state": "passed",
              "speed": "fast",
              "pass": true,
              "fail": false,
              "pending": false,
              "context": null,
              "code": "cy.get(\"@tokenBC\").then(token => {\n  cy.api({\n    method: \"POST\",\n    url: `${url}&limit=1`,\n    headers: {\n      Authorization: `Bearer ${token}`\n    },\n    body: {},\n    failOnStatusCode: false\n  }).then(r => {\n    expect(r.status).to.eq(400);\n  });\n});",
              "err": {},
              "uuid": "aae30c1d-9bfd-4e65-9e2d-c57e856f13f6",
              "parentUUID": "f92499a4-8880-461a-801d-bc77ab426836",
              "isHook": false,
              "skipped": false
            },
            {
              "title": "Validação de retorno: Payload com campos obrigatórios ausentes",
              "fullTitle": "Integração Clientes - API Acompanhamento de viagem erros, Validação de retorno: Payload com campos obrigatórios ausentes",
              "timedOut": null,
              "duration": 1368,
              "state": "passed",
              "speed": "fast",
              "pass": true,
              "fail": false,
              "pending": false,
              "context": null,
              "code": "cy.get(\"@tokenBC\").then(token => {\n  cy.api({\n    method: \"POST\",\n    url: `${url}&limit=1`,\n    headers: {\n      Authorization: `Bearer ${token}`\n    },\n    body: {\n      DataInicio: formatarDataV2(),\n      DataFim: formatarDataChegadaV2(),\n      status: [1, 2, 3, 4, 5, 6]\n    },\n    failOnStatusCode: false\n  }).then(r => {\n    expect(r.status).to.eq(404);\n  });\n});",
              "err": {},
              "uuid": "72d9a3cb-3f64-4277-90a1-1cee34fde447",
              "parentUUID": "f92499a4-8880-461a-801d-bc77ab426836",
              "isHook": false,
              "skipped": false
            },
            {
              "title": "Validação de retorno: Payload com campos obrigatórios vazios",
              "fullTitle": "Integração Clientes - API Acompanhamento de viagem erros, Validação de retorno: Payload com campos obrigatórios vazios",
              "timedOut": null,
              "duration": 664,
              "state": "passed",
              "speed": "fast",
              "pass": true,
              "fail": false,
              "pending": false,
              "context": null,
              "code": "cy.get(\"@tokenBC\").then(token => {\n  cy.api({\n    method: \"POST\",\n    url: `${url}&limit=1`,\n    headers: {\n      Authorization: `Bearer ${token}`\n    },\n    body: {\n      DataInicio: \"\",\n      DataFim: formatarDataChegadaV2(),\n      status: [1, 2, 3, 4, 5, 6]\n    },\n    failOnStatusCode: false\n  }).then(r => {\n    expect(r.status).to.eq(500);\n  });\n});",
              "err": {},
              "uuid": "f243d041-0c25-4121-97fc-f37512896a4e",
              "parentUUID": "f92499a4-8880-461a-801d-bc77ab426836",
              "isHook": false,
              "skipped": false
            }
          ],
          "suites": [],
          "passes": [
            "362b56be-a746-413d-9f1b-421957092576",
            "7aca3946-133c-4357-b264-6145cd8ca2b2",
            "aae30c1d-9bfd-4e65-9e2d-c57e856f13f6",
            "72d9a3cb-3f64-4277-90a1-1cee34fde447",
            "f243d041-0c25-4121-97fc-f37512896a4e"
          ],
          "failures": [],
          "pending": [],
          "skipped": [],
          "duration": 4257,
          "root": false,
          "rootEmpty": false,
          "_timeout": 2000
        }
      ],
      "passes": [],
      "failures": [],
      "pending": [],
      "skipped": [],
      "duration": 0,
      "root": true,
      "rootEmpty": true,
      "_timeout": 2000
    }
  ],
  "meta": {
    "mocha": {
      "version": "7.2.0"
    },
    "mochawesome": {
      "options": {
        "quiet": false,
        "reportFilename": "mochawesome",
        "saveHtml": true,
        "saveJson": true,
        "consoleReporter": "spec",
        "useInlineDiffs": false,
        "code": true
      },
      "version": "7.1.4"
    },
    "marge": {
      "options": {
        "reportDir": "cypress/results",
        "overwrite": false,
        "html": true,
        "json": true
      },
      "version": "6.3.0"
    }
  }
}