{
  "stats": {
    "suites": 1,
    "tests": 5,
    "passes": 5,
    "pending": 0,
    "failures": 0,
    "start": "2025-10-08T16:37:20.342Z",
    "end": "2025-10-08T16:38:12.038Z",
    "duration": 51696,
    "testsRegistered": 5,
    "passPercent": 100,
    "pendingPercent": 0,
    "other": 0,
    "hasOther": false,
    "skipped": 0,
    "hasSkipped": false
  },
  "results": [
    {
      "uuid": "d9b8a69c-ab9a-43fe-8bc8-30313e505642",
      "title": "",
      "fullFile": "cypress/e2e/api/002 - API Integração Clientes/004 - API Inclusão de SM REST/002.api-inclusao-SM-erros-rest.cy.js",
      "file": "cypress/e2e/api/002 - API Integração Clientes/004 - API Inclusão de SM REST/002.api-inclusao-SM-erros-rest.cy.js",
      "beforeHooks": [],
      "afterHooks": [],
      "tests": [],
      "suites": [
        {
          "uuid": "1c1035ad-1506-46ba-89a3-51ff62df5942",
          "title": "Integração Clientes - API Inclusão de SM REST erros",
          "fullFile": "",
          "file": "",
          "beforeHooks": [],
          "afterHooks": [],
          "tests": [
            {
              "title": "Realizar requisição com corpo vazio",
              "fullTitle": "Integração Clientes - API Inclusão de SM REST erros Realizar requisição com corpo vazio",
              "timedOut": null,
              "duration": 2271,
              "state": "passed",
              "speed": "fast",
              "pass": true,
              "fail": false,
              "pending": false,
              "context": null,
              "code": "return cy.api({\n  method: \"POST\",\n  url: APIclientes.InclusãoSmRest,\n  body: {}\n}).then(r => {\n  expect(r.body.sucesso).to.be.null;\n  expect(r.body.erros).to.include(\"Dados incorretos\");\n});",
              "err": {},
              "uuid": "a4562e56-19eb-4595-880b-cb50f9979569",
              "parentUUID": "1c1035ad-1506-46ba-89a3-51ff62df5942",
              "isHook": false,
              "skipped": false
            },
            {
              "title": "Realizar requisição com Token inválido",
              "fullTitle": "Integração Clientes - API Inclusão de SM REST erros Realizar requisição com Token inválido",
              "timedOut": null,
              "duration": 2500,
              "state": "passed",
              "speed": "fast",
              "pass": true,
              "fail": false,
              "pending": false,
              "context": null,
              "code": "requisicaoPadrao({\n  token: \"123\"\n}).then(r => {\n  expect(r.body.sucesso).to.be.null;\n  expect(r.body.erros).to.include(\"O token informado não confere com o cnpj do cliente\");\n});",
              "err": {},
              "uuid": "623c4ef3-0800-4344-b928-eb9c3620800a",
              "parentUUID": "1c1035ad-1506-46ba-89a3-51ff62df5942",
              "isHook": false,
              "skipped": false
            },
            {
              "title": "Realizar requisição com CNPJ inválido",
              "fullTitle": "Integração Clientes - API Inclusão de SM REST erros Realizar requisição com CNPJ inválido",
              "timedOut": null,
              "duration": 2155,
              "state": "passed",
              "speed": "fast",
              "pass": true,
              "fail": false,
              "pending": false,
              "context": null,
              "code": "requisicaoPadrao({\n  cnpj: \"123\"\n}).then(r => {\n  expect(r.body.sucesso).to.be.null;\n  expect(r.body.erros).to.include(\"O token informado não confere com o cnpj do cliente\");\n});",
              "err": {},
              "uuid": "cb53bfa5-40e4-47d7-baec-bdadcaba7b4e",
              "parentUUID": "1c1035ad-1506-46ba-89a3-51ff62df5942",
              "isHook": false,
              "skipped": false
            },
            {
              "title": "Realizar requisição com a previsão de início sendo uma data no passado.",
              "fullTitle": "Integração Clientes - API Inclusão de SM REST erros Realizar requisição com a previsão de início sendo uma data no passado.",
              "timedOut": null,
              "duration": 38554,
              "state": "passed",
              "speed": "slow",
              "pass": true,
              "fail": false,
              "pending": false,
              "context": null,
              "code": "requisicaoPadrao({\n  prevInicio: \"03/01/2025 15:50:00\"\n}).then(r => {\n  expect(r.body.sucesso).to.be.null;\n  expect(r.body.erros).to.include(\"Previsão de início não deve ser menor que a data e hora atual;\\nA diferença entre a previsão de início e de fim não pode ultrapassar 120 dias\");\n});",
              "err": {},
              "uuid": "dc5ab27e-91bf-4bbe-9b8f-9bf0d3c8d41d",
              "parentUUID": "1c1035ad-1506-46ba-89a3-51ff62df5942",
              "isHook": false,
              "skipped": false
            },
            {
              "title": "Realizar requsição com a previsão de chegada sendo uma data no passado.",
              "fullTitle": "Integração Clientes - API Inclusão de SM REST erros Realizar requsição com a previsão de chegada sendo uma data no passado.",
              "timedOut": null,
              "duration": 5580,
              "state": "passed",
              "speed": "medium",
              "pass": true,
              "fail": false,
              "pending": false,
              "context": null,
              "code": "requisicaoPadrao({\n  prevChegada: \"03/01/2025 15:50:00\"\n}).then(r => {\n  expect(r.body.sucesso).to.be.null;\n  expect(r.body.erros).to.include(\"Data de previsão menor que a data de inicio\");\n});",
              "err": {},
              "uuid": "0cad3ab3-0769-44b3-ae69-d94cbfa81051",
              "parentUUID": "1c1035ad-1506-46ba-89a3-51ff62df5942",
              "isHook": false,
              "skipped": false
            }
          ],
          "suites": [],
          "passes": [
            "a4562e56-19eb-4595-880b-cb50f9979569",
            "623c4ef3-0800-4344-b928-eb9c3620800a",
            "cb53bfa5-40e4-47d7-baec-bdadcaba7b4e",
            "dc5ab27e-91bf-4bbe-9b8f-9bf0d3c8d41d",
            "0cad3ab3-0769-44b3-ae69-d94cbfa81051"
          ],
          "failures": [],
          "pending": [],
          "skipped": [],
          "duration": 51060,
          "root": false,
          "rootEmpty": false,
          "_timeout": 2000
        }
      ],
      "passes": [],
      "failures": [],
      "pending": [],
      "skipped": [],
      "duration": 0,
      "root": true,
      "rootEmpty": true,
      "_timeout": 2000
    }
  ],
  "meta": {
    "mocha": {
      "version": "7.2.0"
    },
    "mochawesome": {
      "options": {
        "quiet": false,
        "reportFilename": "mochawesome",
        "saveHtml": true,
        "saveJson": true,
        "consoleReporter": "spec",
        "useInlineDiffs": false,
        "code": true
      },
      "version": "7.1.4"
    },
    "marge": {
      "options": {
        "reportDir": "cypress/results",
        "overwrite": false,
        "html": true,
        "json": true
      },
      "version": "6.3.0"
    }
  }
}