{
  "stats": {
    "suites": 1,
    "tests": 1,
    "passes": 1,
    "pending": 0,
    "failures": 0,
    "start": "2025-10-08T20:52:54.023Z",
    "end": "2025-10-08T20:53:06.281Z",
    "duration": 12258,
    "testsRegistered": 1,
    "passPercent": 100,
    "pendingPercent": 0,
    "other": 0,
    "hasOther": false,
    "skipped": 0,
    "hasSkipped": false
  },
  "results": [
    {
      "uuid": "9b5daa87-0b43-4ded-a3bd-360743f81020",
      "title": "",
      "fullFile": "cypress/e2e/api/002 - API Integração Clientes/001 - API Ficha Profisssional/001.api-inclusao-ficha-soap.cy.js",
      "file": "cypress/e2e/api/002 - API Integração Clientes/001 - API Ficha Profisssional/001.api-inclusao-ficha-soap.cy.js",
      "beforeHooks": [],
      "afterHooks": [],
      "tests": [],
      "suites": [
        {
          "uuid": "49ce5369-ea3c-46f1-8020-886765dc9cb1",
          "title": "Integração Clientes - API Inclusão de Ficha do Profissional - Casos de Sucesso",
          "fullFile": "",
          "file": "",
          "beforeHooks": [],
          "afterHooks": [],
          "tests": [
            {
              "title": "Incluir ficha com sucesso API",
              "fullTitle": "Integração Clientes - API Inclusão de Ficha do Profissional - Casos de Sucesso Incluir ficha com sucesso API",
              "timedOut": null,
              "duration": 12131,
              "state": "passed",
              "speed": "slow",
              "pass": true,
              "fail": false,
              "pending": false,
              "context": null,
              "code": "cy.api({\n  method: \"POST\",\n  url: url,\n  body: soapPayload,\n  failOnStatusCode: false\n}).then(r => {\n  const mensagem = r.body.match(/ns1:sucesso>([\\s\\S]*?)<\\/ns1:sucesso>/)[1].trim();\n  cy.log(r.body);\n  expect(r.status).to.eq(200);\n  expect(mensagem).to.eq(\"Ficha de Profissional incluida com sucesso\");\n});",
              "err": {},
              "uuid": "b8a7c99d-7312-45ed-889e-cf85b97cecdf",
              "parentUUID": "49ce5369-ea3c-46f1-8020-886765dc9cb1",
              "isHook": false,
              "skipped": false
            }
          ],
          "suites": [],
          "passes": [
            "b8a7c99d-7312-45ed-889e-cf85b97cecdf"
          ],
          "failures": [],
          "pending": [],
          "skipped": [],
          "duration": 12131,
          "root": false,
          "rootEmpty": false,
          "_timeout": 2000
        }
      ],
      "passes": [],
      "failures": [],
      "pending": [],
      "skipped": [],
      "duration": 0,
      "root": true,
      "rootEmpty": true,
      "_timeout": 2000
    }
  ],
  "meta": {
    "mocha": {
      "version": "7.2.0"
    },
    "mochawesome": {
      "options": {
        "quiet": false,
        "reportFilename": "mochawesome",
        "saveHtml": true,
        "saveJson": true,
        "consoleReporter": "spec",
        "useInlineDiffs": false,
        "code": true
      },
      "version": "7.1.4"
    },
    "marge": {
      "options": {
        "reportDir": "cypress/results",
        "overwrite": false,
        "html": true,
        "json": true
      },
      "version": "6.3.0"
    }
  }
}