{
  "stats": {
    "suites": 1,
    "tests": 3,
    "passes": 3,
    "pending": 0,
    "failures": 0,
    "start": "2025-10-17T21:27:46.502Z",
    "end": "2025-10-17T21:27:53.495Z",
    "duration": 6993,
    "testsRegistered": 3,
    "passPercent": 100,
    "pendingPercent": 0,
    "other": 0,
    "hasOther": false,
    "skipped": 0,
    "hasSkipped": false
  },
  "results": [
    {
      "uuid": "56ae5a57-81f5-49ac-a024-5075c5d561ba",
      "title": "",
      "fullFile": "cypress/e2e/api/002 - API Integração Clientes/003 - API Consulta entrega/002.api-consulta-entrega-erros-soap.cy.js",
      "file": "cypress/e2e/api/002 - API Integração Clientes/003 - API Consulta entrega/002.api-consulta-entrega-erros-soap.cy.js",
      "beforeHooks": [],
      "afterHooks": [],
      "tests": [],
      "suites": [
        {
          "uuid": "0cde71fb-db08-4f57-9480-4c6186fbc240",
          "title": "Integração Clientes - API Consulta entrega erros SOAP",
          "fullFile": "",
          "file": "",
          "beforeHooks": [],
          "afterHooks": [],
          "tests": [
            {
              "title": "Requisição com corpo vazio",
              "fullTitle": "Integração Clientes - API Consulta entrega erros SOAP Requisição com corpo vazio",
              "timedOut": null,
              "duration": 1748,
              "state": "passed",
              "speed": "fast",
              "pass": true,
              "fail": false,
              "pending": false,
              "context": null,
              "code": "cy.api({\n  method: \"POST\",\n  url: url,\n  body: ``,\n  failOnStatusCode: false\n}).then(r => {\n  const faultcode = r.body.match(/<faultcode>([\\s\\S]*?)<\\/faultcode/)[1].trim();\n  const faultstring = r.body.match(/<faultstring>([\\s\\S]*?)<\\/faultstring>/)[1].trim();\n  expect(r.status).to.eq(500);\n  expect(faultcode).to.eq(\"SOAP-ENV:Client\");\n  expect(faultstring).to.eq(\"Bad Request\");\n});",
              "err": {},
              "uuid": "ac27fbc4-3e9e-47af-88ea-fbc0004f569e",
              "parentUUID": "0cde71fb-db08-4f57-9480-4c6186fbc240",
              "isHook": false,
              "skipped": false
            },
            {
              "title": "Requisição com token vazio",
              "fullTitle": "Integração Clientes - API Consulta entrega erros SOAP Requisição com token vazio",
              "timedOut": null,
              "duration": 2357,
              "state": "passed",
              "speed": "fast",
              "pass": true,
              "fail": false,
              "pending": false,
              "context": null,
              "code": "cy.api({\n  method: \"POST\",\n  url: url,\n  body: `<x:Envelope\nxmlns:x=\"http://schemas.xmlsoap.org/soap/envelope/\"\nxmlns:sta=\"https://tstapi.buonny.com.br/portal/wsdl/status_entrega\">\n<x:Header/>\n<x:Body>\n    <sta:consulta>\n        <sta:autenticacao>\n            <sta:token></sta:token>\n        </sta:autenticacao>\n        <sta:cnpj_cliente>${cnpjCliente}</sta:cnpj_cliente>\n        <sta:alvo></sta:alvo>\n        <sta:nota_fiscal></sta:nota_fiscal>\n        <sta:pedido_nota_fiscal></sta:pedido_nota_fiscal>\n        <sta:placa>${placa}</sta:placa>\n        <sta:pedido_cliente></sta:pedido_cliente>\n    </sta:consulta>\n</x:Body>\n</x:Envelope>`,\n  failOnStatusCode: false\n}).then(r => {\n  const faultcode = r.body.match(/<faultcode>([\\s\\S]*?)<\\/faultcode/)[1].trim();\n  const faultstring = r.body.match(/<faultstring>([\\s\\S]*?)<\\/faultstring>/)[1].trim();\n  expect(r.status).to.eq(500);\n  expect(faultcode).to.eq(\"1\");\n  expect(faultstring).to.eq(\"Informe o token\");\n});",
              "err": {},
              "uuid": "fea57545-412e-455a-93a0-3f5782ca512e",
              "parentUUID": "0cde71fb-db08-4f57-9480-4c6186fbc240",
              "isHook": false,
              "skipped": false
            },
            {
              "title": "Requisição com CNPJ vazio",
              "fullTitle": "Integração Clientes - API Consulta entrega erros SOAP Requisição com CNPJ vazio",
              "timedOut": null,
              "duration": 2419,
              "state": "passed",
              "speed": "fast",
              "pass": true,
              "fail": false,
              "pending": false,
              "context": null,
              "code": "cy.api({\n  method: \"POST\",\n  url: url,\n  body: `<x:Envelope\nxmlns:x=\"http://schemas.xmlsoap.org/soap/envelope/\"\nxmlns:sta=\"https://tstapi.buonny.com.br/portal/wsdl/status_entrega\">\n<x:Header/>\n<x:Body>\n    <sta:consulta>\n        <sta:autenticacao>\n            <sta:token>${token}</sta:token>\n        </sta:autenticacao>\n        <sta:cnpj_cliente></sta:cnpj_cliente>\n        <sta:alvo></sta:alvo>\n        <sta:nota_fiscal></sta:nota_fiscal>\n        <sta:pedido_nota_fiscal></sta:pedido_nota_fiscal>\n        <sta:placa>${placa}</sta:placa>\n        <sta:pedido_cliente></sta:pedido_cliente>\n    </sta:consulta>\n</x:Body>\n</x:Envelope>`,\n  failOnStatusCode: false\n}).then(r => {\n  const faultcode = r.body.match(/<faultcode>([\\s\\S]*?)<\\/faultcode/)[1].trim();\n  const faultstring = r.body.match(/<faultstring>([\\s\\S]*?)<\\/faultstring>/)[1].trim();\n  expect(r.status).to.eq(500);\n  expect(faultcode).to.eq(\"1\");\n  expect(faultstring).to.eq(\"Informe o Cnpj\");\n});",
              "err": {},
              "uuid": "b6730eb8-de2c-4285-a9a2-02c3379a24b2",
              "parentUUID": "0cde71fb-db08-4f57-9480-4c6186fbc240",
              "isHook": false,
              "skipped": false
            }
          ],
          "suites": [],
          "passes": [
            "ac27fbc4-3e9e-47af-88ea-fbc0004f569e",
            "fea57545-412e-455a-93a0-3f5782ca512e",
            "b6730eb8-de2c-4285-a9a2-02c3379a24b2"
          ],
          "failures": [],
          "pending": [],
          "skipped": [],
          "duration": 6524,
          "root": false,
          "rootEmpty": false,
          "_timeout": 2000
        }
      ],
      "passes": [],
      "failures": [],
      "pending": [],
      "skipped": [],
      "duration": 0,
      "root": true,
      "rootEmpty": true,
      "_timeout": 2000
    }
  ],
  "meta": {
    "mocha": {
      "version": "7.2.0"
    },
    "mochawesome": {
      "options": {
        "quiet": false,
        "reportFilename": "mochawesome",
        "saveHtml": true,
        "saveJson": true,
        "consoleReporter": "spec",
        "useInlineDiffs": false,
        "code": true
      },
      "version": "7.1.4"
    },
    "marge": {
      "options": {
        "reportDir": "cypress/results",
        "overwrite": false,
        "html": true,
        "json": true
      },
      "version": "6.3.0"
    }
  }
}