{
  "stats": {
    "suites": 1,
    "tests": 4,
    "passes": 4,
    "pending": 0,
    "failures": 0,
    "start": "2025-10-08T20:58:21.838Z",
    "end": "2025-10-08T20:59:01.191Z",
    "duration": 39353,
    "testsRegistered": 4,
    "passPercent": 100,
    "pendingPercent": 0,
    "other": 0,
    "hasOther": false,
    "skipped": 0,
    "hasSkipped": false
  },
  "results": [
    {
      "uuid": "c1a4d557-3b29-4097-b25c-72eceb6fb75e",
      "title": "",
      "fullFile": "cypress/e2e/api/002 - API Integração Clientes/005 - API Inclusão de SM SOAP/002.api-inclusao-SM-erros-soap.cy.js",
      "file": "cypress/e2e/api/002 - API Integração Clientes/005 - API Inclusão de SM SOAP/002.api-inclusao-SM-erros-soap.cy.js",
      "beforeHooks": [],
      "afterHooks": [],
      "tests": [],
      "suites": [
        {
          "uuid": "8ffd93ca-a78c-462f-9ed3-1bef2b614d39",
          "title": "Integração Clientes - Inclusão de SM via SOAP - Validações de erro",
          "fullFile": "",
          "file": "",
          "beforeHooks": [],
          "afterHooks": [],
          "tests": [
            {
              "title": "Requisição com corpo vazio",
              "fullTitle": "Integração Clientes - Inclusão de SM via SOAP - Validações de erro Requisição com corpo vazio",
              "timedOut": null,
              "duration": 2663,
              "state": "passed",
              "speed": "fast",
              "pass": true,
              "fail": false,
              "pending": false,
              "context": null,
              "code": "cy.api({\n  method: \"POST\",\n  url: APIclientes.InclusãoSmSoap,\n  body: \"\",\n  headers: {\n    \"Content-Type\": \"text/xml;charset=UTF-8\",\n    SOAPAction: \"https://tstapi.buonny.com.br/portal/wsdl/buonny/viagem\"\n  },\n  timeout: 120000,\n  failOnStatusCode: false\n}).then(r => {\n  cy.log(r.body);\n  expect(r.status).to.eq(500);\n  expect(r.body).to.contain(\">Bad Request<\");\n});",
              "err": {},
              "uuid": "49e15cf2-aea6-4d23-9fe4-e76172606627",
              "parentUUID": "8ffd93ca-a78c-462f-9ed3-1bef2b614d39",
              "isHook": false,
              "skipped": false
            },
            {
              "title": "Requisição com token inválido",
              "fullTitle": "Integração Clientes - Inclusão de SM via SOAP - Validações de erro Requisição com token inválido",
              "timedOut": null,
              "duration": 2271,
              "state": "passed",
              "speed": "fast",
              "pass": true,
              "fail": false,
              "pending": false,
              "context": null,
              "code": "const payloadTokenInvalido = payload.replace(/<token>.*?<\\/token>/, \"<token></token>\");\ncy.api({\n  method: \"POST\",\n  url: APIclientes.InclusãoSmSoap,\n  body: payloadTokenInvalido,\n  headers: {\n    \"Content-Type\": \"text/xml;charset=UTF-8\",\n    SOAPAction: \"https://tstapi.buonny.com.br/portal/wsdl/buonny/viagem\"\n  },\n  timeout: 120000,\n  failOnStatusCode: false\n}).then(r => {\n  cy.log(r.body);\n  expect(r.body).to.contain(\"O token informado não confere com o cnpj do cliente\");\n});",
              "err": {},
              "uuid": "8690a914-8f37-49ae-9f43-cb54c7e84e61",
              "parentUUID": "8ffd93ca-a78c-462f-9ed3-1bef2b614d39",
              "isHook": false,
              "skipped": false
            },
            {
              "title": "Requisição com data de início no passado",
              "fullTitle": "Integração Clientes - Inclusão de SM via SOAP - Validações de erro Requisição com data de início no passado",
              "timedOut": null,
              "duration": 25267,
              "state": "passed",
              "speed": "slow",
              "pass": true,
              "fail": false,
              "pending": false,
              "context": null,
              "code": "const payloadDataPassado = payload.replace(/<data_previsao_inicio>.*?<\\/data_previsao_inicio>/, \"<data_previsao_inicio>03/01/2025 15:50:00</data_previsao_inicio>\");\ncy.api({\n  method: \"POST\",\n  url: APIclientes.InclusãoSmSoap,\n  body: payloadDataPassado,\n  headers: {\n    \"Content-Type\": \"text/xml;charset=UTF-8\",\n    SOAPAction: \"https://tstapi.buonny.com.br/portal/wsdl/buonny/viagem\"\n  },\n  timeout: 120000,\n  failOnStatusCode: false\n}).then(r => {\n  cy.log(r.body);\n  expect(r.body).to.contain(\"Previsão de início não deve ser menor que a data e hora atual\");\n});",
              "err": {},
              "uuid": "d040c69c-b306-4727-bb2f-b93956fbcfc6",
              "parentUUID": "8ffd93ca-a78c-462f-9ed3-1bef2b614d39",
              "isHook": false,
              "skipped": false
            },
            {
              "title": "Requisição com data de chegada no passado",
              "fullTitle": "Integração Clientes - Inclusão de SM via SOAP - Validações de erro Requisição com data de chegada no passado",
              "timedOut": null,
              "duration": 8546,
              "state": "passed",
              "speed": "medium",
              "pass": true,
              "fail": false,
              "pending": false,
              "context": null,
              "code": "const payloadDataPassado = payload.replace(/<previsao_de_chegada>.*?<\\/previsao_de_chegada>/, \"<previsao_de_chegada>03/01/2025 15:50:00</previsao_de_chegada>\");\ncy.api({\n  method: \"POST\",\n  url: APIclientes.InclusãoSmSoap,\n  body: payloadDataPassado,\n  headers: {\n    \"Content-Type\": \"text/xml;charset=UTF-8\",\n    SOAPAction: \"https://tstapi.buonny.com.br/portal/wsdl/buonny/viagem\"\n  },\n  timeout: 120000,\n  failOnStatusCode: false\n}).then(r => {\n  cy.log(r.body);\n  expect(r.body).to.contain(\"Data de previsão menor que a data de inicio\");\n});",
              "err": {},
              "uuid": "342b039b-192a-42af-9815-253c645cc295",
              "parentUUID": "8ffd93ca-a78c-462f-9ed3-1bef2b614d39",
              "isHook": false,
              "skipped": false
            }
          ],
          "suites": [],
          "passes": [
            "49e15cf2-aea6-4d23-9fe4-e76172606627",
            "8690a914-8f37-49ae-9f43-cb54c7e84e61",
            "d040c69c-b306-4727-bb2f-b93956fbcfc6",
            "342b039b-192a-42af-9815-253c645cc295"
          ],
          "failures": [],
          "pending": [],
          "skipped": [],
          "duration": 38747,
          "root": false,
          "rootEmpty": false,
          "_timeout": 2000
        }
      ],
      "passes": [],
      "failures": [],
      "pending": [],
      "skipped": [],
      "duration": 0,
      "root": true,
      "rootEmpty": true,
      "_timeout": 2000
    }
  ],
  "meta": {
    "mocha": {
      "version": "7.2.0"
    },
    "mochawesome": {
      "options": {
        "quiet": false,
        "reportFilename": "mochawesome",
        "saveHtml": true,
        "saveJson": true,
        "consoleReporter": "spec",
        "useInlineDiffs": false,
        "code": true
      },
      "version": "7.1.4"
    },
    "marge": {
      "options": {
        "reportDir": "cypress/results",
        "overwrite": false,
        "html": true,
        "json": true
      },
      "version": "6.3.0"
    }
  }
}