{
  "stats": {
    "suites": 1,
    "tests": 3,
    "passes": 3,
    "pending": 0,
    "failures": 0,
    "start": "2025-10-15T13:28:52.190Z",
    "end": "2025-10-15T13:29:23.103Z",
    "duration": 30913,
    "testsRegistered": 3,
    "passPercent": 100,
    "pendingPercent": 0,
    "other": 0,
    "hasOther": false,
    "skipped": 0,
    "hasSkipped": false
  },
  "results": [
    {
      "uuid": "735ab897-21fe-46b1-aa9b-3f2847cf4ff5",
      "title": "",
      "fullFile": "cypress/e2e/api/002 - API Integração Clientes/006 - API Status Entrega V2/001.api-status-entregaV2-rest.cy.js",
      "file": "cypress/e2e/api/002 - API Integração Clientes/006 - API Status Entrega V2/001.api-status-entregaV2-rest.cy.js",
      "beforeHooks": [],
      "afterHooks": [],
      "tests": [],
      "suites": [
        {
          "uuid": "2477d7d4-5e5d-4670-aa32-0868681faf4c",
          "title": "Integração Clientes - API Status Entrega V2",
          "fullFile": "",
          "file": "",
          "beforeHooks": [],
          "afterHooks": [],
          "tests": [
            {
              "title": "Validação de retorno: Buscar viagens em andamento",
              "fullTitle": "Integração Clientes - API Status Entrega V2 Validação de retorno: Buscar viagens em andamento",
              "timedOut": null,
              "duration": 17776,
              "state": "passed",
              "speed": "slow",
              "pass": true,
              "fail": false,
              "pending": false,
              "context": null,
              "code": "cy.api({\n  method: \"GET\",\n  url: `${url}?cnpj_cliente=${cnpjCliente}&token=${token}`\n}).then(r => {\n  expect(r.status).to.eq(200);\n  expect(r.body.dados).to.be.an(\"array\").and.not.to.be.empty;\n  expect(r.body.dados[0].inicio_real).to.eq(null);\n  expect(r.body.dados[0].fim_real).to.eq(null);\n});",
              "err": {},
              "uuid": "0dc48ecc-c1cf-4956-a9b8-3f937e79a83f",
              "parentUUID": "2477d7d4-5e5d-4670-aa32-0868681faf4c",
              "isHook": false,
              "skipped": false
            },
            {
              "title": "Validação de retorno: Buscar viagens por SM específica",
              "fullTitle": "Integração Clientes - API Status Entrega V2 Validação de retorno: Buscar viagens por SM específica",
              "timedOut": null,
              "duration": 5712,
              "state": "passed",
              "speed": "medium",
              "pass": true,
              "fail": false,
              "pending": false,
              "context": null,
              "code": "cy.fixture(\"numeroSM\").then(data => {\n  const numeroSM = data.numeroSM;\n  cy.api({\n    method: \"GET\",\n    url: `${url}?cnpj_cliente=${cnpjCliente}&token=${token}&sm=${numeroSM}`\n  }).then(r => {\n    expect(r.status).to.eq(200);\n    expect(r.body.dados).to.be.an(\"array\").and.not.to.be.empty;\n    expect(r.body.dados[0].codigo_sm).to.eq(+numeroSM);\n  });\n});",
              "err": {},
              "uuid": "0c4886ec-5811-4bdf-a5ce-3016c5c87259",
              "parentUUID": "2477d7d4-5e5d-4670-aa32-0868681faf4c",
              "isHook": false,
              "skipped": false
            },
            {
              "title": "Validação de retorno: Buscar viagens por pedido específico",
              "fullTitle": "Integração Clientes - API Status Entrega V2 Validação de retorno: Buscar viagens por pedido específico",
              "timedOut": null,
              "duration": 6747,
              "state": "passed",
              "speed": "medium",
              "pass": true,
              "fail": false,
              "pending": false,
              "context": null,
              "code": "cy.api({\n  method: \"GET\",\n  url: `${url}?cnpj_cliente=${cnpjCliente}&token=${token}&pedido=45487`\n}).then(r => {\n  expect(r.status).to.eq(200);\n  expect(r.body.dados).to.be.an(\"array\").and.not.to.be.empty;\n  expect(r.body.dados[0].pedido).to.eq(\"45487\");\n});",
              "err": {},
              "uuid": "75e39b51-cb90-4fdb-8660-72fdcbebd6b7",
              "parentUUID": "2477d7d4-5e5d-4670-aa32-0868681faf4c",
              "isHook": false,
              "skipped": false
            }
          ],
          "suites": [],
          "passes": [
            "0dc48ecc-c1cf-4956-a9b8-3f937e79a83f",
            "0c4886ec-5811-4bdf-a5ce-3016c5c87259",
            "75e39b51-cb90-4fdb-8660-72fdcbebd6b7"
          ],
          "failures": [],
          "pending": [],
          "skipped": [],
          "duration": 30235,
          "root": false,
          "rootEmpty": false,
          "_timeout": 2000
        }
      ],
      "passes": [],
      "failures": [],
      "pending": [],
      "skipped": [],
      "duration": 0,
      "root": true,
      "rootEmpty": true,
      "_timeout": 2000
    }
  ],
  "meta": {
    "mocha": {
      "version": "7.2.0"
    },
    "mochawesome": {
      "options": {
        "quiet": false,
        "reportFilename": "mochawesome",
        "saveHtml": true,
        "saveJson": true,
        "consoleReporter": "spec",
        "useInlineDiffs": false,
        "code": true
      },
      "version": "7.1.4"
    },
    "marge": {
      "options": {
        "reportDir": "cypress/results",
        "overwrite": false,
        "html": true,
        "json": true
      },
      "version": "6.3.0"
    }
  }
}