{
  "stats": {
    "suites": 1,
    "tests": 5,
    "passes": 5,
    "pending": 0,
    "failures": 0,
    "start": "2025-10-07T18:13:08.575Z",
    "end": "2025-10-07T18:14:08.109Z",
    "duration": 59534,
    "testsRegistered": 5,
    "passPercent": 100,
    "pendingPercent": 0,
    "other": 0,
    "hasOther": false,
    "skipped": 0,
    "hasSkipped": false
  },
  "results": [
    {
      "uuid": "b6d93e2f-68fb-4831-8d8c-193ebfa14570",
      "title": "",
      "fullFile": "cypress/e2e/api/002 - API Integração Clientes/004 - API Inclusão de SM REST/002.api-inclusao-SM-erros-rest.cy.js",
      "file": "cypress/e2e/api/002 - API Integração Clientes/004 - API Inclusão de SM REST/002.api-inclusao-SM-erros-rest.cy.js",
      "beforeHooks": [],
      "afterHooks": [],
      "tests": [],
      "suites": [
        {
          "uuid": "3a747e0a-bfd1-4755-8c90-4202bc96de09",
          "title": "Integração Clientes - API Inclusão de SM REST erros",
          "fullFile": "",
          "file": "",
          "beforeHooks": [],
          "afterHooks": [],
          "tests": [
            {
              "title": "Realizar requisição com corpo vazio",
              "fullTitle": "Integração Clientes - API Inclusão de SM REST erros Realizar requisição com corpo vazio",
              "timedOut": null,
              "duration": 2303,
              "state": "passed",
              "speed": "fast",
              "pass": true,
              "fail": false,
              "pending": false,
              "context": null,
              "code": "return cy.api({\n  method: \"POST\",\n  url: APIclientes.InclusãoSmRest,\n  body: {}\n}).then(r => {\n  expect(r.body.sucesso).to.be.null;\n  expect(r.body.erros).to.include(\"Dados incorretos\");\n});",
              "err": {},
              "uuid": "adcf87d1-5f32-4fba-b491-79ea20c0e70d",
              "parentUUID": "3a747e0a-bfd1-4755-8c90-4202bc96de09",
              "isHook": false,
              "skipped": false
            },
            {
              "title": "Realizar requisição com Token inválido",
              "fullTitle": "Integração Clientes - API Inclusão de SM REST erros Realizar requisição com Token inválido",
              "timedOut": null,
              "duration": 2233,
              "state": "passed",
              "speed": "fast",
              "pass": true,
              "fail": false,
              "pending": false,
              "context": null,
              "code": "requisicaoPadrao({\n  token: \"123\"\n}).then(r => {\n  expect(r.body.sucesso).to.be.null;\n  expect(r.body.erros).to.include(\"O token informado não confere com o cnpj do cliente\");\n});",
              "err": {},
              "uuid": "495b184c-e3bf-486b-9c6e-580eb59aaa43",
              "parentUUID": "3a747e0a-bfd1-4755-8c90-4202bc96de09",
              "isHook": false,
              "skipped": false
            },
            {
              "title": "Realizar requisição com CNPJ inválido",
              "fullTitle": "Integração Clientes - API Inclusão de SM REST erros Realizar requisição com CNPJ inválido",
              "timedOut": null,
              "duration": 2570,
              "state": "passed",
              "speed": "fast",
              "pass": true,
              "fail": false,
              "pending": false,
              "context": null,
              "code": "requisicaoPadrao({\n  cnpj: \"123\"\n}).then(r => {\n  expect(r.body.sucesso).to.be.null;\n  expect(r.body.erros).to.include(\"O token informado não confere com o cnpj do cliente\");\n});",
              "err": {},
              "uuid": "619d54f6-daad-4250-ab01-a9e8800755f7",
              "parentUUID": "3a747e0a-bfd1-4755-8c90-4202bc96de09",
              "isHook": false,
              "skipped": false
            },
            {
              "title": "Realizar requisição com a previsão de início sendo uma data no passado.",
              "fullTitle": "Integração Clientes - API Inclusão de SM REST erros Realizar requisição com a previsão de início sendo uma data no passado.",
              "timedOut": null,
              "duration": 45027,
              "state": "passed",
              "speed": "slow",
              "pass": true,
              "fail": false,
              "pending": false,
              "context": null,
              "code": "requisicaoPadrao({\n  prevInicio: \"03/01/2025 15:50:00\"\n}).then(r => {\n  expect(r.body.sucesso).to.be.null;\n  expect(r.body.erros).to.include(\"Previsão de início não deve ser menor que a data e hora atual;\\nA diferença entre a previsão de início e de fim não pode ultrapassar 120 dias\");\n});",
              "err": {},
              "uuid": "a29a3111-fe32-4346-a000-5a00a3451e1c",
              "parentUUID": "3a747e0a-bfd1-4755-8c90-4202bc96de09",
              "isHook": false,
              "skipped": false
            },
            {
              "title": "Realizar requsição com a previsão de chegada sendo uma data no passado.",
              "fullTitle": "Integração Clientes - API Inclusão de SM REST erros Realizar requsição com a previsão de chegada sendo uma data no passado.",
              "timedOut": null,
              "duration": 6796,
              "state": "passed",
              "speed": "medium",
              "pass": true,
              "fail": false,
              "pending": false,
              "context": null,
              "code": "requisicaoPadrao({\n  prevChegada: \"03/01/2025 15:50:00\"\n}).then(r => {\n  expect(r.body.sucesso).to.be.null;\n  expect(r.body.erros).to.include(\"Data de previsão menor que a data de inicio\");\n});",
              "err": {},
              "uuid": "fb3ca64d-94f9-4209-809b-fcc97dc97364",
              "parentUUID": "3a747e0a-bfd1-4755-8c90-4202bc96de09",
              "isHook": false,
              "skipped": false
            }
          ],
          "suites": [],
          "passes": [
            "adcf87d1-5f32-4fba-b491-79ea20c0e70d",
            "495b184c-e3bf-486b-9c6e-580eb59aaa43",
            "619d54f6-daad-4250-ab01-a9e8800755f7",
            "a29a3111-fe32-4346-a000-5a00a3451e1c",
            "fb3ca64d-94f9-4209-809b-fcc97dc97364"
          ],
          "failures": [],
          "pending": [],
          "skipped": [],
          "duration": 58929,
          "root": false,
          "rootEmpty": false,
          "_timeout": 2000
        }
      ],
      "passes": [],
      "failures": [],
      "pending": [],
      "skipped": [],
      "duration": 0,
      "root": true,
      "rootEmpty": true,
      "_timeout": 2000
    }
  ],
  "meta": {
    "mocha": {
      "version": "7.2.0"
    },
    "mochawesome": {
      "options": {
        "quiet": false,
        "reportFilename": "mochawesome",
        "saveHtml": true,
        "saveJson": true,
        "consoleReporter": "spec",
        "useInlineDiffs": false,
        "code": true
      },
      "version": "7.1.4"
    },
    "marge": {
      "options": {
        "reportDir": "cypress/results",
        "overwrite": false,
        "html": true,
        "json": true
      },
      "version": "6.3.0"
    }
  }
}