{
  "stats": {
    "suites": 1,
    "tests": 7,
    "passes": 7,
    "pending": 0,
    "failures": 0,
    "start": "2025-10-21T12:15:49.366Z",
    "end": "2025-10-21T12:16:24.664Z",
    "duration": 35298,
    "testsRegistered": 7,
    "passPercent": 100,
    "pendingPercent": 0,
    "other": 0,
    "hasOther": false,
    "skipped": 0,
    "hasSkipped": false
  },
  "results": [
    {
      "uuid": "05ae0582-9082-43a9-b77f-8365e8558587",
      "title": "",
      "fullFile": "cypress/e2e/api/002 - API Integração Clientes/001 - API Ficha Profisssional/002.api-inclusao-ficha-erros-soap.cy.js",
      "file": "cypress/e2e/api/002 - API Integração Clientes/001 - API Ficha Profisssional/002.api-inclusao-ficha-erros-soap.cy.js",
      "beforeHooks": [],
      "afterHooks": [],
      "tests": [],
      "suites": [
        {
          "uuid": "3eda68ba-1da1-4e4a-a93b-27e1838fc7a3",
          "title": "Integração Clientes - API Inclusão de Ficha do Profissional - Validação de Erros",
          "fullFile": "",
          "file": "",
          "beforeHooks": [],
          "afterHooks": [],
          "tests": [
            {
              "title": "Validação de erro: Corpo da requisição (vazio)",
              "fullTitle": "Integração Clientes - API Inclusão de Ficha do Profissional - Validação de Erros Validação de erro: Corpo da requisição (vazio)",
              "timedOut": null,
              "duration": 1603,
              "state": "passed",
              "speed": "fast",
              "pass": true,
              "fail": false,
              "pending": false,
              "context": null,
              "code": "cy.api({\n  method: \"POST\",\n  url: url,\n  body: \"\",\n  failOnStatusCode: false\n}).then(r => {\n  const faultcode = r.body.match(/<faultcode>([\\s\\S]*?)<\\/faultcode>/)[1].trim();\n  const faultstring = r.body.match(/<faultstring>([\\s\\S]*?)<\\/faultstring>/)[1].trim();\n  expect(r.status).to.eq(500);\n  expect(faultcode).to.eq(\"SOAP-ENV:Client\");\n  expect(faultstring).to.eq(\"Bad Request\");\n});",
              "err": {},
              "uuid": "e74267c9-17b8-4902-87c4-6749c024c923",
              "parentUUID": "3eda68ba-1da1-4e4a-a93b-27e1838fc7a3",
              "isHook": false,
              "skipped": false
            },
            {
              "title": "Validação de erro: CNPJ do Cliente (vazio)",
              "fullTitle": "Integração Clientes - API Inclusão de Ficha do Profissional - Validação de Erros Validação de erro: CNPJ do Cliente (vazio)",
              "timedOut": null,
              "duration": 2422,
              "state": "passed",
              "speed": "fast",
              "pass": true,
              "fail": false,
              "pending": false,
              "context": null,
              "code": "const payloadModificado = soapPayload.replace(`<inc:cnpj_cliente>${cnpjCliente}</inc:cnpj_cliente>`, `<inc:cnpj_cliente></inc:cnpj_cliente>`);\ncy.api({\n  method: \"POST\",\n  url: url,\n  body: payloadModificado,\n  failOnStatusCode: false\n}).then(r => {\n  const faultcode = r.body.match(/<faultcode>([\\s\\S]*?)<\\/faultcode>/)[1].trim();\n  const faultstring = r.body.match(/<faultstring>([\\s\\S]*?)<\\/faultstring>/)[1].trim();\n  cy.log(r.body);\n  expect(r.status).to.eq(500);\n  expect(faultcode).to.eq(\"ns1:1\");\n  expect(faultstring).to.be.oneOf([\"CNPJ Cliente não informado ou XML Inválido\", \"O token informado não confere com o cnpj do cliente\"]);\n});",
              "err": {},
              "uuid": "2df22765-944e-4bae-8361-bf9b2fd13187",
              "parentUUID": "3eda68ba-1da1-4e4a-a93b-27e1838fc7a3",
              "isHook": false,
              "skipped": false
            },
            {
              "title": "Validação de erro: CNPJ do Embarcador (vazio) ou (inválido)",
              "fullTitle": "Integração Clientes - API Inclusão de Ficha do Profissional - Validação de Erros Validação de erro: CNPJ do Embarcador (vazio) ou (inválido)",
              "timedOut": null,
              "duration": 3440,
              "state": "passed",
              "speed": "fast",
              "pass": true,
              "fail": false,
              "pending": false,
              "context": null,
              "code": "const cnpjs = [\"\", \"abc\"];\nconst cnpj_aleatorio = cnpjs[Math.floor(Math.random() * cnpjs.length)];\nconst payloadModificado = soapPayload.replace(`<inc:cnpj_embarcador>${cnpjCliente}</inc:cnpj_embarcador>`, `<inc:cnpj_embarcador>${cnpj_aleatorio}</inc:cnpj_embarcador>`);\ncy.api({\n  method: \"POST\",\n  url: url,\n  body: payloadModificado,\n  failOnStatusCode: false\n}).then(r => {\n  const faultcode = r.body.match(/<faultcode>([\\s\\S]*?)<\\/faultcode>/)[1].trim();\n  const faultstring = r.body.match(/<faultstring>([\\s\\S]*?)<\\/faultstring>/)[1].trim();\n  expect(r.status).to.eq(500);\n  expect(faultcode).to.eq(\"ns1:1\");\n  expect(faultstring).to.be.oneOf([\"CNPJ Embarcador não informado\", \"O CNPJ Embarcador não está cadastrado\"]);\n});",
              "err": {},
              "uuid": "1f562757-5484-4d8c-956a-f5d287be5ad0",
              "parentUUID": "3eda68ba-1da1-4e4a-a93b-27e1838fc7a3",
              "isHook": false,
              "skipped": false
            },
            {
              "title": "Validação de erro: CNPJ do Transportador (vazio) ou (inválido)",
              "fullTitle": "Integração Clientes - API Inclusão de Ficha do Profissional - Validação de Erros Validação de erro: CNPJ do Transportador (vazio) ou (inválido)",
              "timedOut": null,
              "duration": 3589,
              "state": "passed",
              "speed": "fast",
              "pass": true,
              "fail": false,
              "pending": false,
              "context": null,
              "code": "const cnpj = [\"abc\"];\nconst payloadModificado = soapPayload.replace(`<inc:cnpj_transportador>${cnpjTransportador}</inc:cnpj_transportador>`, ` <inc:cnpj_transportador>${cnpj}</inc:cnpj_transportador>`);\ncy.api({\n  method: \"POST\",\n  url: url,\n  body: payloadModificado,\n  failOnStatusCode: false\n}).then(r => {\n  const faultcode = r.body.match(/<faultcode>([\\s\\S]*?)<\\/faultcode>/)[1].trim();\n  const faultstring = r.body.match(/<faultstring>([\\s\\S]*?)<\\/faultstring>/)[1].trim();\n  expect(r.status).to.eq(500);\n  expect(faultcode).to.eq(\"ns1:1\");\n  expect(faultstring).to.be.oneOf([\"O CNPJ Transportador não informado ou XML Inválido\", \"O CNPJ Transportador não está cadastrado\"]);\n});",
              "err": {},
              "uuid": "d7281f64-d01e-41ed-ba44-c91a367822cb",
              "parentUUID": "3eda68ba-1da1-4e4a-a93b-27e1838fc7a3",
              "isHook": false,
              "skipped": false
            },
            {
              "title": "Validação de erro: Foto do profissional (vazio)",
              "fullTitle": "Integração Clientes - API Inclusão de Ficha do Profissional - Validação de Erros Validação de erro: Foto do profissional (vazio)",
              "timedOut": null,
              "duration": 4050,
              "state": "passed",
              "speed": "fast",
              "pass": true,
              "fail": false,
              "pending": false,
              "context": null,
              "code": "const payloadModificado = soapPayload.replace(`${imagemBase64}`, \"\");\ncy.api({\n  method: \"POST\",\n  url: url,\n  body: payloadModificado,\n  failOnStatusCode: false\n}).then(r => {\n  const faultcode = r.body.match(/<faultcode>([\\s\\S]*?)<\\/faultcode>/)[1].trim();\n  const faultstring = r.body.match(/<faultstring>([\\s\\S]*?)<\\/faultstring>/)[1].trim();\n  expect(r.status).to.eq(500);\n  expect(faultcode).to.eq(\"ns1:1\");\n  expect(faultstring).to.eq(\"Foto Profissional não informado\");\n});",
              "err": {},
              "uuid": "57e7f0ca-5c6d-4142-845f-1a203c176ab0",
              "parentUUID": "3eda68ba-1da1-4e4a-a93b-27e1838fc7a3",
              "isHook": false,
              "skipped": false
            },
            {
              "title": "Validação de erro: Foto do profissional (maior que 5MB)",
              "fullTitle": "Integração Clientes - API Inclusão de Ficha do Profissional - Validação de Erros Validação de erro: Foto do profissional (maior que 5MB)",
              "timedOut": null,
              "duration": 13897,
              "state": "passed",
              "speed": "slow",
              "pass": true,
              "fail": false,
              "pending": false,
              "context": null,
              "code": "const payloadModificado = soapPayload.replace(`${imagemBase64}`, `${imagemBase64_5MB}`);\ncy.api({\n  method: \"POST\",\n  url: url,\n  body: payloadModificado,\n  failOnStatusCode: false\n}).then(r => {\n  const faultcode = r.body.match(/<faultcode>([\\s\\S]*?)<\\/faultcode>/)[1].trim();\n  const faultstring = r.body.match(/<faultstring>([\\s\\S]*?)<\\/faultstring>/)[1].trim();\n  expect(r.status).to.eq(500);\n  expect(faultcode).to.eq(\"ns1:1\");\n  expect(faultstring).to.eq(\"Foto Profissional, a imagem deve ter no máximo 5MB.\");\n});",
              "err": {},
              "uuid": "6129384e-cc59-49ec-8607-8ab9caa27b52",
              "parentUUID": "3eda68ba-1da1-4e4a-a93b-27e1838fc7a3",
              "isHook": false,
              "skipped": false
            },
            {
              "title": "Validação de erro: Documento do profissional (vazio) ou (inválido)",
              "fullTitle": "Integração Clientes - API Inclusão de Ficha do Profissional - Validação de Erros Validação de erro: Documento do profissional (vazio) ou (inválido)",
              "timedOut": null,
              "duration": 4552,
              "state": "passed",
              "speed": "fast",
              "pass": true,
              "fail": false,
              "pending": false,
              "context": null,
              "code": "const documento = [\"\", \"123456789\"];\nconst docAleatorio = documento[Math.floor(Math.random() * documento.length)];\nconst payloadModificado = soapPayload.replace(`<inc:documento>${cpfAleatorio}</inc:documento>`, `<inc:documento>${docAleatorio}</inc:documento>`);\ncy.api({\n  method: \"POST\",\n  url: url,\n  body: payloadModificado,\n  failOnStatusCode: false\n}).then(r => {\n  const faultcode = r.body.match(/<faultcode>([\\s\\S]*?)<\\/faultcode>/)[1].trim();\n  const faultstring = r.body.match(/<faultstring>([\\s\\S]*?)<\\/faultstring>/)[1].trim();\n  expect(r.status).to.eq(500);\n  expect(faultcode).to.eq(\"ns1:1\");\n  expect(faultstring).to.be.oneOf([\"CPF profissional não informado\", \"O CPF do profissional é inválido\"]);\n});",
              "err": {},
              "uuid": "bf96c16b-0812-4a72-bd3e-befb88b3411e",
              "parentUUID": "3eda68ba-1da1-4e4a-a93b-27e1838fc7a3",
              "isHook": false,
              "skipped": false
            }
          ],
          "suites": [],
          "passes": [
            "e74267c9-17b8-4902-87c4-6749c024c923",
            "2df22765-944e-4bae-8361-bf9b2fd13187",
            "1f562757-5484-4d8c-956a-f5d287be5ad0",
            "d7281f64-d01e-41ed-ba44-c91a367822cb",
            "57e7f0ca-5c6d-4142-845f-1a203c176ab0",
            "6129384e-cc59-49ec-8607-8ab9caa27b52",
            "bf96c16b-0812-4a72-bd3e-befb88b3411e"
          ],
          "failures": [],
          "pending": [],
          "skipped": [],
          "duration": 33553,
          "root": false,
          "rootEmpty": false,
          "_timeout": 2000
        }
      ],
      "passes": [],
      "failures": [],
      "pending": [],
      "skipped": [],
      "duration": 0,
      "root": true,
      "rootEmpty": true,
      "_timeout": 2000
    }
  ],
  "meta": {
    "mocha": {
      "version": "7.2.0"
    },
    "mochawesome": {
      "options": {
        "quiet": false,
        "reportFilename": "mochawesome",
        "saveHtml": true,
        "saveJson": true,
        "consoleReporter": "spec",
        "useInlineDiffs": false,
        "code": true
      },
      "version": "7.1.4"
    },
    "marge": {
      "options": {
        "reportDir": "cypress/results",
        "overwrite": false,
        "html": true,
        "json": true
      },
      "version": "6.3.0"
    }
  }
}