{
  "stats": {
    "suites": 1,
    "tests": 4,
    "passes": 4,
    "pending": 0,
    "failures": 0,
    "start": "2025-10-13T16:47:29.156Z",
    "end": "2025-10-13T16:48:06.617Z",
    "duration": 37461,
    "testsRegistered": 4,
    "passPercent": 100,
    "pendingPercent": 0,
    "other": 0,
    "hasOther": false,
    "skipped": 0,
    "hasSkipped": false
  },
  "results": [
    {
      "uuid": "3c7b1cd5-2858-48da-b181-1c5f40edc065",
      "title": "",
      "fullFile": "cypress/e2e/api/002 - API Integração Clientes/005 - API Inclusão de SM SOAP/002.api-inclusao-SM-erros-soap.cy.js",
      "file": "cypress/e2e/api/002 - API Integração Clientes/005 - API Inclusão de SM SOAP/002.api-inclusao-SM-erros-soap.cy.js",
      "beforeHooks": [],
      "afterHooks": [],
      "tests": [],
      "suites": [
        {
          "uuid": "bebcadf4-1d6d-4a3f-ba32-8f3162d1ff27",
          "title": "Integração Clientes - Inclusão de SM via SOAP - Validações de erro",
          "fullFile": "",
          "file": "",
          "beforeHooks": [],
          "afterHooks": [],
          "tests": [
            {
              "title": "Requisição com corpo vazio",
              "fullTitle": "Integração Clientes - Inclusão de SM via SOAP - Validações de erro Requisição com corpo vazio",
              "timedOut": null,
              "duration": 2675,
              "state": "passed",
              "speed": "fast",
              "pass": true,
              "fail": false,
              "pending": false,
              "context": null,
              "code": "cy.api({\n  method: \"POST\",\n  url: APIclientes.InclusãoSmSoap,\n  body: \"\",\n  headers: {\n    \"Content-Type\": \"text/xml;charset=UTF-8\",\n    SOAPAction: \"https://tstapi.buonny.com.br/portal/wsdl/buonny/viagem\"\n  },\n  timeout: 120000,\n  failOnStatusCode: false\n}).then(r => {\n  cy.log(r.body);\n  expect(r.status).to.eq(500);\n  expect(r.body).to.contain(\">Bad Request<\");\n});",
              "err": {},
              "uuid": "aacdad7d-df67-4434-a24f-6e10a41be972",
              "parentUUID": "bebcadf4-1d6d-4a3f-ba32-8f3162d1ff27",
              "isHook": false,
              "skipped": false
            },
            {
              "title": "Requisição com token inválido",
              "fullTitle": "Integração Clientes - Inclusão de SM via SOAP - Validações de erro Requisição com token inválido",
              "timedOut": null,
              "duration": 1969,
              "state": "passed",
              "speed": "fast",
              "pass": true,
              "fail": false,
              "pending": false,
              "context": null,
              "code": "const payloadTokenInvalido = payload.replace(/<token>.*?<\\/token>/, \"<token></token>\");\ncy.api({\n  method: \"POST\",\n  url: APIclientes.InclusãoSmSoap,\n  body: payloadTokenInvalido,\n  headers: {\n    \"Content-Type\": \"text/xml;charset=UTF-8\",\n    SOAPAction: \"https://tstapi.buonny.com.br/portal/wsdl/buonny/viagem\"\n  },\n  timeout: 120000,\n  failOnStatusCode: false\n}).then(r => {\n  cy.log(r.body);\n  expect(r.body).to.contain(\"O token informado não confere com o cnpj do cliente\");\n});",
              "err": {},
              "uuid": "1b26f9eb-1336-4154-8d2c-b7b4b3527130",
              "parentUUID": "bebcadf4-1d6d-4a3f-ba32-8f3162d1ff27",
              "isHook": false,
              "skipped": false
            },
            {
              "title": "Requisição com data de início no passado",
              "fullTitle": "Integração Clientes - Inclusão de SM via SOAP - Validações de erro Requisição com data de início no passado",
              "timedOut": null,
              "duration": 25166,
              "state": "passed",
              "speed": "slow",
              "pass": true,
              "fail": false,
              "pending": false,
              "context": null,
              "code": "const payloadDataPassado = payload.replace(/<data_previsao_inicio>.*?<\\/data_previsao_inicio>/, \"<data_previsao_inicio>03/01/2025 15:50:00</data_previsao_inicio>\");\ncy.api({\n  method: \"POST\",\n  url: APIclientes.InclusãoSmSoap,\n  body: payloadDataPassado,\n  headers: {\n    \"Content-Type\": \"text/xml;charset=UTF-8\",\n    SOAPAction: \"https://tstapi.buonny.com.br/portal/wsdl/buonny/viagem\"\n  },\n  timeout: 120000,\n  failOnStatusCode: false\n}).then(r => {\n  cy.log(r.body);\n  expect(r.body).to.contain(\"Previsão de início não deve ser menor que a data e hora atual\");\n});",
              "err": {},
              "uuid": "cd28db8c-bb29-488d-a3b5-11afb164341e",
              "parentUUID": "bebcadf4-1d6d-4a3f-ba32-8f3162d1ff27",
              "isHook": false,
              "skipped": false
            },
            {
              "title": "Requisição com data de chegada no passado",
              "fullTitle": "Integração Clientes - Inclusão de SM via SOAP - Validações de erro Requisição com data de chegada no passado",
              "timedOut": null,
              "duration": 7079,
              "state": "passed",
              "speed": "medium",
              "pass": true,
              "fail": false,
              "pending": false,
              "context": null,
              "code": "const payloadDataPassado = payload.replace(/<previsao_de_chegada>.*?<\\/previsao_de_chegada>/, \"<previsao_de_chegada>03/01/2025 15:50:00</previsao_de_chegada>\");\ncy.api({\n  method: \"POST\",\n  url: APIclientes.InclusãoSmSoap,\n  body: payloadDataPassado,\n  headers: {\n    \"Content-Type\": \"text/xml;charset=UTF-8\",\n    SOAPAction: \"https://tstapi.buonny.com.br/portal/wsdl/buonny/viagem\"\n  },\n  timeout: 120000,\n  failOnStatusCode: false\n}).then(r => {\n  cy.log(r.body);\n  expect(r.body).to.contain(\"Data de previsão menor que a data de inicio\");\n});",
              "err": {},
              "uuid": "234626ce-d7a4-441c-889b-67299b082a5c",
              "parentUUID": "bebcadf4-1d6d-4a3f-ba32-8f3162d1ff27",
              "isHook": false,
              "skipped": false
            }
          ],
          "suites": [],
          "passes": [
            "aacdad7d-df67-4434-a24f-6e10a41be972",
            "1b26f9eb-1336-4154-8d2c-b7b4b3527130",
            "cd28db8c-bb29-488d-a3b5-11afb164341e",
            "234626ce-d7a4-441c-889b-67299b082a5c"
          ],
          "failures": [],
          "pending": [],
          "skipped": [],
          "duration": 36889,
          "root": false,
          "rootEmpty": false,
          "_timeout": 2000
        }
      ],
      "passes": [],
      "failures": [],
      "pending": [],
      "skipped": [],
      "duration": 0,
      "root": true,
      "rootEmpty": true,
      "_timeout": 2000
    }
  ],
  "meta": {
    "mocha": {
      "version": "7.2.0"
    },
    "mochawesome": {
      "options": {
        "quiet": false,
        "reportFilename": "mochawesome",
        "saveHtml": true,
        "saveJson": true,
        "consoleReporter": "spec",
        "useInlineDiffs": false,
        "code": true
      },
      "version": "7.1.4"
    },
    "marge": {
      "options": {
        "reportDir": "cypress/results",
        "overwrite": false,
        "html": true,
        "json": true
      },
      "version": "6.3.0"
    }
  }
}