{
  "stats": {
    "suites": 1,
    "tests": 2,
    "passes": 2,
    "pending": 0,
    "failures": 0,
    "start": "2025-10-08T12:31:35.885Z",
    "end": "2025-10-08T12:31:37.661Z",
    "duration": 1776,
    "testsRegistered": 2,
    "passPercent": 100,
    "pendingPercent": 0,
    "other": 0,
    "hasOther": false,
    "skipped": 0,
    "hasSkipped": false
  },
  "results": [
    {
      "uuid": "32f9ef4a-b79f-46d2-8309-82f33bdd02a2",
      "title": "",
      "fullFile": "cypress/e2e/api/001 - API Core V3/003 - API V3 - Consulta profissional/002.apiV3-consulta-b.check-erros.cy.js",
      "file": "cypress/e2e/api/001 - API Core V3/003 - API V3 - Consulta profissional/002.apiV3-consulta-b.check-erros.cy.js",
      "beforeHooks": [],
      "afterHooks": [],
      "tests": [],
      "suites": [
        {
          "uuid": "3c9690ee-027c-433e-81cd-07b926442835",
          "title": "API CORE V3 - Consulta profissional Buonny Check - erros",
          "fullFile": "",
          "file": "",
          "beforeHooks": [],
          "afterHooks": [],
          "tests": [
            {
              "title": "Consulta com corpo inválido",
              "fullTitle": "API CORE V3 - Consulta profissional Buonny Check - erros Consulta com corpo inválido",
              "timedOut": null,
              "duration": 803,
              "state": "passed",
              "speed": "fast",
              "pass": true,
              "fail": false,
              "pending": false,
              "context": null,
              "code": "cy.get(\"@tokenBC\").then(token => {\n  cy.api({\n    method: \"POST\",\n    url: url,\n    headers: {\n      Authorization: `Bearer ${token}`\n    },\n    body: {\n      codigo_cliente: \"\",\n      codigo_usuario_inclusao: \"\",\n      codigo_produto: 1,\n      codigo_corporacao: 1,\n      categoria: 1,\n      codigo_carga_tipo: \"\",\n      codigo_carga_valor: 1,\n      codigo_cidade_destino: \"\",\n      codigo_cidade_origem: 5190,\n      codigo_documento: \"01180160169\",\n      placa_veiculo: \"AKX0E00\",\n      departamento: \"T\"\n    },\n    failOnStatusCode: false\n  }).then(r => {\n    expect(r.status).to.eq(500);\n  });\n});",
              "err": {},
              "uuid": "5070fed3-2eec-4392-8920-57a32773b7e2",
              "parentUUID": "3c9690ee-027c-433e-81cd-07b926442835",
              "isHook": false,
              "skipped": false
            },
            {
              "title": "Consulta com token inválido",
              "fullTitle": "API CORE V3 - Consulta profissional Buonny Check - erros Consulta com token inválido",
              "timedOut": null,
              "duration": 646,
              "state": "passed",
              "speed": "fast",
              "pass": true,
              "fail": false,
              "pending": false,
              "context": null,
              "code": "cy.api({\n  method: \"POST\",\n  url: url,\n  headers: {\n    Authorization: `Bearer eyJ0eXAiOiJKV1QiLCJhbGciOiJIUzI1NiJ9.eyJjb2RpZ28iOjIzODY1OCwiYXBlbGlkbyI6ImF1dG9tYXRpemFkby5iY2hlY2siLCJjb2RpZ29fY2xpZW50ZSI6NTgwMSwidGlwb191c3VhcmlvIjoiZXh0ZXJubyIsImNvZGlnb19kb2N1bWVudG8iOiIwNjMyNjAyNTAwMDE2NiIsImNvZGlnb19zZWd1cmFkb3JhIjoiMjciLCJjb2RpZ29fY29ycmV0b3JhIjoiNDQzMiIsImNvZGlnb19maWxpYWwiOm51bGwsImRvY3VtZW50b19iYXNlIjoiMDYzMjYwMjUiLCJ0b2tlbiI6ImY3MzNhZTczYjNhYjc5NzJkNjNhYTg5YTQ0NzEwNjk0IiwibnN0ZWNoIjoiIiwiYXR1YWxpemFyIjpmYWxzZSwic2lzdGVtYSI6bnVsbCwiZXhwIjoxNzQyMjQyMzAzfQ.DYb6lE3GzTSgIpq8itbcmHPSHaK1jvxW_-H4k1AWQM0`\n  },\n  body: {\n    codigo_cliente: \"\",\n    codigo_usuario_inclusao: \"\",\n    codigo_produto: 1,\n    codigo_corporacao: 1,\n    categoria: 1,\n    codigo_carga_tipo: \"\",\n    codigo_carga_valor: 1,\n    codigo_cidade_destino: \"\",\n    codigo_cidade_origem: 5190,\n    codigo_documento: \"01180160169\",\n    placa_veiculo: \"AKX0E00\",\n    departamento: \"T\"\n  },\n  failOnStatusCode: false\n}).then(r => {\n  expect(r.status).to.eq(401);\n});",
              "err": {},
              "uuid": "527eaa4e-8f0d-4e76-83fa-026993b66a08",
              "parentUUID": "3c9690ee-027c-433e-81cd-07b926442835",
              "isHook": false,
              "skipped": false
            }
          ],
          "suites": [],
          "passes": [
            "5070fed3-2eec-4392-8920-57a32773b7e2",
            "527eaa4e-8f0d-4e76-83fa-026993b66a08"
          ],
          "failures": [],
          "pending": [],
          "skipped": [],
          "duration": 1449,
          "root": false,
          "rootEmpty": false,
          "_timeout": 2000
        }
      ],
      "passes": [],
      "failures": [],
      "pending": [],
      "skipped": [],
      "duration": 0,
      "root": true,
      "rootEmpty": true,
      "_timeout": 2000
    }
  ],
  "meta": {
    "mocha": {
      "version": "7.2.0"
    },
    "mochawesome": {
      "options": {
        "quiet": false,
        "reportFilename": "mochawesome",
        "saveHtml": true,
        "saveJson": true,
        "consoleReporter": "spec",
        "useInlineDiffs": false,
        "code": true
      },
      "version": "7.1.4"
    },
    "marge": {
      "options": {
        "reportDir": "cypress/results",
        "overwrite": false,
        "html": true,
        "json": true
      },
      "version": "6.3.0"
    }
  }
}