{
  "stats": {
    "suites": 1,
    "tests": 4,
    "passes": 4,
    "pending": 0,
    "failures": 0,
    "start": "2025-10-13T12:30:04.676Z",
    "end": "2025-10-13T12:30:41.943Z",
    "duration": 37267,
    "testsRegistered": 4,
    "passPercent": 100,
    "pendingPercent": 0,
    "other": 0,
    "hasOther": false,
    "skipped": 0,
    "hasSkipped": false
  },
  "results": [
    {
      "uuid": "c32e022c-b161-416a-a755-33a213efaa24",
      "title": "",
      "fullFile": "cypress/e2e/api/002 - API Integração Clientes/005 - API Inclusão de SM SOAP/002.api-inclusao-SM-erros-soap.cy.js",
      "file": "cypress/e2e/api/002 - API Integração Clientes/005 - API Inclusão de SM SOAP/002.api-inclusao-SM-erros-soap.cy.js",
      "beforeHooks": [],
      "afterHooks": [],
      "tests": [],
      "suites": [
        {
          "uuid": "032ba02a-18d8-4ef2-ac7f-dab85f8ffe44",
          "title": "Integração Clientes - Inclusão de SM via SOAP - Validações de erro",
          "fullFile": "",
          "file": "",
          "beforeHooks": [],
          "afterHooks": [],
          "tests": [
            {
              "title": "Requisição com corpo vazio",
              "fullTitle": "Integração Clientes - Inclusão de SM via SOAP - Validações de erro Requisição com corpo vazio",
              "timedOut": null,
              "duration": 2390,
              "state": "passed",
              "speed": "fast",
              "pass": true,
              "fail": false,
              "pending": false,
              "context": null,
              "code": "cy.api({\n  method: \"POST\",\n  url: APIclientes.InclusãoSmSoap,\n  body: \"\",\n  headers: {\n    \"Content-Type\": \"text/xml;charset=UTF-8\",\n    SOAPAction: \"https://tstapi.buonny.com.br/portal/wsdl/buonny/viagem\"\n  },\n  timeout: 120000,\n  failOnStatusCode: false\n}).then(r => {\n  cy.log(r.body);\n  expect(r.status).to.eq(500);\n  expect(r.body).to.contain(\">Bad Request<\");\n});",
              "err": {},
              "uuid": "02c27e38-9064-4188-89d4-353988d7ae3e",
              "parentUUID": "032ba02a-18d8-4ef2-ac7f-dab85f8ffe44",
              "isHook": false,
              "skipped": false
            },
            {
              "title": "Requisição com token inválido",
              "fullTitle": "Integração Clientes - Inclusão de SM via SOAP - Validações de erro Requisição com token inválido",
              "timedOut": null,
              "duration": 2516,
              "state": "passed",
              "speed": "fast",
              "pass": true,
              "fail": false,
              "pending": false,
              "context": null,
              "code": "const payloadTokenInvalido = payload.replace(/<token>.*?<\\/token>/, \"<token></token>\");\ncy.api({\n  method: \"POST\",\n  url: APIclientes.InclusãoSmSoap,\n  body: payloadTokenInvalido,\n  headers: {\n    \"Content-Type\": \"text/xml;charset=UTF-8\",\n    SOAPAction: \"https://tstapi.buonny.com.br/portal/wsdl/buonny/viagem\"\n  },\n  timeout: 120000,\n  failOnStatusCode: false\n}).then(r => {\n  cy.log(r.body);\n  expect(r.body).to.contain(\"O token informado não confere com o cnpj do cliente\");\n});",
              "err": {},
              "uuid": "e01f36b0-bd13-4d50-a059-268ee546b06a",
              "parentUUID": "032ba02a-18d8-4ef2-ac7f-dab85f8ffe44",
              "isHook": false,
              "skipped": false
            },
            {
              "title": "Requisição com data de início no passado",
              "fullTitle": "Integração Clientes - Inclusão de SM via SOAP - Validações de erro Requisição com data de início no passado",
              "timedOut": null,
              "duration": 25224,
              "state": "passed",
              "speed": "slow",
              "pass": true,
              "fail": false,
              "pending": false,
              "context": null,
              "code": "const payloadDataPassado = payload.replace(/<data_previsao_inicio>.*?<\\/data_previsao_inicio>/, \"<data_previsao_inicio>03/01/2025 15:50:00</data_previsao_inicio>\");\ncy.api({\n  method: \"POST\",\n  url: APIclientes.InclusãoSmSoap,\n  body: payloadDataPassado,\n  headers: {\n    \"Content-Type\": \"text/xml;charset=UTF-8\",\n    SOAPAction: \"https://tstapi.buonny.com.br/portal/wsdl/buonny/viagem\"\n  },\n  timeout: 120000,\n  failOnStatusCode: false\n}).then(r => {\n  cy.log(r.body);\n  expect(r.body).to.contain(\"Previsão de início não deve ser menor que a data e hora atual\");\n});",
              "err": {},
              "uuid": "7282f771-3779-4853-9eab-423421c57f88",
              "parentUUID": "032ba02a-18d8-4ef2-ac7f-dab85f8ffe44",
              "isHook": false,
              "skipped": false
            },
            {
              "title": "Requisição com data de chegada no passado",
              "fullTitle": "Integração Clientes - Inclusão de SM via SOAP - Validações de erro Requisição com data de chegada no passado",
              "timedOut": null,
              "duration": 6308,
              "state": "passed",
              "speed": "medium",
              "pass": true,
              "fail": false,
              "pending": false,
              "context": null,
              "code": "const payloadDataPassado = payload.replace(/<previsao_de_chegada>.*?<\\/previsao_de_chegada>/, \"<previsao_de_chegada>03/01/2025 15:50:00</previsao_de_chegada>\");\ncy.api({\n  method: \"POST\",\n  url: APIclientes.InclusãoSmSoap,\n  body: payloadDataPassado,\n  headers: {\n    \"Content-Type\": \"text/xml;charset=UTF-8\",\n    SOAPAction: \"https://tstapi.buonny.com.br/portal/wsdl/buonny/viagem\"\n  },\n  timeout: 120000,\n  failOnStatusCode: false\n}).then(r => {\n  cy.log(r.body);\n  expect(r.body).to.contain(\"Data de previsão menor que a data de inicio\");\n});",
              "err": {},
              "uuid": "4b463b33-6a3f-4f35-b66f-962a3fd63c44",
              "parentUUID": "032ba02a-18d8-4ef2-ac7f-dab85f8ffe44",
              "isHook": false,
              "skipped": false
            }
          ],
          "suites": [],
          "passes": [
            "02c27e38-9064-4188-89d4-353988d7ae3e",
            "e01f36b0-bd13-4d50-a059-268ee546b06a",
            "7282f771-3779-4853-9eab-423421c57f88",
            "4b463b33-6a3f-4f35-b66f-962a3fd63c44"
          ],
          "failures": [],
          "pending": [],
          "skipped": [],
          "duration": 36438,
          "root": false,
          "rootEmpty": false,
          "_timeout": 2000
        }
      ],
      "passes": [],
      "failures": [],
      "pending": [],
      "skipped": [],
      "duration": 0,
      "root": true,
      "rootEmpty": true,
      "_timeout": 2000
    }
  ],
  "meta": {
    "mocha": {
      "version": "7.2.0"
    },
    "mochawesome": {
      "options": {
        "quiet": false,
        "reportFilename": "mochawesome",
        "saveHtml": true,
        "saveJson": true,
        "consoleReporter": "spec",
        "useInlineDiffs": false,
        "code": true
      },
      "version": "7.1.4"
    },
    "marge": {
      "options": {
        "reportDir": "cypress/results",
        "overwrite": false,
        "html": true,
        "json": true
      },
      "version": "6.3.0"
    }
  }
}