{
  "stats": {
    "suites": 1,
    "tests": 4,
    "passes": 4,
    "pending": 0,
    "failures": 0,
    "start": "2025-10-08T17:45:38.552Z",
    "end": "2025-10-08T17:45:47.758Z",
    "duration": 9206,
    "testsRegistered": 4,
    "passPercent": 100,
    "pendingPercent": 0,
    "other": 0,
    "hasOther": false,
    "skipped": 0,
    "hasSkipped": false
  },
  "results": [
    {
      "uuid": "4277819b-0949-4502-aa9a-7fc2ceb4fdc7",
      "title": "",
      "fullFile": "cypress/e2e/api/002 - API Integração Clientes/002 - API Consulta Profissional/002.api-consulta-profissional-erros-soap.cy.js",
      "file": "cypress/e2e/api/002 - API Integração Clientes/002 - API Consulta Profissional/002.api-consulta-profissional-erros-soap.cy.js",
      "beforeHooks": [],
      "afterHooks": [],
      "tests": [],
      "suites": [
        {
          "uuid": "9edf7383-c3d8-4711-81b5-ca0b32762143",
          "title": "Integração Clientes - Erros, API Consulta de Profissional SOAP",
          "fullFile": "",
          "file": "",
          "beforeHooks": [],
          "afterHooks": [],
          "tests": [
            {
              "title": "Realizar requisição com corpo vazio",
              "fullTitle": "Integração Clientes - Erros, API Consulta de Profissional SOAP Realizar requisição com corpo vazio",
              "timedOut": null,
              "duration": 1539,
              "state": "passed",
              "speed": "fast",
              "pass": true,
              "fail": false,
              "pending": false,
              "context": null,
              "code": "cy.api({\n  method: \"POST\",\n  url: url,\n  body: {},\n  failOnStatusCode: false\n}).then(r => {\n  const faultcode = r.body.match(/<faultcode>([\\s\\S]*?)<\\/faultcode>/)[1].trim();\n  const faultstring = r.body.match(/<faultstring>([\\s\\S]*?)<\\/faultstring>/)[1].trim();\n  expect(r.status).to.eq(500);\n  expect(faultcode).to.eq(\"SOAP-ENV:Client\");\n  expect(faultstring).to.eq(\"Bad Request\");\n});",
              "err": {},
              "uuid": "dc6ac7b3-bcfd-4409-9c6e-041271fa5b97",
              "parentUUID": "9edf7383-c3d8-4711-81b5-ca0b32762143",
              "isHook": false,
              "skipped": false
            },
            {
              "title": "Realizar requisição com CNPJ ausente",
              "fullTitle": "Integração Clientes - Erros, API Consulta de Profissional SOAP Realizar requisição com CNPJ ausente",
              "timedOut": null,
              "duration": 2274,
              "state": "passed",
              "speed": "fast",
              "pass": true,
              "fail": false,
              "pending": false,
              "context": null,
              "code": "const cnpjCliente = \"\";\nconst soapPayload = `<?xml version=\"1.0\" encoding=\"utf-8\"?>\n<soapenv:Envelope xmlns:soapenv=\"http://schemas.xmlsoap.org/soap/envelope/\" xmlns:con=\"https://tstapi.buonny.com.br/portal/wsdl/consulta_profissional\">\n<soapenv:Header/>\n<soapenv:Body>\n    <con:consulta>\n        <cnpj_cliente>${cnpjCliente}</cnpj_cliente>\n        <autenticacao>\n            <token>${token}</token>\n        </autenticacao>\n        <produto>2</produto>\n        <profissional>\n            <documento>447.504.598-36</documento>\n            <carreteiro>S</carreteiro>\n        </profissional>\n        <veiculos>\n            <placa>${placa}</placa>\n        </veiculos>\n        <carga_tipo>1</carga_tipo>\n        <carga_valor>1000</carga_valor>\n        <pais_origem>BR</pais_origem>\n        <uf_origem>GO</uf_origem>\n        <cidade_origem>Ipameri</cidade_origem>\n        <pais_destino></pais_destino>\n        <uf_destino></uf_destino>\n        <cidade_destino>PARATI</cidade_destino>\n    </con:consulta>\n</soapenv:Body>\n</soapenv:Envelope>`;\ncy.api({\n  method: \"POST\",\n  url: url,\n  body: soapPayload,\n  failOnStatusCode: false\n}).then(r => {\n  const faultcode = r.body.match(/<faultcode>([\\s\\S]*?)<\\/faultcode>/)[1].trim();\n  const faultstring = r.body.match(/<faultstring>([\\s\\S]*?)<\\/faultstring>/)[1].trim();\n  expect(r.status).to.eq(500);\n  expect(faultcode).to.eq(\"ns1:1\");\n  expect(faultstring).to.eq(\"CNPJ Cliente não informado ou XML Inválido\");\n});",
              "err": {},
              "uuid": "16bf4a08-8fd8-4a1d-9512-65359c8c8dd5",
              "parentUUID": "9edf7383-c3d8-4711-81b5-ca0b32762143",
              "isHook": false,
              "skipped": false
            },
            {
              "title": "Realizar requisição com token ausente ou inválido",
              "fullTitle": "Integração Clientes - Erros, API Consulta de Profissional SOAP Realizar requisição com token ausente ou inválido",
              "timedOut": null,
              "duration": 2270,
              "state": "passed",
              "speed": "fast",
              "pass": true,
              "fail": false,
              "pending": false,
              "context": null,
              "code": "const token = \"\";\nconst soapPayload = `<?xml version=\"1.0\" encoding=\"utf-8\"?>\n<soapenv:Envelope xmlns:soapenv=\"http://schemas.xmlsoap.org/soap/envelope/\" xmlns:con=\"https://tstapi.buonny.com.br/portal/wsdl/consulta_profissional\">\n<soapenv:Header/>\n<soapenv:Body>\n    <con:consulta>\n        <cnpj_cliente>${cnpjCliente}</cnpj_cliente>\n        <autenticacao>\n            <token>${token}</token>\n        </autenticacao>\n        <produto>2</produto>\n        <profissional>\n            <documento>447.504.598-36</documento>\n            <carreteiro>S</carreteiro>\n        </profissional>\n        <veiculos>\n            <placa>${placa}</placa>\n        </veiculos>\n        <carga_tipo>1</carga_tipo>\n        <carga_valor>1000</carga_valor>\n        <pais_origem>BR</pais_origem>\n        <uf_origem>GO</uf_origem>\n        <cidade_origem>Ipameri</cidade_origem>\n        <pais_destino></pais_destino>\n        <uf_destino></uf_destino>\n        <cidade_destino>PARATI</cidade_destino>\n    </con:consulta>\n</soapenv:Body>\n</soapenv:Envelope>`;\ncy.api({\n  method: \"POST\",\n  url: url,\n  body: soapPayload,\n  failOnStatusCode: false\n}).then(r => {\n  const faultcode = r.body.match(/<faultcode>([\\s\\S]*?)<\\/faultcode>/)[1].trim();\n  const faultstring = r.body.match(/<faultstring>([\\s\\S]*?)<\\/faultstring>/)[1].trim();\n  expect(r.status).to.eq(500);\n  expect(faultcode).to.eq(\"ns1:1\");\n  expect(faultstring).to.eq(`O token informado não confere com o cnpj do cliente\n - ${cnpjCliente}`);\n});",
              "err": {},
              "uuid": "a8c74dfb-1ebd-45fb-82ab-138c51feb894",
              "parentUUID": "9edf7383-c3d8-4711-81b5-ca0b32762143",
              "isHook": false,
              "skipped": false
            },
            {
              "title": "Realizar requisição com CPF profissional vazio",
              "fullTitle": "Integração Clientes - Erros, API Consulta de Profissional SOAP Realizar requisição com CPF profissional vazio",
              "timedOut": null,
              "duration": 2704,
              "state": "passed",
              "speed": "fast",
              "pass": true,
              "fail": false,
              "pending": false,
              "context": null,
              "code": "const soapPayload = `<?xml version=\"1.0\" encoding=\"utf-8\"?>\n<soapenv:Envelope xmlns:soapenv=\"http://schemas.xmlsoap.org/soap/envelope/\" xmlns:con=\"https://tstapi.buonny.com.br/portal/wsdl/consulta_profissional\">\n<soapenv:Header/>\n<soapenv:Body>\n    <con:consulta>\n        <cnpj_cliente>${cnpjCliente}</cnpj_cliente>\n        <autenticacao>\n            <token>${token}</token>\n        </autenticacao>\n        <produto>2</produto>\n        <profissional>\n            <documento></documento>\n            <carreteiro>S</carreteiro>\n        </profissional>\n        <veiculos>\n            <placa>${placa}</placa>\n        </veiculos>\n        <carga_tipo>1</carga_tipo>\n        <carga_valor>1000</carga_valor>\n        <pais_origem>BR</pais_origem>\n        <uf_origem>GO</uf_origem>\n        <cidade_origem>Ipameri</cidade_origem>\n        <pais_destino></pais_destino>\n        <uf_destino></uf_destino>\n        <cidade_destino>PARATI</cidade_destino>\n    </con:consulta>\n</soapenv:Body>\n</soapenv:Envelope>`;\ncy.api({\n  method: \"POST\",\n  url: url,\n  body: soapPayload,\n  failOnStatusCode: false\n}).then(r => {\n  const faultcode = r.body.match(/<faultcode>([\\s\\S]*?)<\\/faultcode>/)[1].trim();\n  const faultstring = r.body.match(/<faultstring>([\\s\\S]*?)<\\/faultstring>/)[1].trim();\n  expect(r.status).to.eq(500);\n  expect(faultcode).to.eq(\"ns1:1\");\n  expect(faultstring).to.eq(\"CPF profissional não informado\");\n});",
              "err": {},
              "uuid": "49892abe-966a-4a58-afcb-b1527cdb2689",
              "parentUUID": "9edf7383-c3d8-4711-81b5-ca0b32762143",
              "isHook": false,
              "skipped": false
            }
          ],
          "suites": [],
          "passes": [
            "dc6ac7b3-bcfd-4409-9c6e-041271fa5b97",
            "16bf4a08-8fd8-4a1d-9512-65359c8c8dd5",
            "a8c74dfb-1ebd-45fb-82ab-138c51feb894",
            "49892abe-966a-4a58-afcb-b1527cdb2689"
          ],
          "failures": [],
          "pending": [],
          "skipped": [],
          "duration": 8787,
          "root": false,
          "rootEmpty": false,
          "_timeout": 2000
        }
      ],
      "passes": [],
      "failures": [],
      "pending": [],
      "skipped": [],
      "duration": 0,
      "root": true,
      "rootEmpty": true,
      "_timeout": 2000
    }
  ],
  "meta": {
    "mocha": {
      "version": "7.2.0"
    },
    "mochawesome": {
      "options": {
        "quiet": false,
        "reportFilename": "mochawesome",
        "saveHtml": true,
        "saveJson": true,
        "consoleReporter": "spec",
        "useInlineDiffs": false,
        "code": true
      },
      "version": "7.1.4"
    },
    "marge": {
      "options": {
        "reportDir": "cypress/results",
        "overwrite": false,
        "html": true,
        "json": true
      },
      "version": "6.3.0"
    }
  }
}