{
  "stats": {
    "suites": 1,
    "tests": 4,
    "passes": 4,
    "pending": 0,
    "failures": 0,
    "start": "2025-10-13T21:09:20.236Z",
    "end": "2025-10-13T21:09:57.652Z",
    "duration": 37416,
    "testsRegistered": 4,
    "passPercent": 100,
    "pendingPercent": 0,
    "other": 0,
    "hasOther": false,
    "skipped": 0,
    "hasSkipped": false
  },
  "results": [
    {
      "uuid": "0a1cd61a-2bf0-4cfd-91db-5e2ae18352bb",
      "title": "",
      "fullFile": "cypress/e2e/api/002 - API Integração Clientes/005 - API Inclusão de SM SOAP/002.api-inclusao-SM-erros-soap.cy.js",
      "file": "cypress/e2e/api/002 - API Integração Clientes/005 - API Inclusão de SM SOAP/002.api-inclusao-SM-erros-soap.cy.js",
      "beforeHooks": [],
      "afterHooks": [],
      "tests": [],
      "suites": [
        {
          "uuid": "dfd0e02e-3e51-40e4-bae0-6c144fd463ea",
          "title": "Integração Clientes - Inclusão de SM via SOAP - Validações de erro",
          "fullFile": "",
          "file": "",
          "beforeHooks": [],
          "afterHooks": [],
          "tests": [
            {
              "title": "Requisição com corpo vazio",
              "fullTitle": "Integração Clientes - Inclusão de SM via SOAP - Validações de erro Requisição com corpo vazio",
              "timedOut": null,
              "duration": 2329,
              "state": "passed",
              "speed": "fast",
              "pass": true,
              "fail": false,
              "pending": false,
              "context": null,
              "code": "cy.api({\n  method: \"POST\",\n  url: APIclientes.InclusãoSmSoap,\n  body: \"\",\n  headers: {\n    \"Content-Type\": \"text/xml;charset=UTF-8\",\n    SOAPAction: \"https://tstapi.buonny.com.br/portal/wsdl/buonny/viagem\"\n  },\n  timeout: 120000,\n  failOnStatusCode: false\n}).then(r => {\n  cy.log(r.body);\n  expect(r.status).to.eq(500);\n  expect(r.body).to.contain(\">Bad Request<\");\n});",
              "err": {},
              "uuid": "472c8ab2-c8ae-4f9f-b51c-fc4efeaccc7d",
              "parentUUID": "dfd0e02e-3e51-40e4-bae0-6c144fd463ea",
              "isHook": false,
              "skipped": false
            },
            {
              "title": "Requisição com token inválido",
              "fullTitle": "Integração Clientes - Inclusão de SM via SOAP - Validações de erro Requisição com token inválido",
              "timedOut": null,
              "duration": 2430,
              "state": "passed",
              "speed": "fast",
              "pass": true,
              "fail": false,
              "pending": false,
              "context": null,
              "code": "const payloadTokenInvalido = payload.replace(/<token>.*?<\\/token>/, \"<token></token>\");\ncy.api({\n  method: \"POST\",\n  url: APIclientes.InclusãoSmSoap,\n  body: payloadTokenInvalido,\n  headers: {\n    \"Content-Type\": \"text/xml;charset=UTF-8\",\n    SOAPAction: \"https://tstapi.buonny.com.br/portal/wsdl/buonny/viagem\"\n  },\n  timeout: 120000,\n  failOnStatusCode: false\n}).then(r => {\n  cy.log(r.body);\n  expect(r.body).to.contain(\"O token informado não confere com o cnpj do cliente\");\n});",
              "err": {},
              "uuid": "a812b439-0e72-4402-8624-d28adc8666bd",
              "parentUUID": "dfd0e02e-3e51-40e4-bae0-6c144fd463ea",
              "isHook": false,
              "skipped": false
            },
            {
              "title": "Requisição com data de início no passado",
              "fullTitle": "Integração Clientes - Inclusão de SM via SOAP - Validações de erro Requisição com data de início no passado",
              "timedOut": null,
              "duration": 25467,
              "state": "passed",
              "speed": "slow",
              "pass": true,
              "fail": false,
              "pending": false,
              "context": null,
              "code": "const payloadDataPassado = payload.replace(/<data_previsao_inicio>.*?<\\/data_previsao_inicio>/, \"<data_previsao_inicio>03/01/2025 15:50:00</data_previsao_inicio>\");\ncy.api({\n  method: \"POST\",\n  url: APIclientes.InclusãoSmSoap,\n  body: payloadDataPassado,\n  headers: {\n    \"Content-Type\": \"text/xml;charset=UTF-8\",\n    SOAPAction: \"https://tstapi.buonny.com.br/portal/wsdl/buonny/viagem\"\n  },\n  timeout: 120000,\n  failOnStatusCode: false\n}).then(r => {\n  cy.log(r.body);\n  expect(r.body).to.contain(\"Previsão de início não deve ser menor que a data e hora atual\");\n});",
              "err": {},
              "uuid": "20bf17f7-8df4-462f-a4d5-a860462d1d06",
              "parentUUID": "dfd0e02e-3e51-40e4-bae0-6c144fd463ea",
              "isHook": false,
              "skipped": false
            },
            {
              "title": "Requisição com data de chegada no passado",
              "fullTitle": "Integração Clientes - Inclusão de SM via SOAP - Validações de erro Requisição com data de chegada no passado",
              "timedOut": null,
              "duration": 6838,
              "state": "passed",
              "speed": "medium",
              "pass": true,
              "fail": false,
              "pending": false,
              "context": null,
              "code": "const payloadDataPassado = payload.replace(/<previsao_de_chegada>.*?<\\/previsao_de_chegada>/, \"<previsao_de_chegada>03/01/2025 15:50:00</previsao_de_chegada>\");\ncy.api({\n  method: \"POST\",\n  url: APIclientes.InclusãoSmSoap,\n  body: payloadDataPassado,\n  headers: {\n    \"Content-Type\": \"text/xml;charset=UTF-8\",\n    SOAPAction: \"https://tstapi.buonny.com.br/portal/wsdl/buonny/viagem\"\n  },\n  timeout: 120000,\n  failOnStatusCode: false\n}).then(r => {\n  cy.log(r.body);\n  expect(r.body).to.contain(\"Data de previsão menor que a data de inicio\");\n});",
              "err": {},
              "uuid": "45c31587-408f-4390-bbbf-51298be0db97",
              "parentUUID": "dfd0e02e-3e51-40e4-bae0-6c144fd463ea",
              "isHook": false,
              "skipped": false
            }
          ],
          "suites": [],
          "passes": [
            "472c8ab2-c8ae-4f9f-b51c-fc4efeaccc7d",
            "a812b439-0e72-4402-8624-d28adc8666bd",
            "20bf17f7-8df4-462f-a4d5-a860462d1d06",
            "45c31587-408f-4390-bbbf-51298be0db97"
          ],
          "failures": [],
          "pending": [],
          "skipped": [],
          "duration": 37064,
          "root": false,
          "rootEmpty": false,
          "_timeout": 2000
        }
      ],
      "passes": [],
      "failures": [],
      "pending": [],
      "skipped": [],
      "duration": 0,
      "root": true,
      "rootEmpty": true,
      "_timeout": 2000
    }
  ],
  "meta": {
    "mocha": {
      "version": "7.2.0"
    },
    "mochawesome": {
      "options": {
        "quiet": false,
        "reportFilename": "mochawesome",
        "saveHtml": true,
        "saveJson": true,
        "consoleReporter": "spec",
        "useInlineDiffs": false,
        "code": true
      },
      "version": "7.1.4"
    },
    "marge": {
      "options": {
        "reportDir": "cypress/results",
        "overwrite": false,
        "html": true,
        "json": true
      },
      "version": "6.3.0"
    }
  }
}