{
  "stats": {
    "suites": 1,
    "tests": 5,
    "passes": 5,
    "pending": 0,
    "failures": 0,
    "start": "2025-10-09T19:55:54.293Z",
    "end": "2025-10-09T19:55:59.133Z",
    "duration": 4840,
    "testsRegistered": 5,
    "passPercent": 100,
    "pendingPercent": 0,
    "other": 0,
    "hasOther": false,
    "skipped": 0,
    "hasSkipped": false
  },
  "results": [
    {
      "uuid": "4316ac31-583b-4678-b3f7-b7a704e122ef",
      "title": "",
      "fullFile": "cypress/e2e/api/002 - API Integração Clientes/007 - API Acompanhamento de viagem/002.api-acompanhamento-viagem-erros.cy.js",
      "file": "cypress/e2e/api/002 - API Integração Clientes/007 - API Acompanhamento de viagem/002.api-acompanhamento-viagem-erros.cy.js",
      "beforeHooks": [],
      "afterHooks": [],
      "tests": [],
      "suites": [
        {
          "uuid": "d9e9409d-a3be-47a1-a268-5de0afc47eef",
          "title": "Integração Clientes - API Acompanhamento de viagem erros,",
          "fullFile": "",
          "file": "",
          "beforeHooks": [],
          "afterHooks": [],
          "tests": [
            {
              "title": "Validação de retorno: Buscar acompanhamento com token expirado ou inválido",
              "fullTitle": "Integração Clientes - API Acompanhamento de viagem erros, Validação de retorno: Buscar acompanhamento com token expirado ou inválido",
              "timedOut": null,
              "duration": 870,
              "state": "passed",
              "speed": "fast",
              "pass": true,
              "fail": false,
              "pending": false,
              "context": null,
              "code": "cy.api({\n  method: \"POST\",\n  url: `${url}&limit=0`,\n  headers: {\n    Authorization: `Bearer 123`\n  },\n  body: {\n    CnpjCliente: cnpjCliente,\n    DataInicio: formatarDataV2(),\n    DataFim: formatarDataChegadaV2(),\n    status: [1, 2, 3, 4, 5, 6]\n  },\n  failOnStatusCode: false\n}).then(r => {\n  expect(r.status).to.eq(401);\n});",
              "err": {},
              "uuid": "53cc16d9-cb64-484d-ae9e-3c173f0cee02",
              "parentUUID": "d9e9409d-a3be-47a1-a268-5de0afc47eef",
              "isHook": false,
              "skipped": false
            },
            {
              "title": "Validação de retorno: Buscar acompanhamento com body vazio",
              "fullTitle": "Integração Clientes - API Acompanhamento de viagem erros, Validação de retorno: Buscar acompanhamento com body vazio",
              "timedOut": null,
              "duration": 745,
              "state": "passed",
              "speed": "fast",
              "pass": true,
              "fail": false,
              "pending": false,
              "context": null,
              "code": "cy.get(\"@tokenBC\").then(token => {\n  cy.api({\n    method: \"POST\",\n    url: `${url}&limit=1`,\n    headers: {\n      Authorization: `Bearer ${token}`\n    },\n    body: \"\",\n    failOnStatusCode: false\n  }).then(r => {\n    expect(r.status).to.eq(415);\n  });\n});",
              "err": {},
              "uuid": "9db6e3a9-c0d1-42e5-90cc-df3406f66db3",
              "parentUUID": "d9e9409d-a3be-47a1-a268-5de0afc47eef",
              "isHook": false,
              "skipped": false
            },
            {
              "title": "Validação de retorno: Buscar acompanhamento com body vazio II",
              "fullTitle": "Integração Clientes - API Acompanhamento de viagem erros, Validação de retorno: Buscar acompanhamento com body vazio II",
              "timedOut": null,
              "duration": 634,
              "state": "passed",
              "speed": "fast",
              "pass": true,
              "fail": false,
              "pending": false,
              "context": null,
              "code": "cy.get(\"@tokenBC\").then(token => {\n  cy.api({\n    method: \"POST\",\n    url: `${url}&limit=1`,\n    headers: {\n      Authorization: `Bearer ${token}`\n    },\n    body: {},\n    failOnStatusCode: false\n  }).then(r => {\n    expect(r.status).to.eq(400);\n  });\n});",
              "err": {},
              "uuid": "8b8af236-62ec-486d-b60b-cc9e01d159e0",
              "parentUUID": "d9e9409d-a3be-47a1-a268-5de0afc47eef",
              "isHook": false,
              "skipped": false
            },
            {
              "title": "Validação de retorno: Payload com campos obrigatórios ausentes",
              "fullTitle": "Integração Clientes - API Acompanhamento de viagem erros, Validação de retorno: Payload com campos obrigatórios ausentes",
              "timedOut": null,
              "duration": 1419,
              "state": "passed",
              "speed": "fast",
              "pass": true,
              "fail": false,
              "pending": false,
              "context": null,
              "code": "cy.get(\"@tokenBC\").then(token => {\n  cy.api({\n    method: \"POST\",\n    url: `${url}&limit=1`,\n    headers: {\n      Authorization: `Bearer ${token}`\n    },\n    body: {\n      DataInicio: formatarDataV2(),\n      DataFim: formatarDataChegadaV2(),\n      status: [1, 2, 3, 4, 5, 6]\n    },\n    failOnStatusCode: false\n  }).then(r => {\n    expect(r.status).to.eq(404);\n  });\n});",
              "err": {},
              "uuid": "40bef16b-7f9a-4f21-abb6-b6d1bfab490d",
              "parentUUID": "d9e9409d-a3be-47a1-a268-5de0afc47eef",
              "isHook": false,
              "skipped": false
            },
            {
              "title": "Validação de retorno: Payload com campos obrigatórios vazios",
              "fullTitle": "Integração Clientes - API Acompanhamento de viagem erros, Validação de retorno: Payload com campos obrigatórios vazios",
              "timedOut": null,
              "duration": 611,
              "state": "passed",
              "speed": "fast",
              "pass": true,
              "fail": false,
              "pending": false,
              "context": null,
              "code": "cy.get(\"@tokenBC\").then(token => {\n  cy.api({\n    method: \"POST\",\n    url: `${url}&limit=1`,\n    headers: {\n      Authorization: `Bearer ${token}`\n    },\n    body: {\n      DataInicio: \"\",\n      DataFim: formatarDataChegadaV2(),\n      status: [1, 2, 3, 4, 5, 6]\n    },\n    failOnStatusCode: false\n  }).then(r => {\n    expect(r.status).to.eq(500);\n  });\n});",
              "err": {},
              "uuid": "eba7e172-be73-48dd-bee8-7025d3af2329",
              "parentUUID": "d9e9409d-a3be-47a1-a268-5de0afc47eef",
              "isHook": false,
              "skipped": false
            }
          ],
          "suites": [],
          "passes": [
            "53cc16d9-cb64-484d-ae9e-3c173f0cee02",
            "9db6e3a9-c0d1-42e5-90cc-df3406f66db3",
            "8b8af236-62ec-486d-b60b-cc9e01d159e0",
            "40bef16b-7f9a-4f21-abb6-b6d1bfab490d",
            "eba7e172-be73-48dd-bee8-7025d3af2329"
          ],
          "failures": [],
          "pending": [],
          "skipped": [],
          "duration": 4279,
          "root": false,
          "rootEmpty": false,
          "_timeout": 2000
        }
      ],
      "passes": [],
      "failures": [],
      "pending": [],
      "skipped": [],
      "duration": 0,
      "root": true,
      "rootEmpty": true,
      "_timeout": 2000
    }
  ],
  "meta": {
    "mocha": {
      "version": "7.2.0"
    },
    "mochawesome": {
      "options": {
        "quiet": false,
        "reportFilename": "mochawesome",
        "saveHtml": true,
        "saveJson": true,
        "consoleReporter": "spec",
        "useInlineDiffs": false,
        "code": true
      },
      "version": "7.1.4"
    },
    "marge": {
      "options": {
        "reportDir": "cypress/results",
        "overwrite": false,
        "html": true,
        "json": true
      },
      "version": "6.3.0"
    }
  }
}