{
  "stats": {
    "suites": 1,
    "tests": 3,
    "passes": 3,
    "pending": 0,
    "failures": 0,
    "start": "2025-10-17T12:06:41.072Z",
    "end": "2025-10-17T12:06:47.652Z",
    "duration": 6580,
    "testsRegistered": 3,
    "passPercent": 100,
    "pendingPercent": 0,
    "other": 0,
    "hasOther": false,
    "skipped": 0,
    "hasSkipped": false
  },
  "results": [
    {
      "uuid": "dfc25806-868a-49d6-ac25-39a983bc7f1c",
      "title": "",
      "fullFile": "cypress/e2e/api/002 - API Integração Clientes/003 - API Consulta entrega/002.api-consulta-entrega-erros-soap.cy.js",
      "file": "cypress/e2e/api/002 - API Integração Clientes/003 - API Consulta entrega/002.api-consulta-entrega-erros-soap.cy.js",
      "beforeHooks": [],
      "afterHooks": [],
      "tests": [],
      "suites": [
        {
          "uuid": "a8ab40bf-ca6f-4593-98b8-6080a0b71db2",
          "title": "Integração Clientes - API Consulta entrega erros SOAP",
          "fullFile": "",
          "file": "",
          "beforeHooks": [],
          "afterHooks": [],
          "tests": [
            {
              "title": "Requisição com corpo vazio",
              "fullTitle": "Integração Clientes - API Consulta entrega erros SOAP Requisição com corpo vazio",
              "timedOut": null,
              "duration": 1666,
              "state": "passed",
              "speed": "fast",
              "pass": true,
              "fail": false,
              "pending": false,
              "context": null,
              "code": "cy.api({\n  method: \"POST\",\n  url: url,\n  body: ``,\n  failOnStatusCode: false\n}).then(r => {\n  const faultcode = r.body.match(/<faultcode>([\\s\\S]*?)<\\/faultcode/)[1].trim();\n  const faultstring = r.body.match(/<faultstring>([\\s\\S]*?)<\\/faultstring>/)[1].trim();\n  expect(r.status).to.eq(500);\n  expect(faultcode).to.eq(\"SOAP-ENV:Client\");\n  expect(faultstring).to.eq(\"Bad Request\");\n});",
              "err": {},
              "uuid": "efd6b30f-e078-456a-8c9f-c29889600517",
              "parentUUID": "a8ab40bf-ca6f-4593-98b8-6080a0b71db2",
              "isHook": false,
              "skipped": false
            },
            {
              "title": "Requisição com token vazio",
              "fullTitle": "Integração Clientes - API Consulta entrega erros SOAP Requisição com token vazio",
              "timedOut": null,
              "duration": 2192,
              "state": "passed",
              "speed": "fast",
              "pass": true,
              "fail": false,
              "pending": false,
              "context": null,
              "code": "cy.api({\n  method: \"POST\",\n  url: url,\n  body: `<x:Envelope\nxmlns:x=\"http://schemas.xmlsoap.org/soap/envelope/\"\nxmlns:sta=\"https://tstapi.buonny.com.br/portal/wsdl/status_entrega\">\n<x:Header/>\n<x:Body>\n    <sta:consulta>\n        <sta:autenticacao>\n            <sta:token></sta:token>\n        </sta:autenticacao>\n        <sta:cnpj_cliente>${cnpjCliente}</sta:cnpj_cliente>\n        <sta:alvo></sta:alvo>\n        <sta:nota_fiscal></sta:nota_fiscal>\n        <sta:pedido_nota_fiscal></sta:pedido_nota_fiscal>\n        <sta:placa>${placa}</sta:placa>\n        <sta:pedido_cliente></sta:pedido_cliente>\n    </sta:consulta>\n</x:Body>\n</x:Envelope>`,\n  failOnStatusCode: false\n}).then(r => {\n  const faultcode = r.body.match(/<faultcode>([\\s\\S]*?)<\\/faultcode/)[1].trim();\n  const faultstring = r.body.match(/<faultstring>([\\s\\S]*?)<\\/faultstring>/)[1].trim();\n  expect(r.status).to.eq(500);\n  expect(faultcode).to.eq(\"1\");\n  expect(faultstring).to.eq(\"Informe o token\");\n});",
              "err": {},
              "uuid": "c155c5ab-326f-43d2-8cdc-99ba7d981401",
              "parentUUID": "a8ab40bf-ca6f-4593-98b8-6080a0b71db2",
              "isHook": false,
              "skipped": false
            },
            {
              "title": "Requisição com CNPJ vazio",
              "fullTitle": "Integração Clientes - API Consulta entrega erros SOAP Requisição com CNPJ vazio",
              "timedOut": null,
              "duration": 2372,
              "state": "passed",
              "speed": "fast",
              "pass": true,
              "fail": false,
              "pending": false,
              "context": null,
              "code": "cy.api({\n  method: \"POST\",\n  url: url,\n  body: `<x:Envelope\nxmlns:x=\"http://schemas.xmlsoap.org/soap/envelope/\"\nxmlns:sta=\"https://tstapi.buonny.com.br/portal/wsdl/status_entrega\">\n<x:Header/>\n<x:Body>\n    <sta:consulta>\n        <sta:autenticacao>\n            <sta:token>${token}</sta:token>\n        </sta:autenticacao>\n        <sta:cnpj_cliente></sta:cnpj_cliente>\n        <sta:alvo></sta:alvo>\n        <sta:nota_fiscal></sta:nota_fiscal>\n        <sta:pedido_nota_fiscal></sta:pedido_nota_fiscal>\n        <sta:placa>${placa}</sta:placa>\n        <sta:pedido_cliente></sta:pedido_cliente>\n    </sta:consulta>\n</x:Body>\n</x:Envelope>`,\n  failOnStatusCode: false\n}).then(r => {\n  const faultcode = r.body.match(/<faultcode>([\\s\\S]*?)<\\/faultcode/)[1].trim();\n  const faultstring = r.body.match(/<faultstring>([\\s\\S]*?)<\\/faultstring>/)[1].trim();\n  expect(r.status).to.eq(500);\n  expect(faultcode).to.eq(\"1\");\n  expect(faultstring).to.eq(\"Informe o Cnpj\");\n});",
              "err": {},
              "uuid": "5124c3f7-afc9-41a7-9afe-bb2a665d87d4",
              "parentUUID": "a8ab40bf-ca6f-4593-98b8-6080a0b71db2",
              "isHook": false,
              "skipped": false
            }
          ],
          "suites": [],
          "passes": [
            "efd6b30f-e078-456a-8c9f-c29889600517",
            "c155c5ab-326f-43d2-8cdc-99ba7d981401",
            "5124c3f7-afc9-41a7-9afe-bb2a665d87d4"
          ],
          "failures": [],
          "pending": [],
          "skipped": [],
          "duration": 6230,
          "root": false,
          "rootEmpty": false,
          "_timeout": 2000
        }
      ],
      "passes": [],
      "failures": [],
      "pending": [],
      "skipped": [],
      "duration": 0,
      "root": true,
      "rootEmpty": true,
      "_timeout": 2000
    }
  ],
  "meta": {
    "mocha": {
      "version": "7.2.0"
    },
    "mochawesome": {
      "options": {
        "quiet": false,
        "reportFilename": "mochawesome",
        "saveHtml": true,
        "saveJson": true,
        "consoleReporter": "spec",
        "useInlineDiffs": false,
        "code": true
      },
      "version": "7.1.4"
    },
    "marge": {
      "options": {
        "reportDir": "cypress/results",
        "overwrite": false,
        "html": true,
        "json": true
      },
      "version": "6.3.0"
    }
  }
}