{
  "stats": {
    "suites": 1,
    "tests": 2,
    "passes": 2,
    "pending": 0,
    "failures": 0,
    "start": "2025-10-07T18:29:23.264Z",
    "end": "2025-10-07T18:29:28.372Z",
    "duration": 5108,
    "testsRegistered": 2,
    "passPercent": 100,
    "pendingPercent": 0,
    "other": 0,
    "hasOther": false,
    "skipped": 0,
    "hasSkipped": false
  },
  "results": [
    {
      "uuid": "ca401086-9910-43b5-8d19-5780dfca18d6",
      "title": "",
      "fullFile": "cypress/e2e/api/002 - API Integração Clientes/007 - API Acompanhamento de viagem/001.api-acompanhamento-viagem.cy.js",
      "file": "cypress/e2e/api/002 - API Integração Clientes/007 - API Acompanhamento de viagem/001.api-acompanhamento-viagem.cy.js",
      "beforeHooks": [],
      "afterHooks": [],
      "tests": [],
      "suites": [
        {
          "uuid": "00f0bcf4-0679-4d14-9796-f84acf0bf258",
          "title": "Integração Clientes - API Acompanhamento de viagem",
          "fullFile": "",
          "file": "",
          "beforeHooks": [],
          "afterHooks": [],
          "tests": [
            {
              "title": "Validação de retorno: Acompanhanmento de viagem com sucesso",
              "fullTitle": "Integração Clientes - API Acompanhamento de viagem Validação de retorno: Acompanhanmento de viagem com sucesso",
              "timedOut": null,
              "duration": 2557,
              "state": "passed",
              "speed": "fast",
              "pass": true,
              "fail": false,
              "pending": false,
              "context": null,
              "code": "cy.get(\"@tokenBC\").then(token => {\n  cy.api({\n    method: \"POST\",\n    url: `${url}&limit=0`,\n    headers: {\n      Authorization: `Bearer ${token}`\n    },\n    body: {\n      CnpjCliente: cnpjCliente,\n      DataInicio: formatarDataV2(),\n      DataFim: formatarDataChegadaV2(),\n      status: [1, 2, 3, 4, 5, 6]\n    },\n    failOnStatusCode: false\n  }).then(r => {\n    expect(r.status).to.eq(200);\n    expect(r.body).to.be.an(\"array\").and.not.to.be.empty;\n  });\n});",
              "err": {},
              "uuid": "f8c299f0-16a9-4df2-a1a0-3f3aae97625b",
              "parentUUID": "00f0bcf4-0679-4d14-9796-f84acf0bf258",
              "isHook": false,
              "skipped": false
            },
            {
              "title": "Validação de retorno: Paginação offset e limit funcionando corretamente",
              "fullTitle": "Integração Clientes - API Acompanhamento de viagem Validação de retorno: Paginação offset e limit funcionando corretamente",
              "timedOut": null,
              "duration": 1592,
              "state": "passed",
              "speed": "fast",
              "pass": true,
              "fail": false,
              "pending": false,
              "context": null,
              "code": "cy.get(\"@tokenBC\").then(token => {\n  cy.api({\n    method: \"POST\",\n    url: `${url}&limit=1`,\n    headers: {\n      Authorization: `Bearer ${token}`\n    },\n    body: {\n      CnpjCliente: cnpjCliente,\n      DataInicio: formatarDataV2(),\n      DataFim: formatarDataChegadaV2(),\n      status: [3]\n    },\n    failOnStatusCode: false\n  }).then(r => {\n    expect(r.status).to.eq(200);\n    expect(r.body.length).to.equal(1);\n  });\n});",
              "err": {},
              "uuid": "90a74bcd-f478-4c61-bc67-d7d2b487aaa0",
              "parentUUID": "00f0bcf4-0679-4d14-9796-f84acf0bf258",
              "isHook": false,
              "skipped": false
            }
          ],
          "suites": [],
          "passes": [
            "f8c299f0-16a9-4df2-a1a0-3f3aae97625b",
            "90a74bcd-f478-4c61-bc67-d7d2b487aaa0"
          ],
          "failures": [],
          "pending": [],
          "skipped": [],
          "duration": 4149,
          "root": false,
          "rootEmpty": false,
          "_timeout": 2000
        }
      ],
      "passes": [],
      "failures": [],
      "pending": [],
      "skipped": [],
      "duration": 0,
      "root": true,
      "rootEmpty": true,
      "_timeout": 2000
    }
  ],
  "meta": {
    "mocha": {
      "version": "7.2.0"
    },
    "mochawesome": {
      "options": {
        "quiet": false,
        "reportFilename": "mochawesome",
        "saveHtml": true,
        "saveJson": true,
        "consoleReporter": "spec",
        "useInlineDiffs": false,
        "code": true
      },
      "version": "7.1.4"
    },
    "marge": {
      "options": {
        "reportDir": "cypress/results",
        "overwrite": false,
        "html": true,
        "json": true
      },
      "version": "6.3.0"
    }
  }
}