{
  "stats": {
    "suites": 1,
    "tests": 4,
    "passes": 4,
    "pending": 0,
    "failures": 0,
    "start": "2025-10-17T16:12:54.787Z",
    "end": "2025-10-17T16:13:34.688Z",
    "duration": 39901,
    "testsRegistered": 4,
    "passPercent": 100,
    "pendingPercent": 0,
    "other": 0,
    "hasOther": false,
    "skipped": 0,
    "hasSkipped": false
  },
  "results": [
    {
      "uuid": "bda53b20-9146-4ba2-bedb-12d14f2a1daf",
      "title": "",
      "fullFile": "cypress/e2e/api/002 - API Integração Clientes/005 - API Inclusão de SM SOAP/002.api-inclusao-SM-erros-soap.cy.js",
      "file": "cypress/e2e/api/002 - API Integração Clientes/005 - API Inclusão de SM SOAP/002.api-inclusao-SM-erros-soap.cy.js",
      "beforeHooks": [],
      "afterHooks": [],
      "tests": [],
      "suites": [
        {
          "uuid": "f16c683a-8987-437d-8b87-7c4cbdcfaa3e",
          "title": "Integração Clientes - Inclusão de SM via SOAP - Validações de erro",
          "fullFile": "",
          "file": "",
          "beforeHooks": [],
          "afterHooks": [],
          "tests": [
            {
              "title": "Requisição com corpo vazio",
              "fullTitle": "Integração Clientes - Inclusão de SM via SOAP - Validações de erro Requisição com corpo vazio",
              "timedOut": null,
              "duration": 2458,
              "state": "passed",
              "speed": "fast",
              "pass": true,
              "fail": false,
              "pending": false,
              "context": null,
              "code": "cy.api({\n  method: \"POST\",\n  url: APIclientes.InclusãoSmSoap,\n  body: \"\",\n  headers: {\n    \"Content-Type\": \"text/xml;charset=UTF-8\",\n    SOAPAction: \"https://tstapi.buonny.com.br/portal/wsdl/buonny/viagem\"\n  },\n  timeout: 120000,\n  failOnStatusCode: false\n}).then(r => {\n  cy.log(r.body);\n  expect(r.status).to.eq(500);\n  expect(r.body).to.contain(\">Bad Request<\");\n});",
              "err": {},
              "uuid": "fdd9edef-f212-40e1-a4d0-6bdf95e71945",
              "parentUUID": "f16c683a-8987-437d-8b87-7c4cbdcfaa3e",
              "isHook": false,
              "skipped": false
            },
            {
              "title": "Requisição com token inválido",
              "fullTitle": "Integração Clientes - Inclusão de SM via SOAP - Validações de erro Requisição com token inválido",
              "timedOut": null,
              "duration": 2419,
              "state": "passed",
              "speed": "fast",
              "pass": true,
              "fail": false,
              "pending": false,
              "context": null,
              "code": "const payloadTokenInvalido = payload.replace(/<token>.*?<\\/token>/, \"<token></token>\");\ncy.api({\n  method: \"POST\",\n  url: APIclientes.InclusãoSmSoap,\n  body: payloadTokenInvalido,\n  headers: {\n    \"Content-Type\": \"text/xml;charset=UTF-8\",\n    SOAPAction: \"https://tstapi.buonny.com.br/portal/wsdl/buonny/viagem\"\n  },\n  timeout: 120000,\n  failOnStatusCode: false\n}).then(r => {\n  cy.log(r.body);\n  expect(r.body).to.contain(\"O token informado não confere com o cnpj do cliente\");\n});",
              "err": {},
              "uuid": "d160b8c4-139e-45d5-b61d-7887906c03aa",
              "parentUUID": "f16c683a-8987-437d-8b87-7c4cbdcfaa3e",
              "isHook": false,
              "skipped": false
            },
            {
              "title": "Requisição com data de início no passado",
              "fullTitle": "Integração Clientes - Inclusão de SM via SOAP - Validações de erro Requisição com data de início no passado",
              "timedOut": null,
              "duration": 26846,
              "state": "passed",
              "speed": "slow",
              "pass": true,
              "fail": false,
              "pending": false,
              "context": null,
              "code": "const payloadDataPassado = payload.replace(/<data_previsao_inicio>.*?<\\/data_previsao_inicio>/, \"<data_previsao_inicio>03/01/2025 15:50:00</data_previsao_inicio>\");\ncy.api({\n  method: \"POST\",\n  url: APIclientes.InclusãoSmSoap,\n  body: payloadDataPassado,\n  headers: {\n    \"Content-Type\": \"text/xml;charset=UTF-8\",\n    SOAPAction: \"https://tstapi.buonny.com.br/portal/wsdl/buonny/viagem\"\n  },\n  timeout: 120000,\n  failOnStatusCode: false\n}).then(r => {\n  cy.log(r.body);\n  expect(r.body).to.contain(\"Previsão de início não deve ser menor que a data e hora atual\");\n});",
              "err": {},
              "uuid": "d7cbf451-0e88-4fcf-ae3d-d867ad11038d",
              "parentUUID": "f16c683a-8987-437d-8b87-7c4cbdcfaa3e",
              "isHook": false,
              "skipped": false
            },
            {
              "title": "Requisição com data de chegada no passado",
              "fullTitle": "Integração Clientes - Inclusão de SM via SOAP - Validações de erro Requisição com data de chegada no passado",
              "timedOut": null,
              "duration": 7373,
              "state": "passed",
              "speed": "medium",
              "pass": true,
              "fail": false,
              "pending": false,
              "context": null,
              "code": "const payloadDataPassado = payload.replace(/<previsao_de_chegada>.*?<\\/previsao_de_chegada>/, \"<previsao_de_chegada>03/01/2025 15:50:00</previsao_de_chegada>\");\ncy.api({\n  method: \"POST\",\n  url: APIclientes.InclusãoSmSoap,\n  body: payloadDataPassado,\n  headers: {\n    \"Content-Type\": \"text/xml;charset=UTF-8\",\n    SOAPAction: \"https://tstapi.buonny.com.br/portal/wsdl/buonny/viagem\"\n  },\n  timeout: 120000,\n  failOnStatusCode: false\n}).then(r => {\n  cy.log(r.body);\n  expect(r.body).to.contain(\"Data de previsão menor que a data de inicio\");\n});",
              "err": {},
              "uuid": "aa343cbc-f618-42bb-b24a-ec804e4a2fa5",
              "parentUUID": "f16c683a-8987-437d-8b87-7c4cbdcfaa3e",
              "isHook": false,
              "skipped": false
            }
          ],
          "suites": [],
          "passes": [
            "fdd9edef-f212-40e1-a4d0-6bdf95e71945",
            "d160b8c4-139e-45d5-b61d-7887906c03aa",
            "d7cbf451-0e88-4fcf-ae3d-d867ad11038d",
            "aa343cbc-f618-42bb-b24a-ec804e4a2fa5"
          ],
          "failures": [],
          "pending": [],
          "skipped": [],
          "duration": 39096,
          "root": false,
          "rootEmpty": false,
          "_timeout": 2000
        }
      ],
      "passes": [],
      "failures": [],
      "pending": [],
      "skipped": [],
      "duration": 0,
      "root": true,
      "rootEmpty": true,
      "_timeout": 2000
    }
  ],
  "meta": {
    "mocha": {
      "version": "7.2.0"
    },
    "mochawesome": {
      "options": {
        "quiet": false,
        "reportFilename": "mochawesome",
        "saveHtml": true,
        "saveJson": true,
        "consoleReporter": "spec",
        "useInlineDiffs": false,
        "code": true
      },
      "version": "7.1.4"
    },
    "marge": {
      "options": {
        "reportDir": "cypress/results",
        "overwrite": false,
        "html": true,
        "json": true
      },
      "version": "6.3.0"
    }
  }
}