{
  "stats": {
    "suites": 1,
    "tests": 3,
    "passes": 3,
    "pending": 0,
    "failures": 0,
    "start": "2025-10-08T20:59:44.440Z",
    "end": "2025-10-08T20:59:53.941Z",
    "duration": 9501,
    "testsRegistered": 3,
    "passPercent": 100,
    "pendingPercent": 0,
    "other": 0,
    "hasOther": false,
    "skipped": 0,
    "hasSkipped": false
  },
  "results": [
    {
      "uuid": "16c9be5e-8312-435b-bb15-51b740953e5e",
      "title": "",
      "fullFile": "cypress/e2e/api/002 - API Integração Clientes/006 - API Status Entrega V2/002.api-status-entregaV2-rest-erros.cy.js",
      "file": "cypress/e2e/api/002 - API Integração Clientes/006 - API Status Entrega V2/002.api-status-entregaV2-rest-erros.cy.js",
      "beforeHooks": [],
      "afterHooks": [],
      "tests": [],
      "suites": [
        {
          "uuid": "0b12929b-18dc-437f-ab5b-35205ac73cda",
          "title": "Integração Clientes - Erros, API Status Entrega V2",
          "fullFile": "",
          "file": "",
          "beforeHooks": [],
          "afterHooks": [],
          "tests": [
            {
              "title": "Validação de Erro: Enviar Requisição com CNPJ  vazio",
              "fullTitle": "Integração Clientes - Erros, API Status Entrega V2 Validação de Erro: Enviar Requisição com CNPJ  vazio",
              "timedOut": null,
              "duration": 606,
              "state": "passed",
              "speed": "fast",
              "pass": true,
              "fail": false,
              "pending": false,
              "context": null,
              "code": "cy.api({\n  method: \"GET\",\n  url: `${url}?cnpj_cliente=&token=${token}`,\n  failOnStatusCode: false\n}).then(r => {\n  expect(r.status).to.eq(401);\n});",
              "err": {},
              "uuid": "d0c120c2-739f-4e03-a794-66c8c9d0dee4",
              "parentUUID": "0b12929b-18dc-437f-ab5b-35205ac73cda",
              "isHook": false,
              "skipped": false
            },
            {
              "title": "Validação de Erro: Enviar Reqisição com Token vazio",
              "fullTitle": "Integração Clientes - Erros, API Status Entrega V2 Validação de Erro: Enviar Reqisição com Token vazio",
              "timedOut": null,
              "duration": 980,
              "state": "passed",
              "speed": "fast",
              "pass": true,
              "fail": false,
              "pending": false,
              "context": null,
              "code": "cy.api({\n  method: \"GET\",\n  url: `${url}?cnpj_cliente=${cnpjCliente}&token=`,\n  failOnStatusCode: false\n}).then(r => {\n  expect(r.status).to.eq(401);\n});",
              "err": {},
              "uuid": "b73b66ce-e8ce-4d54-a8df-103ea61f7fb5",
              "parentUUID": "0b12929b-18dc-437f-ab5b-35205ac73cda",
              "isHook": false,
              "skipped": false
            },
            {
              "title": "Validação de Erro: Consultar com SM e pedido divergentes",
              "fullTitle": "Integração Clientes - Erros, API Status Entrega V2 Validação de Erro: Consultar com SM e pedido divergentes",
              "timedOut": null,
              "duration": 3048,
              "state": "passed",
              "speed": "fast",
              "pass": true,
              "fail": false,
              "pending": false,
              "context": null,
              "code": "cy.api({\n  method: \"GET\",\n  url: `${url}?cnpj_cliente=${cnpjCliente}&token=${token}&sm=31692655&pedido=123456`,\n  failOnStatusCode: false\n}).then(r => {\n  expect(r.status).to.eq(200);\n  expect(r.body.dados).to.be.an(\"array\").and.to.be.empty;\n});",
              "err": {},
              "uuid": "f65f7e1b-6aca-48c4-9fd6-5e7114802854",
              "parentUUID": "0b12929b-18dc-437f-ab5b-35205ac73cda",
              "isHook": false,
              "skipped": false
            }
          ],
          "suites": [],
          "passes": [
            "d0c120c2-739f-4e03-a794-66c8c9d0dee4",
            "b73b66ce-e8ce-4d54-a8df-103ea61f7fb5",
            "f65f7e1b-6aca-48c4-9fd6-5e7114802854"
          ],
          "failures": [],
          "pending": [],
          "skipped": [],
          "duration": 4634,
          "root": false,
          "rootEmpty": false,
          "_timeout": 2000
        }
      ],
      "passes": [],
      "failures": [],
      "pending": [],
      "skipped": [],
      "duration": 0,
      "root": true,
      "rootEmpty": true,
      "_timeout": 2000
    }
  ],
  "meta": {
    "mocha": {
      "version": "7.2.0"
    },
    "mochawesome": {
      "options": {
        "quiet": false,
        "reportFilename": "mochawesome",
        "saveHtml": true,
        "saveJson": true,
        "consoleReporter": "spec",
        "useInlineDiffs": false,
        "code": true
      },
      "version": "7.1.4"
    },
    "marge": {
      "options": {
        "reportDir": "cypress/results",
        "overwrite": false,
        "html": true,
        "json": true
      },
      "version": "6.3.0"
    }
  }
}