{
  "stats": {
    "suites": 1,
    "tests": 5,
    "passes": 5,
    "pending": 0,
    "failures": 0,
    "start": "2025-10-17T17:30:28.055Z",
    "end": "2025-10-17T17:31:08.268Z",
    "duration": 40213,
    "testsRegistered": 5,
    "passPercent": 100,
    "pendingPercent": 0,
    "other": 0,
    "hasOther": false,
    "skipped": 0,
    "hasSkipped": false
  },
  "results": [
    {
      "uuid": "f9173129-9504-43e8-b049-13d019289fa8",
      "title": "",
      "fullFile": "cypress/e2e/api/002 - API Integração Clientes/004 - API Inclusão de SM REST/002.api-inclusao-SM-erros-rest.cy.js",
      "file": "cypress/e2e/api/002 - API Integração Clientes/004 - API Inclusão de SM REST/002.api-inclusao-SM-erros-rest.cy.js",
      "beforeHooks": [],
      "afterHooks": [],
      "tests": [],
      "suites": [
        {
          "uuid": "2cd73cde-ba8d-4752-bc8b-6ba6bab7ea72",
          "title": "Integração Clientes - API Inclusão de SM REST erros",
          "fullFile": "",
          "file": "",
          "beforeHooks": [],
          "afterHooks": [],
          "tests": [
            {
              "title": "Realizar requisição com corpo vazio",
              "fullTitle": "Integração Clientes - API Inclusão de SM REST erros Realizar requisição com corpo vazio",
              "timedOut": null,
              "duration": 2284,
              "state": "passed",
              "speed": "fast",
              "pass": true,
              "fail": false,
              "pending": false,
              "context": null,
              "code": "return cy.api({\n  method: \"POST\",\n  url: APIclientes.InclusãoSmRest,\n  body: {}\n}).then(r => {\n  expect(r.body.sucesso).to.be.null;\n  expect(r.body.erros).to.include(\"Dados incorretos\");\n});",
              "err": {},
              "uuid": "c85802b7-1bbc-4d61-83d3-8cc6295a428e",
              "parentUUID": "2cd73cde-ba8d-4752-bc8b-6ba6bab7ea72",
              "isHook": false,
              "skipped": false
            },
            {
              "title": "Realizar requisição com Token inválido",
              "fullTitle": "Integração Clientes - API Inclusão de SM REST erros Realizar requisição com Token inválido",
              "timedOut": null,
              "duration": 2077,
              "state": "passed",
              "speed": "fast",
              "pass": true,
              "fail": false,
              "pending": false,
              "context": null,
              "code": "requisicaoPadrao({\n  token: \"123\"\n}).then(r => {\n  expect(r.body.sucesso).to.be.null;\n  expect(r.body.erros).to.include(\"O token informado não confere com o cnpj do cliente\");\n});",
              "err": {},
              "uuid": "79a1933f-5fd5-4138-bab7-905d403226a1",
              "parentUUID": "2cd73cde-ba8d-4752-bc8b-6ba6bab7ea72",
              "isHook": false,
              "skipped": false
            },
            {
              "title": "Realizar requisição com CNPJ inválido",
              "fullTitle": "Integração Clientes - API Inclusão de SM REST erros Realizar requisição com CNPJ inválido",
              "timedOut": null,
              "duration": 2157,
              "state": "passed",
              "speed": "fast",
              "pass": true,
              "fail": false,
              "pending": false,
              "context": null,
              "code": "requisicaoPadrao({\n  cnpj: \"123\"\n}).then(r => {\n  expect(r.body.sucesso).to.be.null;\n  expect(r.body.erros).to.include(\"O token informado não confere com o cnpj do cliente\");\n});",
              "err": {},
              "uuid": "f6fb8271-b3cb-4da5-8759-5e1b732310b6",
              "parentUUID": "2cd73cde-ba8d-4752-bc8b-6ba6bab7ea72",
              "isHook": false,
              "skipped": false
            },
            {
              "title": "Realizar requisição com a previsão de início sendo uma data no passado.",
              "fullTitle": "Integração Clientes - API Inclusão de SM REST erros Realizar requisição com a previsão de início sendo uma data no passado.",
              "timedOut": null,
              "duration": 26333,
              "state": "passed",
              "speed": "slow",
              "pass": true,
              "fail": false,
              "pending": false,
              "context": null,
              "code": "requisicaoPadrao({\n  prevInicio: \"03/01/2025 15:50:00\"\n}).then(r => {\n  expect(r.body.sucesso).to.be.null;\n  expect(r.body.erros).to.include(\"Previsão de início não deve ser menor que a data e hora atual;\\nA diferença entre a previsão de início e de fim não pode ultrapassar 120 dias\");\n});",
              "err": {},
              "uuid": "0929fa14-525c-4629-bacf-c22a82ef0314",
              "parentUUID": "2cd73cde-ba8d-4752-bc8b-6ba6bab7ea72",
              "isHook": false,
              "skipped": false
            },
            {
              "title": "Realizar requsição com a previsão de chegada sendo uma data no passado.",
              "fullTitle": "Integração Clientes - API Inclusão de SM REST erros Realizar requsição com a previsão de chegada sendo uma data no passado.",
              "timedOut": null,
              "duration": 6726,
              "state": "passed",
              "speed": "medium",
              "pass": true,
              "fail": false,
              "pending": false,
              "context": null,
              "code": "requisicaoPadrao({\n  prevChegada: \"03/01/2025 15:50:00\"\n}).then(r => {\n  expect(r.body.sucesso).to.be.null;\n  expect(r.body.erros).to.include(\"Data de previsão menor que a data de inicio\");\n});",
              "err": {},
              "uuid": "3c171e3b-fb96-4763-8aa4-235bbdd47153",
              "parentUUID": "2cd73cde-ba8d-4752-bc8b-6ba6bab7ea72",
              "isHook": false,
              "skipped": false
            }
          ],
          "suites": [],
          "passes": [
            "c85802b7-1bbc-4d61-83d3-8cc6295a428e",
            "79a1933f-5fd5-4138-bab7-905d403226a1",
            "f6fb8271-b3cb-4da5-8759-5e1b732310b6",
            "0929fa14-525c-4629-bacf-c22a82ef0314",
            "3c171e3b-fb96-4763-8aa4-235bbdd47153"
          ],
          "failures": [],
          "pending": [],
          "skipped": [],
          "duration": 39577,
          "root": false,
          "rootEmpty": false,
          "_timeout": 2000
        }
      ],
      "passes": [],
      "failures": [],
      "pending": [],
      "skipped": [],
      "duration": 0,
      "root": true,
      "rootEmpty": true,
      "_timeout": 2000
    }
  ],
  "meta": {
    "mocha": {
      "version": "7.2.0"
    },
    "mochawesome": {
      "options": {
        "quiet": false,
        "reportFilename": "mochawesome",
        "saveHtml": true,
        "saveJson": true,
        "consoleReporter": "spec",
        "useInlineDiffs": false,
        "code": true
      },
      "version": "7.1.4"
    },
    "marge": {
      "options": {
        "reportDir": "cypress/results",
        "overwrite": false,
        "html": true,
        "json": true
      },
      "version": "6.3.0"
    }
  }
}