{
  "stats": {
    "suites": 1,
    "tests": 1,
    "passes": 1,
    "pending": 0,
    "failures": 0,
    "start": "2025-10-03T14:05:41.814Z",
    "end": "2025-10-03T14:05:47.463Z",
    "duration": 5649,
    "testsRegistered": 1,
    "passPercent": 100,
    "pendingPercent": 0,
    "other": 0,
    "hasOther": false,
    "skipped": 0,
    "hasSkipped": false
  },
  "results": [
    {
      "uuid": "2af39d7a-d35e-481b-8244-a427d86255f9",
      "title": "",
      "fullFile": "cypress/e2e/api/001 - API Core V3/003 - API V3 - Consulta profissional/001.apiV3-consulta-b.check.cy.js",
      "file": "cypress/e2e/api/001 - API Core V3/003 - API V3 - Consulta profissional/001.apiV3-consulta-b.check.cy.js",
      "beforeHooks": [],
      "afterHooks": [],
      "tests": [],
      "suites": [
        {
          "uuid": "330ae3f4-10d2-49bb-9df8-bf624e1b628e",
          "title": "API CORE V3 - Consulta profissional Buonny Check - sucesso",
          "fullFile": "",
          "file": "",
          "beforeHooks": [],
          "afterHooks": [],
          "tests": [
            {
              "title": "Consulta com sucesso",
              "fullTitle": "API CORE V3 - Consulta profissional Buonny Check - sucesso Consulta com sucesso",
              "timedOut": null,
              "duration": 5579,
              "state": "passed",
              "speed": "medium",
              "pass": true,
              "fail": false,
              "pending": false,
              "context": null,
              "code": "const codigoCliente = 87906;\nconst documentoMotorista = \"646.146.860-95\";\nconst placa = \"TST1A23\";\ncy.get(\"@tokenBC\").then(token => {\n  cy.api({\n    method: \"POST\",\n    url: url,\n    headers: {\n      Authorization: `Bearer ${token}`\n    },\n    body: {\n      codigo_cliente: codigoCliente,\n      codigo_usuario_inclusao: 238658,\n      codigo_produto: 2,\n      codigo_corporacao: 1,\n      categoria: 1,\n      codigo_carga_tipo: 32,\n      codigo_carga_valor: 1,\n      codigo_cidade_destino: 5190,\n      codigo_cidade_origem: 5190,\n      codigo_documento: documentoMotorista,\n      placa_veiculo: placa,\n      departamento: \"T\"\n    }\n  }).then(r => {\n    expect(r.status).to.eq(200);\n    expect(r.body.data.fichas.Ficha.observacao).to.eq(\"Profissional sem cadastro com o veículo. Enviar ficha para análise\");\n  });\n});",
              "err": {},
              "uuid": "334fd26c-56bd-4d50-afac-93dd9ffefef3",
              "parentUUID": "330ae3f4-10d2-49bb-9df8-bf624e1b628e",
              "isHook": false,
              "skipped": false
            }
          ],
          "suites": [],
          "passes": [
            "334fd26c-56bd-4d50-afac-93dd9ffefef3"
          ],
          "failures": [],
          "pending": [],
          "skipped": [],
          "duration": 5579,
          "root": false,
          "rootEmpty": false,
          "_timeout": 2000
        }
      ],
      "passes": [],
      "failures": [],
      "pending": [],
      "skipped": [],
      "duration": 0,
      "root": true,
      "rootEmpty": true,
      "_timeout": 2000
    }
  ],
  "meta": {
    "mocha": {
      "version": "7.2.0"
    },
    "mochawesome": {
      "options": {
        "quiet": false,
        "reportFilename": "mochawesome",
        "saveHtml": true,
        "saveJson": true,
        "consoleReporter": "spec",
        "useInlineDiffs": false,
        "code": true
      },
      "version": "7.1.4"
    },
    "marge": {
      "options": {
        "reportDir": "cypress/results",
        "overwrite": false,
        "html": true,
        "json": true
      },
      "version": "6.3.0"
    }
  }
}