{
  "stats": {
    "suites": 1,
    "tests": 1,
    "passes": 1,
    "pending": 0,
    "failures": 0,
    "start": "2025-10-20T16:45:39.236Z",
    "end": "2025-10-20T16:46:34.521Z",
    "duration": 55285,
    "testsRegistered": 1,
    "passPercent": 100,
    "pendingPercent": 0,
    "other": 0,
    "hasOther": false,
    "skipped": 0,
    "hasSkipped": false
  },
  "results": [
    {
      "uuid": "8b10990a-7a6e-404c-8fad-c5493b8411ef",
      "title": "",
      "fullFile": "cypress/e2e/api/002 - API Integração Clientes/005 - API Inclusão de SM SOAP/001.api-inclusao-sm-soap.cy.js",
      "file": "cypress/e2e/api/002 - API Integração Clientes/005 - API Inclusão de SM SOAP/001.api-inclusao-sm-soap.cy.js",
      "beforeHooks": [],
      "afterHooks": [],
      "tests": [],
      "suites": [
        {
          "uuid": "86b16109-ab64-44e0-a658-154bc304321f",
          "title": "Integração Clientes - Inclusão de SM via SOAP",
          "fullFile": "",
          "file": "",
          "beforeHooks": [],
          "afterHooks": [],
          "tests": [
            {
              "title": "Validação de retorno 200 OK e sucesso da criação da SM",
              "fullTitle": "Integração Clientes - Inclusão de SM via SOAP Validação de retorno 200 OK e sucesso da criação da SM",
              "timedOut": null,
              "duration": 54960,
              "state": "passed",
              "speed": "slow",
              "pass": true,
              "fail": false,
              "pending": false,
              "context": null,
              "code": "cy.api({\n  method: \"POST\",\n  url: APIclientes.InclusãoSmSoap,\n  body: payload,\n  headers: {\n    \"Content-Type\": \"text/xml;charset=UTF-8\",\n    SOAPAction: \"https://tstapi.buonny.com.br/portal/wsdl/buonny/viagem\"\n  },\n  timeout: 120000,\n  failOnStatusCode: false\n}).then(response => {\n  var _response$body$match;\n  cy.log(\"Resposta completa:\", response.body);\n  expect(response.status).to.eq(200);\n  const codigoSM = (_response$body$match = response.body.match(/<codigo_sm>(\\d+)<\\/codigo_sm>/)) === null || _response$body$match === void 0 ? void 0 : _response$body$match[1];\n  expect(codigoSM, \"Valida chave <codigo_sm>\").to.match(/^\\d{8}$/);\n});",
              "err": {},
              "uuid": "8d16252c-c853-460a-902c-9a37d69b75de",
              "parentUUID": "86b16109-ab64-44e0-a658-154bc304321f",
              "isHook": false,
              "skipped": false
            }
          ],
          "suites": [],
          "passes": [
            "8d16252c-c853-460a-902c-9a37d69b75de"
          ],
          "failures": [],
          "pending": [],
          "skipped": [],
          "duration": 54960,
          "root": false,
          "rootEmpty": false,
          "_timeout": 2000
        }
      ],
      "passes": [],
      "failures": [],
      "pending": [],
      "skipped": [],
      "duration": 0,
      "root": true,
      "rootEmpty": true,
      "_timeout": 2000
    }
  ],
  "meta": {
    "mocha": {
      "version": "7.2.0"
    },
    "mochawesome": {
      "options": {
        "quiet": false,
        "reportFilename": "mochawesome",
        "saveHtml": true,
        "saveJson": true,
        "consoleReporter": "spec",
        "useInlineDiffs": false,
        "code": true
      },
      "version": "7.1.4"
    },
    "marge": {
      "options": {
        "reportDir": "cypress/results",
        "overwrite": false,
        "html": true,
        "json": true
      },
      "version": "6.3.0"
    }
  }
}