{
  "stats": {
    "suites": 1,
    "tests": 1,
    "passes": 0,
    "pending": 0,
    "failures": 1,
    "start": "2025-10-20T22:38:26.468Z",
    "end": "2025-10-20T22:38:57.352Z",
    "duration": 30884,
    "testsRegistered": 1,
    "passPercent": 0,
    "pendingPercent": 0,
    "other": 0,
    "hasOther": false,
    "skipped": 0,
    "hasSkipped": false
  },
  "results": [
    {
      "uuid": "b761cb6d-b405-43f6-b20f-3e884848bb46",
      "title": "",
      "fullFile": "cypress/e2e/api/002 - API Integração Clientes/003 - API Consulta entrega/001.api-consulta-entrega-soap.cy.js",
      "file": "cypress/e2e/api/002 - API Integração Clientes/003 - API Consulta entrega/001.api-consulta-entrega-soap.cy.js",
      "beforeHooks": [],
      "afterHooks": [],
      "tests": [],
      "suites": [
        {
          "uuid": "76bf3281-0c38-4e46-b0e3-194ac481589e",
          "title": "Integração Clientes - API Consulta entrega SOAP",
          "fullFile": "",
          "file": "",
          "beforeHooks": [],
          "afterHooks": [],
          "tests": [
            {
              "title": "Consulta entrega com sucesso",
              "fullTitle": "Integração Clientes - API Consulta entrega SOAP Consulta entrega com sucesso",
              "timedOut": null,
              "duration": 30495,
              "state": "failed",
              "speed": null,
              "pass": false,
              "fail": true,
              "pending": false,
              "context": null,
              "code": "cy.api({\n  method: \"POST\",\n  url: url,\n  body: payload\n}).then(r => {\n  const viagem = r.body.match(/<status_viagem>([\\s\\S]*?)<\\/status_viagem>/)[1].trim();\n  const latitude = r.body.match(/<origem_latitude>([\\s\\S]*?)<\\/origem_latitude>/)[1].trim();\n  const longitude = r.body.match(/<origem_longitude>([\\s\\S]*?)<\\/origem_longitude>/)[1].trim();\n  expect(r.status).to.eq(200);\n  expect(viagem).to.be.oneOf([\"agendado\", \"Cancelado\"]);\n  expect(latitude).to.exist;\n  expect(latitude).to.not.be.empty;\n  expect(longitude).to.exist;\n  expect(longitude).to.not.be.empty;\n});",
              "err": {
                "message": "CypressError: `cy.request()` timed out waiting `30000ms` for a response from your server.\n\nThe request we sent was:\n\nMethod: POST\nURL: https://tstapi.buonny.com.br/portal/soap/status_entrega_soap\n\nNo response was received within the timeout.\n\nhttps://on.cypress.io/request",
                "estack": "CypressError: `cy.request()` timed out waiting `30000ms` for a response from your server.\n\nThe request we sent was:\n\nMethod: POST\nURL: https://tstapi.buonny.com.br/portal/soap/status_entrega_soap\n\nNo response was received within the timeout.\n\nhttps://on.cypress.io/request\n    at <unknown> (https://tstportal.buonny.com.br/__cypress/runner/cypress_runner.js:136486:70)\n    at tryCatcher (https://tstportal.buonny.com.br/__cypress/runner/cypress_runner.js:1777:23)\n    at <unknown> (https://tstportal.buonny.com.br/__cypress/runner/cypress_runner.js:4156:41)\n    at tryCatcher (https://tstportal.buonny.com.br/__cypress/runner/cypress_runner.js:1777:23)\n    at Promise._settlePromiseFromHandler (https://tstportal.buonny.com.br/__cypress/runner/cypress_runner.js:1489:31)\n    at Promise._settlePromise (https://tstportal.buonny.com.br/__cypress/runner/cypress_runner.js:1546:18)\n    at Promise._settlePromise0 (https://tstportal.buonny.com.br/__cypress/runner/cypress_runner.js:1591:10)\n    at Promise._settlePromises (https://tstportal.buonny.com.br/__cypress/runner/cypress_runner.js:1667:18)\n    at _drainQueueStep (https://tstportal.buonny.com.br/__cypress/runner/cypress_runner.js:2377:12)\n    at _drainQueue (https://tstportal.buonny.com.br/__cypress/runner/cypress_runner.js:2370:9)\n    at Async._drainQueues (https://tstportal.buonny.com.br/__cypress/runner/cypress_runner.js:2386:5)\n    at Async.drainQueues (https://tstportal.buonny.com.br/__cypress/runner/cypress_runner.js:2256:14)\nFrom Your Spec Code:\n    at Context.ee (webpack://test/./node_modules/cypress-plugin-api/dist/support.js:14:2002)\n    at wrapped (https://tstportal.buonny.com.br/__cypress/runner/cypress_runner.js:141663:43)",
                "diff": null
              },
              "uuid": "f468cf37-ce98-461b-8479-31c2cc0739bb",
              "parentUUID": "76bf3281-0c38-4e46-b0e3-194ac481589e",
              "isHook": false,
              "skipped": false
            }
          ],
          "suites": [],
          "passes": [],
          "failures": [
            "f468cf37-ce98-461b-8479-31c2cc0739bb"
          ],
          "pending": [],
          "skipped": [],
          "duration": 30495,
          "root": false,
          "rootEmpty": false,
          "_timeout": 2000
        }
      ],
      "passes": [],
      "failures": [],
      "pending": [],
      "skipped": [],
      "duration": 0,
      "root": true,
      "rootEmpty": true,
      "_timeout": 2000
    }
  ],
  "meta": {
    "mocha": {
      "version": "7.2.0"
    },
    "mochawesome": {
      "options": {
        "quiet": false,
        "reportFilename": "mochawesome",
        "saveHtml": true,
        "saveJson": true,
        "consoleReporter": "spec",
        "useInlineDiffs": false,
        "code": true
      },
      "version": "7.1.4"
    },
    "marge": {
      "options": {
        "reportDir": "cypress/results",
        "overwrite": false,
        "html": true,
        "json": true
      },
      "version": "6.3.0"
    }
  }
}