{
  "stats": {
    "suites": 1,
    "tests": 4,
    "passes": 4,
    "pending": 0,
    "failures": 0,
    "start": "2025-10-20T16:42:19.315Z",
    "end": "2025-10-20T16:42:33.790Z",
    "duration": 14475,
    "testsRegistered": 4,
    "passPercent": 100,
    "pendingPercent": 0,
    "other": 0,
    "hasOther": false,
    "skipped": 0,
    "hasSkipped": false
  },
  "results": [
    {
      "uuid": "5e2be763-b2cc-4c63-ad74-60f3dc3bc22e",
      "title": "",
      "fullFile": "cypress/e2e/api/002 - API Integração Clientes/002 - API Consulta Profissional/002.api-consulta-profissional-erros-soap.cy.js",
      "file": "cypress/e2e/api/002 - API Integração Clientes/002 - API Consulta Profissional/002.api-consulta-profissional-erros-soap.cy.js",
      "beforeHooks": [],
      "afterHooks": [],
      "tests": [],
      "suites": [
        {
          "uuid": "54739da5-f010-4712-bd6e-5a8fd709cf51",
          "title": "Integração Clientes - Erros, API Consulta de Profissional SOAP",
          "fullFile": "",
          "file": "",
          "beforeHooks": [],
          "afterHooks": [],
          "tests": [
            {
              "title": "Realizar requisição com corpo vazio",
              "fullTitle": "Integração Clientes - Erros, API Consulta de Profissional SOAP Realizar requisição com corpo vazio",
              "timedOut": null,
              "duration": 2884,
              "state": "passed",
              "speed": "fast",
              "pass": true,
              "fail": false,
              "pending": false,
              "context": null,
              "code": "cy.api({\n  method: \"POST\",\n  url: url,\n  body: {},\n  failOnStatusCode: false\n}).then(r => {\n  const faultcode = r.body.match(/<faultcode>([\\s\\S]*?)<\\/faultcode>/)[1].trim();\n  const faultstring = r.body.match(/<faultstring>([\\s\\S]*?)<\\/faultstring>/)[1].trim();\n  expect(r.status).to.eq(500);\n  expect(faultcode).to.eq(\"SOAP-ENV:Client\");\n  expect(faultstring).to.eq(\"Bad Request\");\n});",
              "err": {},
              "uuid": "d6f8a408-ddcd-411e-886a-c362d522093f",
              "parentUUID": "54739da5-f010-4712-bd6e-5a8fd709cf51",
              "isHook": false,
              "skipped": false
            },
            {
              "title": "Realizar requisição com CNPJ ausente",
              "fullTitle": "Integração Clientes - Erros, API Consulta de Profissional SOAP Realizar requisição com CNPJ ausente",
              "timedOut": null,
              "duration": 3283,
              "state": "passed",
              "speed": "fast",
              "pass": true,
              "fail": false,
              "pending": false,
              "context": null,
              "code": "const cnpjCliente = \"\";\nconst soapPayload = `<?xml version=\"1.0\" encoding=\"utf-8\"?>\n<soapenv:Envelope xmlns:soapenv=\"http://schemas.xmlsoap.org/soap/envelope/\" xmlns:con=\"https://tstapi.buonny.com.br/portal/wsdl/consulta_profissional\">\n<soapenv:Header/>\n<soapenv:Body>\n    <con:consulta>\n        <cnpj_cliente>${cnpjCliente}</cnpj_cliente>\n        <autenticacao>\n            <token>${token}</token>\n        </autenticacao>\n        <produto>2</produto>\n        <profissional>\n            <documento>447.504.598-36</documento>\n            <carreteiro>S</carreteiro>\n        </profissional>\n        <veiculos>\n            <placa>${placa}</placa>\n        </veiculos>\n        <carga_tipo>1</carga_tipo>\n        <carga_valor>1000</carga_valor>\n        <pais_origem>BR</pais_origem>\n        <uf_origem>GO</uf_origem>\n        <cidade_origem>Ipameri</cidade_origem>\n        <pais_destino></pais_destino>\n        <uf_destino></uf_destino>\n        <cidade_destino>PARATI</cidade_destino>\n    </con:consulta>\n</soapenv:Body>\n</soapenv:Envelope>`;\ncy.api({\n  method: \"POST\",\n  url: url,\n  body: soapPayload,\n  failOnStatusCode: false\n}).then(r => {\n  const faultcode = r.body.match(/<faultcode>([\\s\\S]*?)<\\/faultcode>/)[1].trim();\n  const faultstring = r.body.match(/<faultstring>([\\s\\S]*?)<\\/faultstring>/)[1].trim();\n  expect(r.status).to.eq(500);\n  expect(faultcode).to.eq(\"ns1:1\");\n  expect(faultstring).to.eq(\"CNPJ Cliente não informado ou XML Inválido\");\n});",
              "err": {},
              "uuid": "c7361fe0-0acd-4730-b63b-6cf18dd47e1d",
              "parentUUID": "54739da5-f010-4712-bd6e-5a8fd709cf51",
              "isHook": false,
              "skipped": false
            },
            {
              "title": "Realizar requisição com token ausente ou inválido",
              "fullTitle": "Integração Clientes - Erros, API Consulta de Profissional SOAP Realizar requisição com token ausente ou inválido",
              "timedOut": null,
              "duration": 3414,
              "state": "passed",
              "speed": "fast",
              "pass": true,
              "fail": false,
              "pending": false,
              "context": null,
              "code": "const token = \"\";\nconst soapPayload = `<?xml version=\"1.0\" encoding=\"utf-8\"?>\n<soapenv:Envelope xmlns:soapenv=\"http://schemas.xmlsoap.org/soap/envelope/\" xmlns:con=\"https://tstapi.buonny.com.br/portal/wsdl/consulta_profissional\">\n<soapenv:Header/>\n<soapenv:Body>\n    <con:consulta>\n        <cnpj_cliente>${cnpjCliente}</cnpj_cliente>\n        <autenticacao>\n            <token>${token}</token>\n        </autenticacao>\n        <produto>2</produto>\n        <profissional>\n            <documento>447.504.598-36</documento>\n            <carreteiro>S</carreteiro>\n        </profissional>\n        <veiculos>\n            <placa>${placa}</placa>\n        </veiculos>\n        <carga_tipo>1</carga_tipo>\n        <carga_valor>1000</carga_valor>\n        <pais_origem>BR</pais_origem>\n        <uf_origem>GO</uf_origem>\n        <cidade_origem>Ipameri</cidade_origem>\n        <pais_destino></pais_destino>\n        <uf_destino></uf_destino>\n        <cidade_destino>PARATI</cidade_destino>\n    </con:consulta>\n</soapenv:Body>\n</soapenv:Envelope>`;\ncy.api({\n  method: \"POST\",\n  url: url,\n  body: soapPayload,\n  failOnStatusCode: false\n}).then(r => {\n  const faultcode = r.body.match(/<faultcode>([\\s\\S]*?)<\\/faultcode>/)[1].trim();\n  const faultstring = r.body.match(/<faultstring>([\\s\\S]*?)<\\/faultstring>/)[1].trim();\n  expect(r.status).to.eq(500);\n  expect(faultcode).to.eq(\"ns1:1\");\n  expect(faultstring).to.eq(`O token informado não confere com o cnpj do cliente\n - ${cnpjCliente}`);\n});",
              "err": {},
              "uuid": "896bc414-4323-47b9-95d8-ff9122d1b01b",
              "parentUUID": "54739da5-f010-4712-bd6e-5a8fd709cf51",
              "isHook": false,
              "skipped": false
            },
            {
              "title": "Realizar requisição com CPF profissional vazio",
              "fullTitle": "Integração Clientes - Erros, API Consulta de Profissional SOAP Realizar requisição com CPF profissional vazio",
              "timedOut": null,
              "duration": 3614,
              "state": "passed",
              "speed": "fast",
              "pass": true,
              "fail": false,
              "pending": false,
              "context": null,
              "code": "const soapPayload = `<?xml version=\"1.0\" encoding=\"utf-8\"?>\n<soapenv:Envelope xmlns:soapenv=\"http://schemas.xmlsoap.org/soap/envelope/\" xmlns:con=\"https://tstapi.buonny.com.br/portal/wsdl/consulta_profissional\">\n<soapenv:Header/>\n<soapenv:Body>\n    <con:consulta>\n        <cnpj_cliente>${cnpjCliente}</cnpj_cliente>\n        <autenticacao>\n            <token>${token}</token>\n        </autenticacao>\n        <produto>2</produto>\n        <profissional>\n            <documento></documento>\n            <carreteiro>S</carreteiro>\n        </profissional>\n        <veiculos>\n            <placa>${placa}</placa>\n        </veiculos>\n        <carga_tipo>1</carga_tipo>\n        <carga_valor>1000</carga_valor>\n        <pais_origem>BR</pais_origem>\n        <uf_origem>GO</uf_origem>\n        <cidade_origem>Ipameri</cidade_origem>\n        <pais_destino></pais_destino>\n        <uf_destino></uf_destino>\n        <cidade_destino>PARATI</cidade_destino>\n    </con:consulta>\n</soapenv:Body>\n</soapenv:Envelope>`;\ncy.api({\n  method: \"POST\",\n  url: url,\n  body: soapPayload,\n  failOnStatusCode: false\n}).then(r => {\n  const faultcode = r.body.match(/<faultcode>([\\s\\S]*?)<\\/faultcode>/)[1].trim();\n  const faultstring = r.body.match(/<faultstring>([\\s\\S]*?)<\\/faultstring>/)[1].trim();\n  expect(r.status).to.eq(500);\n  expect(faultcode).to.eq(\"ns1:1\");\n  expect(faultstring).to.eq(\"CPF profissional não informado\");\n});",
              "err": {},
              "uuid": "08aa08ae-c053-462a-9905-38d282b45959",
              "parentUUID": "54739da5-f010-4712-bd6e-5a8fd709cf51",
              "isHook": false,
              "skipped": false
            }
          ],
          "suites": [],
          "passes": [
            "d6f8a408-ddcd-411e-886a-c362d522093f",
            "c7361fe0-0acd-4730-b63b-6cf18dd47e1d",
            "896bc414-4323-47b9-95d8-ff9122d1b01b",
            "08aa08ae-c053-462a-9905-38d282b45959"
          ],
          "failures": [],
          "pending": [],
          "skipped": [],
          "duration": 13195,
          "root": false,
          "rootEmpty": false,
          "_timeout": 2000
        }
      ],
      "passes": [],
      "failures": [],
      "pending": [],
      "skipped": [],
      "duration": 0,
      "root": true,
      "rootEmpty": true,
      "_timeout": 2000
    }
  ],
  "meta": {
    "mocha": {
      "version": "7.2.0"
    },
    "mochawesome": {
      "options": {
        "quiet": false,
        "reportFilename": "mochawesome",
        "saveHtml": true,
        "saveJson": true,
        "consoleReporter": "spec",
        "useInlineDiffs": false,
        "code": true
      },
      "version": "7.1.4"
    },
    "marge": {
      "options": {
        "reportDir": "cypress/results",
        "overwrite": false,
        "html": true,
        "json": true
      },
      "version": "6.3.0"
    }
  }
}