{
  "stats": {
    "suites": 1,
    "tests": 4,
    "passes": 4,
    "pending": 0,
    "failures": 0,
    "start": "2025-10-21T11:18:29.684Z",
    "end": "2025-10-21T11:18:33.685Z",
    "duration": 4001,
    "testsRegistered": 4,
    "passPercent": 100,
    "pendingPercent": 0,
    "other": 0,
    "hasOther": false,
    "skipped": 0,
    "hasSkipped": false
  },
  "results": [
    {
      "uuid": "e914f38b-93e2-4a7d-aa3c-ab451ef7bbb7",
      "title": "",
      "fullFile": "cypress/e2e/api/001 - API Core V3/001 - API V3 - Login Buonny Check/002.apiV3-login-b.check-erros.cy.js",
      "file": "cypress/e2e/api/001 - API Core V3/001 - API V3 - Login Buonny Check/002.apiV3-login-b.check-erros.cy.js",
      "beforeHooks": [],
      "afterHooks": [],
      "tests": [],
      "suites": [
        {
          "uuid": "68827d0b-38f5-4f41-b083-e10900cc63db",
          "title": "API CORE V3 - Login Buonny Check - validação de erros ",
          "fullFile": "",
          "file": "",
          "beforeHooks": [],
          "afterHooks": [],
          "tests": [
            {
              "title": "Login senha inválida",
              "fullTitle": "API CORE V3 - Login Buonny Check - validação de erros  Login senha inválida",
              "timedOut": null,
              "duration": 1232,
              "state": "passed",
              "speed": "fast",
              "pass": true,
              "fail": false,
              "pending": false,
              "context": null,
              "code": "cy.api({\n  method: \"POST\",\n  url: url,\n  body: {\n    usuario: Cypress.env(\"user_nameBC\"),\n    senha: \"123\"\n  },\n  failOnStatusCode: false\n}).then(r => {\n  expect(r.status).to.eq(404);\n  expect(r.body).to.have.nested.property(\"message.Usuario._warning\", \"Usuário ou senha inválidos.\");\n});",
              "err": {},
              "uuid": "386f2a89-50b3-4971-8151-184624e5039f",
              "parentUUID": "68827d0b-38f5-4f41-b083-e10900cc63db",
              "isHook": false,
              "skipped": false
            },
            {
              "title": "Login usuário inexistente",
              "fullTitle": "API CORE V3 - Login Buonny Check - validação de erros  Login usuário inexistente",
              "timedOut": null,
              "duration": 771,
              "state": "passed",
              "speed": "fast",
              "pass": true,
              "fail": false,
              "pending": false,
              "context": null,
              "code": "cy.api({\n  method: \"POST\",\n  url: url,\n  body: {\n    usuario: \"/\",\n    senha: Cypress.env(\"user_passwordBC\")\n  },\n  failOnStatusCode: false\n}).then(r => {\n  expect(r.status).to.eq(404);\n  expect(r.body).to.have.nested.property(\"message.Usuario._warning\", \"Usuário não encontrado.\");\n});",
              "err": {},
              "uuid": "35e3451c-7c5d-4799-a66b-ac7e729510d7",
              "parentUUID": "68827d0b-38f5-4f41-b083-e10900cc63db",
              "isHook": false,
              "skipped": false
            },
            {
              "title": "Login com usuário vazio",
              "fullTitle": "API CORE V3 - Login Buonny Check - validação de erros  Login com usuário vazio",
              "timedOut": null,
              "duration": 523,
              "state": "passed",
              "speed": "fast",
              "pass": true,
              "fail": false,
              "pending": false,
              "context": null,
              "code": "cy.api({\n  method: \"POST\",\n  url: url,\n  body: {\n    usuario: \"\",\n    senha: Cypress.env(\"user_passwordBC\")\n  },\n  failOnStatusCode: false\n}).then(r => {\n  expect(r.status).to.eq(400);\n  expect(r.body).to.have.nested.property(\"message.usuario._error\", \"Usuario precisam ser preenchido.\");\n});",
              "err": {},
              "uuid": "2fa069c7-03fc-42d9-9e87-7afbf8c49eed",
              "parentUUID": "68827d0b-38f5-4f41-b083-e10900cc63db",
              "isHook": false,
              "skipped": false
            },
            {
              "title": "Login com senha vazia",
              "fullTitle": "API CORE V3 - Login Buonny Check - validação de erros  Login com senha vazia",
              "timedOut": null,
              "duration": 364,
              "state": "passed",
              "speed": "fast",
              "pass": true,
              "fail": false,
              "pending": false,
              "context": null,
              "code": "cy.api({\n  method: \"POST\",\n  url: url,\n  body: {\n    usuario: Cypress.env(\"user_nameBC\"),\n    senha: \"\"\n  },\n  failOnStatusCode: false\n}).then(r => {\n  expect(r.status).to.eq(400);\n  expect(r.body).to.have.nested.property(\"message.senha._error\", \"Senha precisa ser prenchida.\");\n});",
              "err": {},
              "uuid": "9dfd97c8-4de9-4195-9238-1ef1caa9af89",
              "parentUUID": "68827d0b-38f5-4f41-b083-e10900cc63db",
              "isHook": false,
              "skipped": false
            }
          ],
          "suites": [],
          "passes": [
            "386f2a89-50b3-4971-8151-184624e5039f",
            "35e3451c-7c5d-4799-a66b-ac7e729510d7",
            "2fa069c7-03fc-42d9-9e87-7afbf8c49eed",
            "9dfd97c8-4de9-4195-9238-1ef1caa9af89"
          ],
          "failures": [],
          "pending": [],
          "skipped": [],
          "duration": 2890,
          "root": false,
          "rootEmpty": false,
          "_timeout": 2000
        }
      ],
      "passes": [],
      "failures": [],
      "pending": [],
      "skipped": [],
      "duration": 0,
      "root": true,
      "rootEmpty": true,
      "_timeout": 2000
    }
  ],
  "meta": {
    "mocha": {
      "version": "7.2.0"
    },
    "mochawesome": {
      "options": {
        "quiet": false,
        "reportFilename": "mochawesome",
        "saveHtml": true,
        "saveJson": true,
        "consoleReporter": "spec",
        "useInlineDiffs": false,
        "code": true
      },
      "version": "7.1.4"
    },
    "marge": {
      "options": {
        "reportDir": "cypress/results",
        "overwrite": false,
        "html": true,
        "json": true
      },
      "version": "6.3.0"
    }
  }
}