{
  "stats": {
    "suites": 1,
    "tests": 5,
    "passes": 4,
    "pending": 0,
    "failures": 1,
    "start": "2025-10-03T13:47:09.912Z",
    "end": "2025-10-03T13:49:06.997Z",
    "duration": 117085,
    "testsRegistered": 5,
    "passPercent": 80,
    "pendingPercent": 0,
    "other": 0,
    "hasOther": false,
    "skipped": 0,
    "hasSkipped": false
  },
  "results": [
    {
      "uuid": "dd269e05-6461-4657-8aea-54027a30fa0d",
      "title": "",
      "fullFile": "cypress/e2e/api/002 - API Integração Clientes/004 - API Inclusão de SM REST/002.api-inclusao-SM-erros-rest.cy.js",
      "file": "cypress/e2e/api/002 - API Integração Clientes/004 - API Inclusão de SM REST/002.api-inclusao-SM-erros-rest.cy.js",
      "beforeHooks": [],
      "afterHooks": [],
      "tests": [],
      "suites": [
        {
          "uuid": "f741f2c8-9015-41b8-94e7-eb28828302cd",
          "title": "Integração Clientes - API Inclusão de SM REST erros",
          "fullFile": "",
          "file": "",
          "beforeHooks": [],
          "afterHooks": [],
          "tests": [
            {
              "title": "Realizar requisição com corpo vazio",
              "fullTitle": "Integração Clientes - API Inclusão de SM REST erros Realizar requisição com corpo vazio",
              "timedOut": null,
              "duration": 2254,
              "state": "passed",
              "speed": "fast",
              "pass": true,
              "fail": false,
              "pending": false,
              "context": null,
              "code": "return cy.api({\n  method: \"POST\",\n  url: APIclientes.InclusãoSmRest,\n  body: {}\n}).then(r => {\n  expect(r.body.sucesso).to.be.null;\n  expect(r.body.erros).to.include(\"Dados incorretos\");\n});",
              "err": {},
              "uuid": "245e7ba5-5333-452e-8de8-24a37c08427c",
              "parentUUID": "f741f2c8-9015-41b8-94e7-eb28828302cd",
              "isHook": false,
              "skipped": false
            },
            {
              "title": "Realizar requisição com Token inválido",
              "fullTitle": "Integração Clientes - API Inclusão de SM REST erros Realizar requisição com Token inválido",
              "timedOut": null,
              "duration": 2435,
              "state": "passed",
              "speed": "fast",
              "pass": true,
              "fail": false,
              "pending": false,
              "context": null,
              "code": "requisicaoPadrao({\n  token: \"123\"\n}).then(r => {\n  expect(r.body.sucesso).to.be.null;\n  expect(r.body.erros).to.include(\"O token informado não confere com o cnpj do cliente\");\n});",
              "err": {},
              "uuid": "fe450ba5-db5b-4429-b47a-26597ae36c72",
              "parentUUID": "f741f2c8-9015-41b8-94e7-eb28828302cd",
              "isHook": false,
              "skipped": false
            },
            {
              "title": "Realizar requisição com CNPJ inválido",
              "fullTitle": "Integração Clientes - API Inclusão de SM REST erros Realizar requisição com CNPJ inválido",
              "timedOut": null,
              "duration": 2083,
              "state": "passed",
              "speed": "fast",
              "pass": true,
              "fail": false,
              "pending": false,
              "context": null,
              "code": "requisicaoPadrao({\n  cnpj: \"123\"\n}).then(r => {\n  expect(r.body.sucesso).to.be.null;\n  expect(r.body.erros).to.include(\"O token informado não confere com o cnpj do cliente\");\n});",
              "err": {},
              "uuid": "0e556073-2e29-4afe-8983-aa985e5728a3",
              "parentUUID": "f741f2c8-9015-41b8-94e7-eb28828302cd",
              "isHook": false,
              "skipped": false
            },
            {
              "title": "Realizar requisição com a previsão de início sendo uma data no passado.",
              "fullTitle": "Integração Clientes - API Inclusão de SM REST erros Realizar requisição com a previsão de início sendo uma data no passado.",
              "timedOut": null,
              "duration": 100734,
              "state": "failed",
              "speed": null,
              "pass": false,
              "fail": true,
              "pending": false,
              "context": null,
              "code": "requisicaoPadrao({\n  prevInicio: \"03/01/2025 15:50:00\"\n}).then(r => {\n  expect(r.body.sucesso).to.be.null;\n  expect(r.body.erros).to.include(\"Previsão de início não deve ser menor que a data e hora atual;\\nA diferença entre a previsão de início e de fim não pode ultrapassar 120 dias\");\n});",
              "err": {
                "message": "CypressError: `cy.request()` timed out waiting `100000ms` for a response from your server.\n\nThe request we sent was:\n\nMethod: POST\nURL: https://tstapi.buonny.com.br/portal/viagens.json\n\nNo response was received within the timeout.\n\nhttps://on.cypress.io/request",
                "estack": "CypressError: `cy.request()` timed out waiting `100000ms` for a response from your server.\n\nThe request we sent was:\n\nMethod: POST\nURL: https://tstapi.buonny.com.br/portal/viagens.json\n\nNo response was received within the timeout.\n\nhttps://on.cypress.io/request\n    at <unknown> (https://tstportal.buonny.com.br/__cypress/runner/cypress_runner.js:136486:70)\n    at tryCatcher (https://tstportal.buonny.com.br/__cypress/runner/cypress_runner.js:1777:23)\n    at <unknown> (https://tstportal.buonny.com.br/__cypress/runner/cypress_runner.js:4156:41)\n    at tryCatcher (https://tstportal.buonny.com.br/__cypress/runner/cypress_runner.js:1777:23)\n    at Promise._settlePromiseFromHandler (https://tstportal.buonny.com.br/__cypress/runner/cypress_runner.js:1489:31)\n    at Promise._settlePromise (https://tstportal.buonny.com.br/__cypress/runner/cypress_runner.js:1546:18)\n    at Promise._settlePromise0 (https://tstportal.buonny.com.br/__cypress/runner/cypress_runner.js:1591:10)\n    at Promise._settlePromises (https://tstportal.buonny.com.br/__cypress/runner/cypress_runner.js:1667:18)\n    at _drainQueueStep (https://tstportal.buonny.com.br/__cypress/runner/cypress_runner.js:2377:12)\n    at _drainQueue (https://tstportal.buonny.com.br/__cypress/runner/cypress_runner.js:2370:9)\n    at Async._drainQueues (https://tstportal.buonny.com.br/__cypress/runner/cypress_runner.js:2386:5)\n    at Async.drainQueues (https://tstportal.buonny.com.br/__cypress/runner/cypress_runner.js:2256:14)\nFrom Your Spec Code:\n    at Context.ee (webpack://test/./node_modules/cypress-plugin-api/dist/support.js:14:2002)\n    at wrapped (https://tstportal.buonny.com.br/__cypress/runner/cypress_runner.js:141663:43)",
                "diff": null
              },
              "uuid": "2984f959-2444-4a42-9a21-b1161ff5aaed",
              "parentUUID": "f741f2c8-9015-41b8-94e7-eb28828302cd",
              "isHook": false,
              "skipped": false
            },
            {
              "title": "Realizar requsição com a previsão de chegada sendo uma data no passado.",
              "fullTitle": "Integração Clientes - API Inclusão de SM REST erros Realizar requsição com a previsão de chegada sendo uma data no passado.",
              "timedOut": null,
              "duration": 6904,
              "state": "passed",
              "speed": "medium",
              "pass": true,
              "fail": false,
              "pending": false,
              "context": null,
              "code": "requisicaoPadrao({\n  prevChegada: \"03/01/2025 15:50:00\"\n}).then(r => {\n  expect(r.body.sucesso).to.be.null;\n  expect(r.body.erros).to.include(\"Data de previsão menor que a data de inicio\");\n});",
              "err": {},
              "uuid": "82f4b768-29b2-4bd4-94c8-26657d7fe176",
              "parentUUID": "f741f2c8-9015-41b8-94e7-eb28828302cd",
              "isHook": false,
              "skipped": false
            }
          ],
          "suites": [],
          "passes": [
            "245e7ba5-5333-452e-8de8-24a37c08427c",
            "fe450ba5-db5b-4429-b47a-26597ae36c72",
            "0e556073-2e29-4afe-8983-aa985e5728a3",
            "82f4b768-29b2-4bd4-94c8-26657d7fe176"
          ],
          "failures": [
            "2984f959-2444-4a42-9a21-b1161ff5aaed"
          ],
          "pending": [],
          "skipped": [],
          "duration": 114410,
          "root": false,
          "rootEmpty": false,
          "_timeout": 2000
        }
      ],
      "passes": [],
      "failures": [],
      "pending": [],
      "skipped": [],
      "duration": 0,
      "root": true,
      "rootEmpty": true,
      "_timeout": 2000
    }
  ],
  "meta": {
    "mocha": {
      "version": "7.2.0"
    },
    "mochawesome": {
      "options": {
        "quiet": false,
        "reportFilename": "mochawesome",
        "saveHtml": true,
        "saveJson": true,
        "consoleReporter": "spec",
        "useInlineDiffs": false,
        "code": true
      },
      "version": "7.1.4"
    },
    "marge": {
      "options": {
        "reportDir": "cypress/results",
        "overwrite": false,
        "html": true,
        "json": true
      },
      "version": "6.3.0"
    }
  }
}