{
  "stats": {
    "suites": 1,
    "tests": 5,
    "passes": 5,
    "pending": 0,
    "failures": 0,
    "start": "2025-10-21T19:45:52.696Z",
    "end": "2025-10-21T19:46:31.812Z",
    "duration": 39116,
    "testsRegistered": 5,
    "passPercent": 100,
    "pendingPercent": 0,
    "other": 0,
    "hasOther": false,
    "skipped": 0,
    "hasSkipped": false
  },
  "results": [
    {
      "uuid": "53d0e4fa-1b34-434d-9bcf-a4f5de990caa",
      "title": "",
      "fullFile": "cypress/e2e/api/002 - API Integração Clientes/004 - API Inclusão de SM REST/002.api-inclusao-SM-erros-rest.cy.js",
      "file": "cypress/e2e/api/002 - API Integração Clientes/004 - API Inclusão de SM REST/002.api-inclusao-SM-erros-rest.cy.js",
      "beforeHooks": [],
      "afterHooks": [],
      "tests": [],
      "suites": [
        {
          "uuid": "871292b9-fce6-4a31-8f1b-496735650210",
          "title": "Integração Clientes - API Inclusão de SM REST erros",
          "fullFile": "",
          "file": "",
          "beforeHooks": [],
          "afterHooks": [],
          "tests": [
            {
              "title": "Realizar requisição com corpo vazio",
              "fullTitle": "Integração Clientes - API Inclusão de SM REST erros Realizar requisição com corpo vazio",
              "timedOut": null,
              "duration": 2521,
              "state": "passed",
              "speed": "fast",
              "pass": true,
              "fail": false,
              "pending": false,
              "context": null,
              "code": "return cy.api({\n  method: \"POST\",\n  url: APIclientes.InclusãoSmRest,\n  body: {}\n}).then(r => {\n  expect(r.body.sucesso).to.be.null;\n  expect(r.body.erros).to.include(\"Dados incorretos\");\n});",
              "err": {},
              "uuid": "006cc767-ae55-44c2-a018-68386a81bddf",
              "parentUUID": "871292b9-fce6-4a31-8f1b-496735650210",
              "isHook": false,
              "skipped": false
            },
            {
              "title": "Realizar requisição com Token inválido",
              "fullTitle": "Integração Clientes - API Inclusão de SM REST erros Realizar requisição com Token inválido",
              "timedOut": null,
              "duration": 2263,
              "state": "passed",
              "speed": "fast",
              "pass": true,
              "fail": false,
              "pending": false,
              "context": null,
              "code": "requisicaoPadrao({\n  token: \"123\"\n}).then(r => {\n  expect(r.body.sucesso).to.be.null;\n  expect(r.body.erros).to.include(\"O token informado não confere com o cnpj do cliente\");\n});",
              "err": {},
              "uuid": "8eab47d3-eb49-44d2-bee2-bdb1dc1fa2e3",
              "parentUUID": "871292b9-fce6-4a31-8f1b-496735650210",
              "isHook": false,
              "skipped": false
            },
            {
              "title": "Realizar requisição com CNPJ inválido",
              "fullTitle": "Integração Clientes - API Inclusão de SM REST erros Realizar requisição com CNPJ inválido",
              "timedOut": null,
              "duration": 2445,
              "state": "passed",
              "speed": "fast",
              "pass": true,
              "fail": false,
              "pending": false,
              "context": null,
              "code": "requisicaoPadrao({\n  cnpj: \"123\"\n}).then(r => {\n  expect(r.body.sucesso).to.be.null;\n  expect(r.body.erros).to.include(\"O token informado não confere com o cnpj do cliente\");\n});",
              "err": {},
              "uuid": "4d5df4bf-3f8c-43cb-b2ae-af9d6101c322",
              "parentUUID": "871292b9-fce6-4a31-8f1b-496735650210",
              "isHook": false,
              "skipped": false
            },
            {
              "title": "Realizar requisição com a previsão de início sendo uma data no passado.",
              "fullTitle": "Integração Clientes - API Inclusão de SM REST erros Realizar requisição com a previsão de início sendo uma data no passado.",
              "timedOut": null,
              "duration": 25102,
              "state": "passed",
              "speed": "slow",
              "pass": true,
              "fail": false,
              "pending": false,
              "context": null,
              "code": "requisicaoPadrao({\n  prevInicio: \"03/01/2025 15:50:00\"\n}).then(r => {\n  expect(r.body.sucesso).to.be.null;\n  expect(r.body.erros).to.include(\"Previsão de início não deve ser menor que a data e hora atual;\\nA diferença entre a previsão de início e de fim não pode ultrapassar 120 dias\");\n});",
              "err": {},
              "uuid": "f0f5fd53-f7bd-4f2c-bdfc-86aed59c864a",
              "parentUUID": "871292b9-fce6-4a31-8f1b-496735650210",
              "isHook": false,
              "skipped": false
            },
            {
              "title": "Realizar requsição com a previsão de chegada sendo uma data no passado.",
              "fullTitle": "Integração Clientes - API Inclusão de SM REST erros Realizar requsição com a previsão de chegada sendo uma data no passado.",
              "timedOut": null,
              "duration": 5993,
              "state": "passed",
              "speed": "medium",
              "pass": true,
              "fail": false,
              "pending": false,
              "context": null,
              "code": "requisicaoPadrao({\n  prevChegada: \"03/01/2025 15:50:00\"\n}).then(r => {\n  expect(r.body.sucesso).to.be.null;\n  expect(r.body.erros).to.include(\"Data de previsão menor que a data de inicio\");\n});",
              "err": {},
              "uuid": "39b40b3c-5b0a-4921-9852-e3136b8582f6",
              "parentUUID": "871292b9-fce6-4a31-8f1b-496735650210",
              "isHook": false,
              "skipped": false
            }
          ],
          "suites": [],
          "passes": [
            "006cc767-ae55-44c2-a018-68386a81bddf",
            "8eab47d3-eb49-44d2-bee2-bdb1dc1fa2e3",
            "4d5df4bf-3f8c-43cb-b2ae-af9d6101c322",
            "f0f5fd53-f7bd-4f2c-bdfc-86aed59c864a",
            "39b40b3c-5b0a-4921-9852-e3136b8582f6"
          ],
          "failures": [],
          "pending": [],
          "skipped": [],
          "duration": 38324,
          "root": false,
          "rootEmpty": false,
          "_timeout": 2000
        }
      ],
      "passes": [],
      "failures": [],
      "pending": [],
      "skipped": [],
      "duration": 0,
      "root": true,
      "rootEmpty": true,
      "_timeout": 2000
    }
  ],
  "meta": {
    "mocha": {
      "version": "7.2.0"
    },
    "mochawesome": {
      "options": {
        "quiet": false,
        "reportFilename": "mochawesome",
        "saveHtml": true,
        "saveJson": true,
        "consoleReporter": "spec",
        "useInlineDiffs": false,
        "code": true
      },
      "version": "7.1.4"
    },
    "marge": {
      "options": {
        "reportDir": "cypress/results",
        "overwrite": false,
        "html": true,
        "json": true
      },
      "version": "6.3.0"
    }
  }
}