{
  "stats": {
    "suites": 1,
    "tests": 7,
    "passes": 7,
    "pending": 0,
    "failures": 0,
    "start": "2025-10-17T18:08:57.191Z",
    "end": "2025-10-17T18:09:25.031Z",
    "duration": 27840,
    "testsRegistered": 7,
    "passPercent": 100,
    "pendingPercent": 0,
    "other": 0,
    "hasOther": false,
    "skipped": 0,
    "hasSkipped": false
  },
  "results": [
    {
      "uuid": "8f0f0647-22c9-4e04-b766-33a4fd083eaa",
      "title": "",
      "fullFile": "cypress/e2e/api/002 - API Integração Clientes/001 - API Ficha Profisssional/002.api-inclusao-ficha-erros-soap.cy.js",
      "file": "cypress/e2e/api/002 - API Integração Clientes/001 - API Ficha Profisssional/002.api-inclusao-ficha-erros-soap.cy.js",
      "beforeHooks": [],
      "afterHooks": [],
      "tests": [],
      "suites": [
        {
          "uuid": "3810ba09-2367-435b-ae9c-e7e9aa8d85c9",
          "title": "Integração Clientes - API Inclusão de Ficha do Profissional - Validação de Erros",
          "fullFile": "",
          "file": "",
          "beforeHooks": [],
          "afterHooks": [],
          "tests": [
            {
              "title": "Validação de erro: Corpo da requisição (vazio)",
              "fullTitle": "Integração Clientes - API Inclusão de Ficha do Profissional - Validação de Erros Validação de erro: Corpo da requisição (vazio)",
              "timedOut": null,
              "duration": 1477,
              "state": "passed",
              "speed": "fast",
              "pass": true,
              "fail": false,
              "pending": false,
              "context": null,
              "code": "cy.api({\n  method: \"POST\",\n  url: url,\n  body: \"\",\n  failOnStatusCode: false\n}).then(r => {\n  const faultcode = r.body.match(/<faultcode>([\\s\\S]*?)<\\/faultcode>/)[1].trim();\n  const faultstring = r.body.match(/<faultstring>([\\s\\S]*?)<\\/faultstring>/)[1].trim();\n  expect(r.status).to.eq(500);\n  expect(faultcode).to.eq(\"SOAP-ENV:Client\");\n  expect(faultstring).to.eq(\"Bad Request\");\n});",
              "err": {},
              "uuid": "9dd05eb4-b0ef-46d6-8d4e-236a26c1ae6a",
              "parentUUID": "3810ba09-2367-435b-ae9c-e7e9aa8d85c9",
              "isHook": false,
              "skipped": false
            },
            {
              "title": "Validação de erro: CNPJ do Cliente (vazio)",
              "fullTitle": "Integração Clientes - API Inclusão de Ficha do Profissional - Validação de Erros Validação de erro: CNPJ do Cliente (vazio)",
              "timedOut": null,
              "duration": 2286,
              "state": "passed",
              "speed": "fast",
              "pass": true,
              "fail": false,
              "pending": false,
              "context": null,
              "code": "const payloadModificado = soapPayload.replace(`<inc:cnpj_cliente>${cnpjCliente}</inc:cnpj_cliente>`, `<inc:cnpj_cliente></inc:cnpj_cliente>`);\ncy.api({\n  method: \"POST\",\n  url: url,\n  body: payloadModificado,\n  failOnStatusCode: false\n}).then(r => {\n  const faultcode = r.body.match(/<faultcode>([\\s\\S]*?)<\\/faultcode>/)[1].trim();\n  const faultstring = r.body.match(/<faultstring>([\\s\\S]*?)<\\/faultstring>/)[1].trim();\n  cy.log(r.body);\n  expect(r.status).to.eq(500);\n  expect(faultcode).to.eq(\"ns1:1\");\n  expect(faultstring).to.be.oneOf([\"CNPJ Cliente não informado ou XML Inválido\", \"O token informado não confere com o cnpj do cliente\"]);\n});",
              "err": {},
              "uuid": "4506f8dc-9263-479f-bf94-c4f74d197ed9",
              "parentUUID": "3810ba09-2367-435b-ae9c-e7e9aa8d85c9",
              "isHook": false,
              "skipped": false
            },
            {
              "title": "Validação de erro: CNPJ do Embarcador (vazio) ou (inválido)",
              "fullTitle": "Integração Clientes - API Inclusão de Ficha do Profissional - Validação de Erros Validação de erro: CNPJ do Embarcador (vazio) ou (inválido)",
              "timedOut": null,
              "duration": 3669,
              "state": "passed",
              "speed": "fast",
              "pass": true,
              "fail": false,
              "pending": false,
              "context": null,
              "code": "const cnpjs = [\"\", \"abc\"];\nconst cnpj_aleatorio = cnpjs[Math.floor(Math.random() * cnpjs.length)];\nconst payloadModificado = soapPayload.replace(`<inc:cnpj_embarcador>${cnpjCliente}</inc:cnpj_embarcador>`, `<inc:cnpj_embarcador>${cnpj_aleatorio}</inc:cnpj_embarcador>`);\ncy.api({\n  method: \"POST\",\n  url: url,\n  body: payloadModificado,\n  failOnStatusCode: false\n}).then(r => {\n  const faultcode = r.body.match(/<faultcode>([\\s\\S]*?)<\\/faultcode>/)[1].trim();\n  const faultstring = r.body.match(/<faultstring>([\\s\\S]*?)<\\/faultstring>/)[1].trim();\n  expect(r.status).to.eq(500);\n  expect(faultcode).to.eq(\"ns1:1\");\n  expect(faultstring).to.be.oneOf([\"CNPJ Embarcador não informado\", \"O CNPJ Embarcador não está cadastrado\"]);\n});",
              "err": {},
              "uuid": "bd23f90f-0b66-4b53-984c-3c1f0c5c8786",
              "parentUUID": "3810ba09-2367-435b-ae9c-e7e9aa8d85c9",
              "isHook": false,
              "skipped": false
            },
            {
              "title": "Validação de erro: CNPJ do Transportador (vazio) ou (inválido)",
              "fullTitle": "Integração Clientes - API Inclusão de Ficha do Profissional - Validação de Erros Validação de erro: CNPJ do Transportador (vazio) ou (inválido)",
              "timedOut": null,
              "duration": 3892,
              "state": "passed",
              "speed": "fast",
              "pass": true,
              "fail": false,
              "pending": false,
              "context": null,
              "code": "const cnpj = [\"abc\"];\nconst payloadModificado = soapPayload.replace(`<inc:cnpj_transportador>${cnpjTransportador}</inc:cnpj_transportador>`, ` <inc:cnpj_transportador>${cnpj}</inc:cnpj_transportador>`);\ncy.api({\n  method: \"POST\",\n  url: url,\n  body: payloadModificado,\n  failOnStatusCode: false\n}).then(r => {\n  const faultcode = r.body.match(/<faultcode>([\\s\\S]*?)<\\/faultcode>/)[1].trim();\n  const faultstring = r.body.match(/<faultstring>([\\s\\S]*?)<\\/faultstring>/)[1].trim();\n  expect(r.status).to.eq(500);\n  expect(faultcode).to.eq(\"ns1:1\");\n  expect(faultstring).to.be.oneOf([\"O CNPJ Transportador não informado ou XML Inválido\", \"O CNPJ Transportador não está cadastrado\"]);\n});",
              "err": {},
              "uuid": "ff4bb705-2da0-4953-b102-fd5d12f77873",
              "parentUUID": "3810ba09-2367-435b-ae9c-e7e9aa8d85c9",
              "isHook": false,
              "skipped": false
            },
            {
              "title": "Validação de erro: Foto do profissional (vazio)",
              "fullTitle": "Integração Clientes - API Inclusão de Ficha do Profissional - Validação de Erros Validação de erro: Foto do profissional (vazio)",
              "timedOut": null,
              "duration": 3971,
              "state": "passed",
              "speed": "fast",
              "pass": true,
              "fail": false,
              "pending": false,
              "context": null,
              "code": "const payloadModificado = soapPayload.replace(`${imagemBase64}`, \"\");\ncy.api({\n  method: \"POST\",\n  url: url,\n  body: payloadModificado,\n  failOnStatusCode: false\n}).then(r => {\n  const faultcode = r.body.match(/<faultcode>([\\s\\S]*?)<\\/faultcode>/)[1].trim();\n  const faultstring = r.body.match(/<faultstring>([\\s\\S]*?)<\\/faultstring>/)[1].trim();\n  expect(r.status).to.eq(500);\n  expect(faultcode).to.eq(\"ns1:1\");\n  expect(faultstring).to.eq(\"Foto Profissional não informado\");\n});",
              "err": {},
              "uuid": "efb59bef-299c-47ca-83d8-1a711f7ba5f8",
              "parentUUID": "3810ba09-2367-435b-ae9c-e7e9aa8d85c9",
              "isHook": false,
              "skipped": false
            },
            {
              "title": "Validação de erro: Foto do profissional (maior que 5MB)",
              "fullTitle": "Integração Clientes - API Inclusão de Ficha do Profissional - Validação de Erros Validação de erro: Foto do profissional (maior que 5MB)",
              "timedOut": null,
              "duration": 8152,
              "state": "passed",
              "speed": "medium",
              "pass": true,
              "fail": false,
              "pending": false,
              "context": null,
              "code": "const payloadModificado = soapPayload.replace(`${imagemBase64}`, `${imagemBase64_5MB}`);\ncy.api({\n  method: \"POST\",\n  url: url,\n  body: payloadModificado,\n  failOnStatusCode: false\n}).then(r => {\n  const faultcode = r.body.match(/<faultcode>([\\s\\S]*?)<\\/faultcode>/)[1].trim();\n  const faultstring = r.body.match(/<faultstring>([\\s\\S]*?)<\\/faultstring>/)[1].trim();\n  expect(r.status).to.eq(500);\n  expect(faultcode).to.eq(\"ns1:1\");\n  expect(faultstring).to.eq(\"Foto Profissional, a imagem deve ter no máximo 5MB.\");\n});",
              "err": {},
              "uuid": "a9ef8569-71c4-4931-b8c2-7a4039ec21ee",
              "parentUUID": "3810ba09-2367-435b-ae9c-e7e9aa8d85c9",
              "isHook": false,
              "skipped": false
            },
            {
              "title": "Validação de erro: Documento do profissional (vazio) ou (inválido)",
              "fullTitle": "Integração Clientes - API Inclusão de Ficha do Profissional - Validação de Erros Validação de erro: Documento do profissional (vazio) ou (inválido)",
              "timedOut": null,
              "duration": 3563,
              "state": "passed",
              "speed": "fast",
              "pass": true,
              "fail": false,
              "pending": false,
              "context": null,
              "code": "const documento = [\"\", \"123456789\"];\nconst docAleatorio = documento[Math.floor(Math.random() * documento.length)];\nconst payloadModificado = soapPayload.replace(`<inc:documento>${cpfAleatorio}</inc:documento>`, `<inc:documento>${docAleatorio}</inc:documento>`);\ncy.api({\n  method: \"POST\",\n  url: url,\n  body: payloadModificado,\n  failOnStatusCode: false\n}).then(r => {\n  const faultcode = r.body.match(/<faultcode>([\\s\\S]*?)<\\/faultcode>/)[1].trim();\n  const faultstring = r.body.match(/<faultstring>([\\s\\S]*?)<\\/faultstring>/)[1].trim();\n  expect(r.status).to.eq(500);\n  expect(faultcode).to.eq(\"ns1:1\");\n  expect(faultstring).to.be.oneOf([\"CPF profissional não informado\", \"O CPF do profissional é inválido\"]);\n});",
              "err": {},
              "uuid": "e6ff5029-72c8-4d04-bb51-e92b3242e9aa",
              "parentUUID": "3810ba09-2367-435b-ae9c-e7e9aa8d85c9",
              "isHook": false,
              "skipped": false
            }
          ],
          "suites": [],
          "passes": [
            "9dd05eb4-b0ef-46d6-8d4e-236a26c1ae6a",
            "4506f8dc-9263-479f-bf94-c4f74d197ed9",
            "bd23f90f-0b66-4b53-984c-3c1f0c5c8786",
            "ff4bb705-2da0-4953-b102-fd5d12f77873",
            "efb59bef-299c-47ca-83d8-1a711f7ba5f8",
            "a9ef8569-71c4-4931-b8c2-7a4039ec21ee",
            "e6ff5029-72c8-4d04-bb51-e92b3242e9aa"
          ],
          "failures": [],
          "pending": [],
          "skipped": [],
          "duration": 27010,
          "root": false,
          "rootEmpty": false,
          "_timeout": 2000
        }
      ],
      "passes": [],
      "failures": [],
      "pending": [],
      "skipped": [],
      "duration": 0,
      "root": true,
      "rootEmpty": true,
      "_timeout": 2000
    }
  ],
  "meta": {
    "mocha": {
      "version": "7.2.0"
    },
    "mochawesome": {
      "options": {
        "quiet": false,
        "reportFilename": "mochawesome",
        "saveHtml": true,
        "saveJson": true,
        "consoleReporter": "spec",
        "useInlineDiffs": false,
        "code": true
      },
      "version": "7.1.4"
    },
    "marge": {
      "options": {
        "reportDir": "cypress/results",
        "overwrite": false,
        "html": true,
        "json": true
      },
      "version": "6.3.0"
    }
  }
}