{
  "stats": {
    "suites": 1,
    "tests": 3,
    "passes": 3,
    "pending": 0,
    "failures": 0,
    "start": "2025-10-22T14:33:35.203Z",
    "end": "2025-10-22T14:33:50.112Z",
    "duration": 14909,
    "testsRegistered": 3,
    "passPercent": 100,
    "pendingPercent": 0,
    "other": 0,
    "hasOther": false,
    "skipped": 0,
    "hasSkipped": false
  },
  "results": [
    {
      "uuid": "1c3be599-cd50-4baf-acd2-fb9ec6afd8f8",
      "title": "",
      "fullFile": "cypress/e2e/api/002 - API Integração Clientes/006 - API Status Entrega V2/002.api-status-entregaV2-rest-erros.cy.js",
      "file": "cypress/e2e/api/002 - API Integração Clientes/006 - API Status Entrega V2/002.api-status-entregaV2-rest-erros.cy.js",
      "beforeHooks": [],
      "afterHooks": [],
      "tests": [],
      "suites": [
        {
          "uuid": "cf1e9601-9fa1-4d1b-8063-c4296ed7a7e0",
          "title": "Integração Clientes - Erros, API Status Entrega V2",
          "fullFile": "",
          "file": "",
          "beforeHooks": [],
          "afterHooks": [],
          "tests": [
            {
              "title": "Validação de Erro: Enviar Requisição com CNPJ  vazio",
              "fullTitle": "Integração Clientes - Erros, API Status Entrega V2 Validação de Erro: Enviar Requisição com CNPJ  vazio",
              "timedOut": null,
              "duration": 1306,
              "state": "passed",
              "speed": "fast",
              "pass": true,
              "fail": false,
              "pending": false,
              "context": null,
              "code": "cy.api({\n  method: \"GET\",\n  url: `${url}?cnpj_cliente=&token=${token}`,\n  failOnStatusCode: false\n}).then(r => {\n  expect(r.status).to.eq(401);\n});",
              "err": {},
              "uuid": "f3505108-2415-468f-831d-f48f8a3fd19b",
              "parentUUID": "cf1e9601-9fa1-4d1b-8063-c4296ed7a7e0",
              "isHook": false,
              "skipped": false
            },
            {
              "title": "Validação de Erro: Enviar Reqisição com Token vazio",
              "fullTitle": "Integração Clientes - Erros, API Status Entrega V2 Validação de Erro: Enviar Reqisição com Token vazio",
              "timedOut": null,
              "duration": 1353,
              "state": "passed",
              "speed": "fast",
              "pass": true,
              "fail": false,
              "pending": false,
              "context": null,
              "code": "cy.api({\n  method: \"GET\",\n  url: `${url}?cnpj_cliente=${cnpjCliente}&token=`,\n  failOnStatusCode: false\n}).then(r => {\n  expect(r.status).to.eq(401);\n});",
              "err": {},
              "uuid": "24641e6d-66fd-4065-b9e3-dcb74aaf5f2c",
              "parentUUID": "cf1e9601-9fa1-4d1b-8063-c4296ed7a7e0",
              "isHook": false,
              "skipped": false
            },
            {
              "title": "Validação de Erro: Consultar com SM e pedido divergentes",
              "fullTitle": "Integração Clientes - Erros, API Status Entrega V2 Validação de Erro: Consultar com SM e pedido divergentes",
              "timedOut": null,
              "duration": 3101,
              "state": "passed",
              "speed": "fast",
              "pass": true,
              "fail": false,
              "pending": false,
              "context": null,
              "code": "cy.api({\n  method: \"GET\",\n  url: `${url}?cnpj_cliente=${cnpjCliente}&token=${token}&sm=31692655&pedido=123456`,\n  failOnStatusCode: false\n}).then(r => {\n  expect(r.status).to.eq(200);\n  expect(r.body.dados).to.be.an(\"array\").and.to.be.empty;\n});",
              "err": {},
              "uuid": "ac1ebfb7-78da-4b66-82ae-3f02a5d8d1cc",
              "parentUUID": "cf1e9601-9fa1-4d1b-8063-c4296ed7a7e0",
              "isHook": false,
              "skipped": false
            }
          ],
          "suites": [],
          "passes": [
            "f3505108-2415-468f-831d-f48f8a3fd19b",
            "24641e6d-66fd-4065-b9e3-dcb74aaf5f2c",
            "ac1ebfb7-78da-4b66-82ae-3f02a5d8d1cc"
          ],
          "failures": [],
          "pending": [],
          "skipped": [],
          "duration": 5760,
          "root": false,
          "rootEmpty": false,
          "_timeout": 2000
        }
      ],
      "passes": [],
      "failures": [],
      "pending": [],
      "skipped": [],
      "duration": 0,
      "root": true,
      "rootEmpty": true,
      "_timeout": 2000
    }
  ],
  "meta": {
    "mocha": {
      "version": "7.2.0"
    },
    "mochawesome": {
      "options": {
        "quiet": false,
        "reportFilename": "mochawesome",
        "saveHtml": false,
        "saveJson": true,
        "consoleReporter": "spec",
        "useInlineDiffs": false,
        "code": true
      },
      "version": "7.1.4"
    },
    "marge": {
      "options": {
        "reportDir": "cypress/results",
        "overwrite": false,
        "html": false,
        "json": true
      },
      "version": "6.3.0"
    }
  }
}