{
  "stats": {
    "suites": 1,
    "tests": 1,
    "passes": 1,
    "pending": 0,
    "failures": 0,
    "start": "2025-10-07T18:08:10.569Z",
    "end": "2025-10-07T18:08:11.168Z",
    "duration": 599,
    "testsRegistered": 1,
    "passPercent": 100,
    "pendingPercent": 0,
    "other": 0,
    "hasOther": false,
    "skipped": 0,
    "hasSkipped": false
  },
  "results": [
    {
      "uuid": "18a11e66-c9cc-47c4-a03b-89f37bdbc1cf",
      "title": "",
      "fullFile": "cypress/e2e/api/001 - API Core V3/001 - API V3 - Login Buonny Check/001.apiV3-login-b.check-sucesso.cy.js",
      "file": "cypress/e2e/api/001 - API Core V3/001 - API V3 - Login Buonny Check/001.apiV3-login-b.check-sucesso.cy.js",
      "beforeHooks": [],
      "afterHooks": [],
      "tests": [],
      "suites": [
        {
          "uuid": "d7c5c982-a139-4523-ba6c-0954831a2202",
          "title": "API CORE V3 - Login Buonny Check - sucesso",
          "fullFile": "",
          "file": "",
          "beforeHooks": [],
          "afterHooks": [],
          "tests": [
            {
              "title": "Login com sucesso",
              "fullTitle": "API CORE V3 - Login Buonny Check - sucesso Login com sucesso",
              "timedOut": null,
              "duration": 482,
              "state": "passed",
              "speed": "fast",
              "pass": true,
              "fail": false,
              "pending": false,
              "context": null,
              "code": "cy.api({\n  method: \"POST\",\n  url: url,\n  body: {\n    usuario: Cypress.env(\"user_nameBC\"),\n    senha: Cypress.env(\"user_passwordBC\")\n  }\n}).then(r => {\n  expect(r.status).to.eq(200);\n  expect(r.body).to.have.property(\"data\");\n  expect(r.body.data).to.have.property(\"token\").and.not.be.empty;\n});",
              "err": {},
              "uuid": "3315c9f7-6292-432b-ab2e-265296f25282",
              "parentUUID": "d7c5c982-a139-4523-ba6c-0954831a2202",
              "isHook": false,
              "skipped": false
            }
          ],
          "suites": [],
          "passes": [
            "3315c9f7-6292-432b-ab2e-265296f25282"
          ],
          "failures": [],
          "pending": [],
          "skipped": [],
          "duration": 482,
          "root": false,
          "rootEmpty": false,
          "_timeout": 2000
        }
      ],
      "passes": [],
      "failures": [],
      "pending": [],
      "skipped": [],
      "duration": 0,
      "root": true,
      "rootEmpty": true,
      "_timeout": 2000
    }
  ],
  "meta": {
    "mocha": {
      "version": "7.2.0"
    },
    "mochawesome": {
      "options": {
        "quiet": false,
        "reportFilename": "mochawesome",
        "saveHtml": true,
        "saveJson": true,
        "consoleReporter": "spec",
        "useInlineDiffs": false,
        "code": true
      },
      "version": "7.1.4"
    },
    "marge": {
      "options": {
        "reportDir": "cypress/results",
        "overwrite": false,
        "html": true,
        "json": true
      },
      "version": "6.3.0"
    }
  }
}