{
  "stats": {
    "suites": 1,
    "tests": 1,
    "passes": 1,
    "pending": 0,
    "failures": 0,
    "start": "2025-10-20T18:20:51.530Z",
    "end": "2025-10-20T18:21:00.904Z",
    "duration": 9374,
    "testsRegistered": 1,
    "passPercent": 100,
    "pendingPercent": 0,
    "other": 0,
    "hasOther": false,
    "skipped": 0,
    "hasSkipped": false
  },
  "results": [
    {
      "uuid": "1029d339-8c02-4852-8d01-42ccbb2441d3",
      "title": "",
      "fullFile": "cypress/e2e/api/002 - API Integração Clientes/002 - API Consulta Profissional/001.api-consulta-profissional-soap.cy.js",
      "file": "cypress/e2e/api/002 - API Integração Clientes/002 - API Consulta Profissional/001.api-consulta-profissional-soap.cy.js",
      "beforeHooks": [],
      "afterHooks": [],
      "tests": [],
      "suites": [
        {
          "uuid": "c731d239-b13f-46d9-97e1-94280e6aa028",
          "title": "Integração Clientes - API Consulta de Profissional SOAP",
          "fullFile": "",
          "file": "",
          "beforeHooks": [],
          "afterHooks": [],
          "tests": [
            {
              "title": "Realizar consulta com sucesso API",
              "fullTitle": "Integração Clientes - API Consulta de Profissional SOAP Realizar consulta com sucesso API",
              "timedOut": null,
              "duration": 9065,
              "state": "passed",
              "speed": "medium",
              "pass": true,
              "fail": false,
              "pending": false,
              "context": null,
              "code": "cy.api({\n  method: \"POST\",\n  url: url,\n  body: soapPayload,\n  timeout: 60000\n}).then(r => {\n  const status = r.body.match(/<status>([\\s\\S]*?)<\\/status>/)[1].trim();\n  expect(r.status).to.eq(200);\n  expect(status).to.be.oneOf([\"PERFIL ADEQUADO AO RISCO\", \"PERFIL ADEQUADO AO RISCO POR PRAZO\", \"PERFIL COM INSUFICIÊNCIA DE DADOS\", \"PERFIL DIVERGENTE\", \"PERFIL EXPIRADO\", \"EM ANALISE\", \"DESCONHECIDO\"]);\n});",
              "err": {},
              "uuid": "6e5dd00f-2022-44a1-8487-83d4856f644f",
              "parentUUID": "c731d239-b13f-46d9-97e1-94280e6aa028",
              "isHook": false,
              "skipped": false
            }
          ],
          "suites": [],
          "passes": [
            "6e5dd00f-2022-44a1-8487-83d4856f644f"
          ],
          "failures": [],
          "pending": [],
          "skipped": [],
          "duration": 9065,
          "root": false,
          "rootEmpty": false,
          "_timeout": 2000
        }
      ],
      "passes": [],
      "failures": [],
      "pending": [],
      "skipped": [],
      "duration": 0,
      "root": true,
      "rootEmpty": true,
      "_timeout": 2000
    }
  ],
  "meta": {
    "mocha": {
      "version": "7.2.0"
    },
    "mochawesome": {
      "options": {
        "quiet": false,
        "reportFilename": "mochawesome",
        "saveHtml": true,
        "saveJson": true,
        "consoleReporter": "spec",
        "useInlineDiffs": false,
        "code": true
      },
      "version": "7.1.4"
    },
    "marge": {
      "options": {
        "reportDir": "cypress/results",
        "overwrite": false,
        "html": true,
        "json": true
      },
      "version": "6.3.0"
    }
  }
}