{
  "stats": {
    "suites": 1,
    "tests": 4,
    "passes": 4,
    "pending": 0,
    "failures": 0,
    "start": "2025-10-17T16:08:27.523Z",
    "end": "2025-10-17T16:08:41.292Z",
    "duration": 13769,
    "testsRegistered": 4,
    "passPercent": 100,
    "pendingPercent": 0,
    "other": 0,
    "hasOther": false,
    "skipped": 0,
    "hasSkipped": false
  },
  "results": [
    {
      "uuid": "053bba23-c809-490a-818e-ba65a82edd2d",
      "title": "",
      "fullFile": "cypress/e2e/api/002 - API Integração Clientes/002 - API Consulta Profissional/002.api-consulta-profissional-erros-soap.cy.js",
      "file": "cypress/e2e/api/002 - API Integração Clientes/002 - API Consulta Profissional/002.api-consulta-profissional-erros-soap.cy.js",
      "beforeHooks": [],
      "afterHooks": [],
      "tests": [],
      "suites": [
        {
          "uuid": "6c4de8b2-47df-4d65-b4ab-ac51cfd0d314",
          "title": "Integração Clientes - Erros, API Consulta de Profissional SOAP",
          "fullFile": "",
          "file": "",
          "beforeHooks": [],
          "afterHooks": [],
          "tests": [
            {
              "title": "Realizar requisição com corpo vazio",
              "fullTitle": "Integração Clientes - Erros, API Consulta de Profissional SOAP Realizar requisição com corpo vazio",
              "timedOut": null,
              "duration": 2799,
              "state": "passed",
              "speed": "fast",
              "pass": true,
              "fail": false,
              "pending": false,
              "context": null,
              "code": "cy.api({\n  method: \"POST\",\n  url: url,\n  body: {},\n  failOnStatusCode: false\n}).then(r => {\n  const faultcode = r.body.match(/<faultcode>([\\s\\S]*?)<\\/faultcode>/)[1].trim();\n  const faultstring = r.body.match(/<faultstring>([\\s\\S]*?)<\\/faultstring>/)[1].trim();\n  expect(r.status).to.eq(500);\n  expect(faultcode).to.eq(\"SOAP-ENV:Client\");\n  expect(faultstring).to.eq(\"Bad Request\");\n});",
              "err": {},
              "uuid": "fc7f2a1b-dbf3-4d72-a0a4-cb11f8e41e4b",
              "parentUUID": "6c4de8b2-47df-4d65-b4ab-ac51cfd0d314",
              "isHook": false,
              "skipped": false
            },
            {
              "title": "Realizar requisição com CNPJ ausente",
              "fullTitle": "Integração Clientes - Erros, API Consulta de Profissional SOAP Realizar requisição com CNPJ ausente",
              "timedOut": null,
              "duration": 3265,
              "state": "passed",
              "speed": "fast",
              "pass": true,
              "fail": false,
              "pending": false,
              "context": null,
              "code": "const cnpjCliente = \"\";\nconst soapPayload = `<?xml version=\"1.0\" encoding=\"utf-8\"?>\n<soapenv:Envelope xmlns:soapenv=\"http://schemas.xmlsoap.org/soap/envelope/\" xmlns:con=\"https://tstapi.buonny.com.br/portal/wsdl/consulta_profissional\">\n<soapenv:Header/>\n<soapenv:Body>\n    <con:consulta>\n        <cnpj_cliente>${cnpjCliente}</cnpj_cliente>\n        <autenticacao>\n            <token>${token}</token>\n        </autenticacao>\n        <produto>2</produto>\n        <profissional>\n            <documento>447.504.598-36</documento>\n            <carreteiro>S</carreteiro>\n        </profissional>\n        <veiculos>\n            <placa>${placa}</placa>\n        </veiculos>\n        <carga_tipo>1</carga_tipo>\n        <carga_valor>1000</carga_valor>\n        <pais_origem>BR</pais_origem>\n        <uf_origem>GO</uf_origem>\n        <cidade_origem>Ipameri</cidade_origem>\n        <pais_destino></pais_destino>\n        <uf_destino></uf_destino>\n        <cidade_destino>PARATI</cidade_destino>\n    </con:consulta>\n</soapenv:Body>\n</soapenv:Envelope>`;\ncy.api({\n  method: \"POST\",\n  url: url,\n  body: soapPayload,\n  failOnStatusCode: false\n}).then(r => {\n  const faultcode = r.body.match(/<faultcode>([\\s\\S]*?)<\\/faultcode>/)[1].trim();\n  const faultstring = r.body.match(/<faultstring>([\\s\\S]*?)<\\/faultstring>/)[1].trim();\n  expect(r.status).to.eq(500);\n  expect(faultcode).to.eq(\"ns1:1\");\n  expect(faultstring).to.eq(\"CNPJ Cliente não informado ou XML Inválido\");\n});",
              "err": {},
              "uuid": "318f56c3-d7e2-45a5-a675-8aec5dee4612",
              "parentUUID": "6c4de8b2-47df-4d65-b4ab-ac51cfd0d314",
              "isHook": false,
              "skipped": false
            },
            {
              "title": "Realizar requisição com token ausente ou inválido",
              "fullTitle": "Integração Clientes - Erros, API Consulta de Profissional SOAP Realizar requisição com token ausente ou inválido",
              "timedOut": null,
              "duration": 2690,
              "state": "passed",
              "speed": "fast",
              "pass": true,
              "fail": false,
              "pending": false,
              "context": null,
              "code": "const token = \"\";\nconst soapPayload = `<?xml version=\"1.0\" encoding=\"utf-8\"?>\n<soapenv:Envelope xmlns:soapenv=\"http://schemas.xmlsoap.org/soap/envelope/\" xmlns:con=\"https://tstapi.buonny.com.br/portal/wsdl/consulta_profissional\">\n<soapenv:Header/>\n<soapenv:Body>\n    <con:consulta>\n        <cnpj_cliente>${cnpjCliente}</cnpj_cliente>\n        <autenticacao>\n            <token>${token}</token>\n        </autenticacao>\n        <produto>2</produto>\n        <profissional>\n            <documento>447.504.598-36</documento>\n            <carreteiro>S</carreteiro>\n        </profissional>\n        <veiculos>\n            <placa>${placa}</placa>\n        </veiculos>\n        <carga_tipo>1</carga_tipo>\n        <carga_valor>1000</carga_valor>\n        <pais_origem>BR</pais_origem>\n        <uf_origem>GO</uf_origem>\n        <cidade_origem>Ipameri</cidade_origem>\n        <pais_destino></pais_destino>\n        <uf_destino></uf_destino>\n        <cidade_destino>PARATI</cidade_destino>\n    </con:consulta>\n</soapenv:Body>\n</soapenv:Envelope>`;\ncy.api({\n  method: \"POST\",\n  url: url,\n  body: soapPayload,\n  failOnStatusCode: false\n}).then(r => {\n  const faultcode = r.body.match(/<faultcode>([\\s\\S]*?)<\\/faultcode>/)[1].trim();\n  const faultstring = r.body.match(/<faultstring>([\\s\\S]*?)<\\/faultstring>/)[1].trim();\n  expect(r.status).to.eq(500);\n  expect(faultcode).to.eq(\"ns1:1\");\n  expect(faultstring).to.eq(`O token informado não confere com o cnpj do cliente\n - ${cnpjCliente}`);\n});",
              "err": {},
              "uuid": "e7327b65-9638-421c-952d-a9b81a60c489",
              "parentUUID": "6c4de8b2-47df-4d65-b4ab-ac51cfd0d314",
              "isHook": false,
              "skipped": false
            },
            {
              "title": "Realizar requisição com CPF profissional vazio",
              "fullTitle": "Integração Clientes - Erros, API Consulta de Profissional SOAP Realizar requisição com CPF profissional vazio",
              "timedOut": null,
              "duration": 4025,
              "state": "passed",
              "speed": "fast",
              "pass": true,
              "fail": false,
              "pending": false,
              "context": null,
              "code": "const soapPayload = `<?xml version=\"1.0\" encoding=\"utf-8\"?>\n<soapenv:Envelope xmlns:soapenv=\"http://schemas.xmlsoap.org/soap/envelope/\" xmlns:con=\"https://tstapi.buonny.com.br/portal/wsdl/consulta_profissional\">\n<soapenv:Header/>\n<soapenv:Body>\n    <con:consulta>\n        <cnpj_cliente>${cnpjCliente}</cnpj_cliente>\n        <autenticacao>\n            <token>${token}</token>\n        </autenticacao>\n        <produto>2</produto>\n        <profissional>\n            <documento></documento>\n            <carreteiro>S</carreteiro>\n        </profissional>\n        <veiculos>\n            <placa>${placa}</placa>\n        </veiculos>\n        <carga_tipo>1</carga_tipo>\n        <carga_valor>1000</carga_valor>\n        <pais_origem>BR</pais_origem>\n        <uf_origem>GO</uf_origem>\n        <cidade_origem>Ipameri</cidade_origem>\n        <pais_destino></pais_destino>\n        <uf_destino></uf_destino>\n        <cidade_destino>PARATI</cidade_destino>\n    </con:consulta>\n</soapenv:Body>\n</soapenv:Envelope>`;\ncy.api({\n  method: \"POST\",\n  url: url,\n  body: soapPayload,\n  failOnStatusCode: false\n}).then(r => {\n  const faultcode = r.body.match(/<faultcode>([\\s\\S]*?)<\\/faultcode>/)[1].trim();\n  const faultstring = r.body.match(/<faultstring>([\\s\\S]*?)<\\/faultstring>/)[1].trim();\n  expect(r.status).to.eq(500);\n  expect(faultcode).to.eq(\"ns1:1\");\n  expect(faultstring).to.eq(\"CPF profissional não informado\");\n});",
              "err": {},
              "uuid": "8c47dada-eaec-4005-b0db-17983419897d",
              "parentUUID": "6c4de8b2-47df-4d65-b4ab-ac51cfd0d314",
              "isHook": false,
              "skipped": false
            }
          ],
          "suites": [],
          "passes": [
            "fc7f2a1b-dbf3-4d72-a0a4-cb11f8e41e4b",
            "318f56c3-d7e2-45a5-a675-8aec5dee4612",
            "e7327b65-9638-421c-952d-a9b81a60c489",
            "8c47dada-eaec-4005-b0db-17983419897d"
          ],
          "failures": [],
          "pending": [],
          "skipped": [],
          "duration": 12779,
          "root": false,
          "rootEmpty": false,
          "_timeout": 2000
        }
      ],
      "passes": [],
      "failures": [],
      "pending": [],
      "skipped": [],
      "duration": 0,
      "root": true,
      "rootEmpty": true,
      "_timeout": 2000
    }
  ],
  "meta": {
    "mocha": {
      "version": "7.2.0"
    },
    "mochawesome": {
      "options": {
        "quiet": false,
        "reportFilename": "mochawesome",
        "saveHtml": true,
        "saveJson": true,
        "consoleReporter": "spec",
        "useInlineDiffs": false,
        "code": true
      },
      "version": "7.1.4"
    },
    "marge": {
      "options": {
        "reportDir": "cypress/results",
        "overwrite": false,
        "html": true,
        "json": true
      },
      "version": "6.3.0"
    }
  }
}