{
  "stats": {
    "suites": 1,
    "tests": 4,
    "passes": 4,
    "pending": 0,
    "failures": 0,
    "start": "2025-10-09T18:35:36.697Z",
    "end": "2025-10-09T18:35:46.661Z",
    "duration": 9964,
    "testsRegistered": 4,
    "passPercent": 100,
    "pendingPercent": 0,
    "other": 0,
    "hasOther": false,
    "skipped": 0,
    "hasSkipped": false
  },
  "results": [
    {
      "uuid": "bffcc720-f511-4c2f-a675-1ee6cf47661c",
      "title": "",
      "fullFile": "cypress/e2e/api/002 - API Integração Clientes/002 - API Consulta Profissional/002.api-consulta-profissional-erros-soap.cy.js",
      "file": "cypress/e2e/api/002 - API Integração Clientes/002 - API Consulta Profissional/002.api-consulta-profissional-erros-soap.cy.js",
      "beforeHooks": [],
      "afterHooks": [],
      "tests": [],
      "suites": [
        {
          "uuid": "ff61b492-8eeb-4540-ad37-fe1c0a7ac561",
          "title": "Integração Clientes - Erros, API Consulta de Profissional SOAP",
          "fullFile": "",
          "file": "",
          "beforeHooks": [],
          "afterHooks": [],
          "tests": [
            {
              "title": "Realizar requisição com corpo vazio",
              "fullTitle": "Integração Clientes - Erros, API Consulta de Profissional SOAP Realizar requisição com corpo vazio",
              "timedOut": null,
              "duration": 1553,
              "state": "passed",
              "speed": "fast",
              "pass": true,
              "fail": false,
              "pending": false,
              "context": null,
              "code": "cy.api({\n  method: \"POST\",\n  url: url,\n  body: {},\n  failOnStatusCode: false\n}).then(r => {\n  const faultcode = r.body.match(/<faultcode>([\\s\\S]*?)<\\/faultcode>/)[1].trim();\n  const faultstring = r.body.match(/<faultstring>([\\s\\S]*?)<\\/faultstring>/)[1].trim();\n  expect(r.status).to.eq(500);\n  expect(faultcode).to.eq(\"SOAP-ENV:Client\");\n  expect(faultstring).to.eq(\"Bad Request\");\n});",
              "err": {},
              "uuid": "d1a86eff-6f69-4198-a0ab-110457c25a53",
              "parentUUID": "ff61b492-8eeb-4540-ad37-fe1c0a7ac561",
              "isHook": false,
              "skipped": false
            },
            {
              "title": "Realizar requisição com CNPJ ausente",
              "fullTitle": "Integração Clientes - Erros, API Consulta de Profissional SOAP Realizar requisição com CNPJ ausente",
              "timedOut": null,
              "duration": 2791,
              "state": "passed",
              "speed": "fast",
              "pass": true,
              "fail": false,
              "pending": false,
              "context": null,
              "code": "const cnpjCliente = \"\";\nconst soapPayload = `<?xml version=\"1.0\" encoding=\"utf-8\"?>\n<soapenv:Envelope xmlns:soapenv=\"http://schemas.xmlsoap.org/soap/envelope/\" xmlns:con=\"https://tstapi.buonny.com.br/portal/wsdl/consulta_profissional\">\n<soapenv:Header/>\n<soapenv:Body>\n    <con:consulta>\n        <cnpj_cliente>${cnpjCliente}</cnpj_cliente>\n        <autenticacao>\n            <token>${token}</token>\n        </autenticacao>\n        <produto>2</produto>\n        <profissional>\n            <documento>447.504.598-36</documento>\n            <carreteiro>S</carreteiro>\n        </profissional>\n        <veiculos>\n            <placa>${placa}</placa>\n        </veiculos>\n        <carga_tipo>1</carga_tipo>\n        <carga_valor>1000</carga_valor>\n        <pais_origem>BR</pais_origem>\n        <uf_origem>GO</uf_origem>\n        <cidade_origem>Ipameri</cidade_origem>\n        <pais_destino></pais_destino>\n        <uf_destino></uf_destino>\n        <cidade_destino>PARATI</cidade_destino>\n    </con:consulta>\n</soapenv:Body>\n</soapenv:Envelope>`;\ncy.api({\n  method: \"POST\",\n  url: url,\n  body: soapPayload,\n  failOnStatusCode: false\n}).then(r => {\n  const faultcode = r.body.match(/<faultcode>([\\s\\S]*?)<\\/faultcode>/)[1].trim();\n  const faultstring = r.body.match(/<faultstring>([\\s\\S]*?)<\\/faultstring>/)[1].trim();\n  expect(r.status).to.eq(500);\n  expect(faultcode).to.eq(\"ns1:1\");\n  expect(faultstring).to.eq(\"CNPJ Cliente não informado ou XML Inválido\");\n});",
              "err": {},
              "uuid": "affce80c-f744-4d24-952a-fcbb6e312184",
              "parentUUID": "ff61b492-8eeb-4540-ad37-fe1c0a7ac561",
              "isHook": false,
              "skipped": false
            },
            {
              "title": "Realizar requisição com token ausente ou inválido",
              "fullTitle": "Integração Clientes - Erros, API Consulta de Profissional SOAP Realizar requisição com token ausente ou inválido",
              "timedOut": null,
              "duration": 2339,
              "state": "passed",
              "speed": "fast",
              "pass": true,
              "fail": false,
              "pending": false,
              "context": null,
              "code": "const token = \"\";\nconst soapPayload = `<?xml version=\"1.0\" encoding=\"utf-8\"?>\n<soapenv:Envelope xmlns:soapenv=\"http://schemas.xmlsoap.org/soap/envelope/\" xmlns:con=\"https://tstapi.buonny.com.br/portal/wsdl/consulta_profissional\">\n<soapenv:Header/>\n<soapenv:Body>\n    <con:consulta>\n        <cnpj_cliente>${cnpjCliente}</cnpj_cliente>\n        <autenticacao>\n            <token>${token}</token>\n        </autenticacao>\n        <produto>2</produto>\n        <profissional>\n            <documento>447.504.598-36</documento>\n            <carreteiro>S</carreteiro>\n        </profissional>\n        <veiculos>\n            <placa>${placa}</placa>\n        </veiculos>\n        <carga_tipo>1</carga_tipo>\n        <carga_valor>1000</carga_valor>\n        <pais_origem>BR</pais_origem>\n        <uf_origem>GO</uf_origem>\n        <cidade_origem>Ipameri</cidade_origem>\n        <pais_destino></pais_destino>\n        <uf_destino></uf_destino>\n        <cidade_destino>PARATI</cidade_destino>\n    </con:consulta>\n</soapenv:Body>\n</soapenv:Envelope>`;\ncy.api({\n  method: \"POST\",\n  url: url,\n  body: soapPayload,\n  failOnStatusCode: false\n}).then(r => {\n  const faultcode = r.body.match(/<faultcode>([\\s\\S]*?)<\\/faultcode>/)[1].trim();\n  const faultstring = r.body.match(/<faultstring>([\\s\\S]*?)<\\/faultstring>/)[1].trim();\n  expect(r.status).to.eq(500);\n  expect(faultcode).to.eq(\"ns1:1\");\n  expect(faultstring).to.eq(`O token informado não confere com o cnpj do cliente\n - ${cnpjCliente}`);\n});",
              "err": {},
              "uuid": "21de7206-a4a8-4d72-95c9-277802a4f580",
              "parentUUID": "ff61b492-8eeb-4540-ad37-fe1c0a7ac561",
              "isHook": false,
              "skipped": false
            },
            {
              "title": "Realizar requisição com CPF profissional vazio",
              "fullTitle": "Integração Clientes - Erros, API Consulta de Profissional SOAP Realizar requisição com CPF profissional vazio",
              "timedOut": null,
              "duration": 2658,
              "state": "passed",
              "speed": "fast",
              "pass": true,
              "fail": false,
              "pending": false,
              "context": null,
              "code": "const soapPayload = `<?xml version=\"1.0\" encoding=\"utf-8\"?>\n<soapenv:Envelope xmlns:soapenv=\"http://schemas.xmlsoap.org/soap/envelope/\" xmlns:con=\"https://tstapi.buonny.com.br/portal/wsdl/consulta_profissional\">\n<soapenv:Header/>\n<soapenv:Body>\n    <con:consulta>\n        <cnpj_cliente>${cnpjCliente}</cnpj_cliente>\n        <autenticacao>\n            <token>${token}</token>\n        </autenticacao>\n        <produto>2</produto>\n        <profissional>\n            <documento></documento>\n            <carreteiro>S</carreteiro>\n        </profissional>\n        <veiculos>\n            <placa>${placa}</placa>\n        </veiculos>\n        <carga_tipo>1</carga_tipo>\n        <carga_valor>1000</carga_valor>\n        <pais_origem>BR</pais_origem>\n        <uf_origem>GO</uf_origem>\n        <cidade_origem>Ipameri</cidade_origem>\n        <pais_destino></pais_destino>\n        <uf_destino></uf_destino>\n        <cidade_destino>PARATI</cidade_destino>\n    </con:consulta>\n</soapenv:Body>\n</soapenv:Envelope>`;\ncy.api({\n  method: \"POST\",\n  url: url,\n  body: soapPayload,\n  failOnStatusCode: false\n}).then(r => {\n  const faultcode = r.body.match(/<faultcode>([\\s\\S]*?)<\\/faultcode>/)[1].trim();\n  const faultstring = r.body.match(/<faultstring>([\\s\\S]*?)<\\/faultstring>/)[1].trim();\n  expect(r.status).to.eq(500);\n  expect(faultcode).to.eq(\"ns1:1\");\n  expect(faultstring).to.eq(\"CPF profissional não informado\");\n});",
              "err": {},
              "uuid": "11e62ce7-ddbe-4a91-8dd1-db31185dc1a4",
              "parentUUID": "ff61b492-8eeb-4540-ad37-fe1c0a7ac561",
              "isHook": false,
              "skipped": false
            }
          ],
          "suites": [],
          "passes": [
            "d1a86eff-6f69-4198-a0ab-110457c25a53",
            "affce80c-f744-4d24-952a-fcbb6e312184",
            "21de7206-a4a8-4d72-95c9-277802a4f580",
            "11e62ce7-ddbe-4a91-8dd1-db31185dc1a4"
          ],
          "failures": [],
          "pending": [],
          "skipped": [],
          "duration": 9341,
          "root": false,
          "rootEmpty": false,
          "_timeout": 2000
        }
      ],
      "passes": [],
      "failures": [],
      "pending": [],
      "skipped": [],
      "duration": 0,
      "root": true,
      "rootEmpty": true,
      "_timeout": 2000
    }
  ],
  "meta": {
    "mocha": {
      "version": "7.2.0"
    },
    "mochawesome": {
      "options": {
        "quiet": false,
        "reportFilename": "mochawesome",
        "saveHtml": true,
        "saveJson": true,
        "consoleReporter": "spec",
        "useInlineDiffs": false,
        "code": true
      },
      "version": "7.1.4"
    },
    "marge": {
      "options": {
        "reportDir": "cypress/results",
        "overwrite": false,
        "html": true,
        "json": true
      },
      "version": "6.3.0"
    }
  }
}