{
  "stats": {
    "suites": 1,
    "tests": 5,
    "passes": 5,
    "pending": 0,
    "failures": 0,
    "start": "2025-10-17T14:05:23.059Z",
    "end": "2025-10-17T14:05:27.977Z",
    "duration": 4918,
    "testsRegistered": 5,
    "passPercent": 100,
    "pendingPercent": 0,
    "other": 0,
    "hasOther": false,
    "skipped": 0,
    "hasSkipped": false
  },
  "results": [
    {
      "uuid": "a5990098-336c-4f06-893a-8cda4cbce60b",
      "title": "",
      "fullFile": "cypress/e2e/api/002 - API Integração Clientes/007 - API Acompanhamento de viagem/002.api-acompanhamento-viagem-erros.cy.js",
      "file": "cypress/e2e/api/002 - API Integração Clientes/007 - API Acompanhamento de viagem/002.api-acompanhamento-viagem-erros.cy.js",
      "beforeHooks": [],
      "afterHooks": [],
      "tests": [],
      "suites": [
        {
          "uuid": "d7cc76df-a3d8-4374-b6ae-a5a5ddfb3150",
          "title": "Integração Clientes - API Acompanhamento de viagem erros,",
          "fullFile": "",
          "file": "",
          "beforeHooks": [],
          "afterHooks": [],
          "tests": [
            {
              "title": "Validação de retorno: Buscar acompanhamento com token expirado ou inválido",
              "fullTitle": "Integração Clientes - API Acompanhamento de viagem erros, Validação de retorno: Buscar acompanhamento com token expirado ou inválido",
              "timedOut": null,
              "duration": 659,
              "state": "passed",
              "speed": "fast",
              "pass": true,
              "fail": false,
              "pending": false,
              "context": null,
              "code": "cy.api({\n  method: \"POST\",\n  url: `${url}&limit=0`,\n  headers: {\n    Authorization: `Bearer 123`\n  },\n  body: {\n    CnpjCliente: cnpjCliente,\n    DataInicio: formatarDataV2(),\n    DataFim: formatarDataChegadaV2(),\n    status: [1, 2, 3, 4, 5, 6]\n  },\n  failOnStatusCode: false\n}).then(r => {\n  expect(r.status).to.eq(401);\n});",
              "err": {},
              "uuid": "f463ca14-e092-4fb7-9252-7c1a12b770dd",
              "parentUUID": "d7cc76df-a3d8-4374-b6ae-a5a5ddfb3150",
              "isHook": false,
              "skipped": false
            },
            {
              "title": "Validação de retorno: Buscar acompanhamento com body vazio",
              "fullTitle": "Integração Clientes - API Acompanhamento de viagem erros, Validação de retorno: Buscar acompanhamento com body vazio",
              "timedOut": null,
              "duration": 745,
              "state": "passed",
              "speed": "fast",
              "pass": true,
              "fail": false,
              "pending": false,
              "context": null,
              "code": "cy.get(\"@tokenBC\").then(token => {\n  cy.api({\n    method: \"POST\",\n    url: `${url}&limit=1`,\n    headers: {\n      Authorization: `Bearer ${token}`\n    },\n    body: \"\",\n    failOnStatusCode: false\n  }).then(r => {\n    expect(r.status).to.eq(415);\n  });\n});",
              "err": {},
              "uuid": "9a36b8fd-8c11-4f8c-8d9b-d096bbfae16e",
              "parentUUID": "d7cc76df-a3d8-4374-b6ae-a5a5ddfb3150",
              "isHook": false,
              "skipped": false
            },
            {
              "title": "Validação de retorno: Buscar acompanhamento com body vazio II",
              "fullTitle": "Integração Clientes - API Acompanhamento de viagem erros, Validação de retorno: Buscar acompanhamento com body vazio II",
              "timedOut": null,
              "duration": 840,
              "state": "passed",
              "speed": "fast",
              "pass": true,
              "fail": false,
              "pending": false,
              "context": null,
              "code": "cy.get(\"@tokenBC\").then(token => {\n  cy.api({\n    method: \"POST\",\n    url: `${url}&limit=1`,\n    headers: {\n      Authorization: `Bearer ${token}`\n    },\n    body: {},\n    failOnStatusCode: false\n  }).then(r => {\n    expect(r.status).to.eq(400);\n  });\n});",
              "err": {},
              "uuid": "a93769ad-3a17-4d9f-bd88-1996daa089c4",
              "parentUUID": "d7cc76df-a3d8-4374-b6ae-a5a5ddfb3150",
              "isHook": false,
              "skipped": false
            },
            {
              "title": "Validação de retorno: Payload com campos obrigatórios ausentes",
              "fullTitle": "Integração Clientes - API Acompanhamento de viagem erros, Validação de retorno: Payload com campos obrigatórios ausentes",
              "timedOut": null,
              "duration": 1739,
              "state": "passed",
              "speed": "fast",
              "pass": true,
              "fail": false,
              "pending": false,
              "context": null,
              "code": "cy.get(\"@tokenBC\").then(token => {\n  cy.api({\n    method: \"POST\",\n    url: `${url}&limit=1`,\n    headers: {\n      Authorization: `Bearer ${token}`\n    },\n    body: {\n      DataInicio: formatarDataV2(),\n      DataFim: formatarDataChegadaV2(),\n      status: [1, 2, 3, 4, 5, 6]\n    },\n    failOnStatusCode: false\n  }).then(r => {\n    expect(r.status).to.eq(404);\n  });\n});",
              "err": {},
              "uuid": "84bbc2af-fc1b-4935-a179-355da99201a1",
              "parentUUID": "d7cc76df-a3d8-4374-b6ae-a5a5ddfb3150",
              "isHook": false,
              "skipped": false
            },
            {
              "title": "Validação de retorno: Payload com campos obrigatórios vazios",
              "fullTitle": "Integração Clientes - API Acompanhamento de viagem erros, Validação de retorno: Payload com campos obrigatórios vazios",
              "timedOut": null,
              "duration": 476,
              "state": "passed",
              "speed": "fast",
              "pass": true,
              "fail": false,
              "pending": false,
              "context": null,
              "code": "cy.get(\"@tokenBC\").then(token => {\n  cy.api({\n    method: \"POST\",\n    url: `${url}&limit=1`,\n    headers: {\n      Authorization: `Bearer ${token}`\n    },\n    body: {\n      DataInicio: \"\",\n      DataFim: formatarDataChegadaV2(),\n      status: [1, 2, 3, 4, 5, 6]\n    },\n    failOnStatusCode: false\n  }).then(r => {\n    expect(r.status).to.eq(500);\n  });\n});",
              "err": {},
              "uuid": "3f6420a8-0bb1-4926-bd5a-075d69511791",
              "parentUUID": "d7cc76df-a3d8-4374-b6ae-a5a5ddfb3150",
              "isHook": false,
              "skipped": false
            }
          ],
          "suites": [],
          "passes": [
            "f463ca14-e092-4fb7-9252-7c1a12b770dd",
            "9a36b8fd-8c11-4f8c-8d9b-d096bbfae16e",
            "a93769ad-3a17-4d9f-bd88-1996daa089c4",
            "84bbc2af-fc1b-4935-a179-355da99201a1",
            "3f6420a8-0bb1-4926-bd5a-075d69511791"
          ],
          "failures": [],
          "pending": [],
          "skipped": [],
          "duration": 4459,
          "root": false,
          "rootEmpty": false,
          "_timeout": 2000
        }
      ],
      "passes": [],
      "failures": [],
      "pending": [],
      "skipped": [],
      "duration": 0,
      "root": true,
      "rootEmpty": true,
      "_timeout": 2000
    }
  ],
  "meta": {
    "mocha": {
      "version": "7.2.0"
    },
    "mochawesome": {
      "options": {
        "quiet": false,
        "reportFilename": "mochawesome",
        "saveHtml": true,
        "saveJson": true,
        "consoleReporter": "spec",
        "useInlineDiffs": false,
        "code": true
      },
      "version": "7.1.4"
    },
    "marge": {
      "options": {
        "reportDir": "cypress/results",
        "overwrite": false,
        "html": true,
        "json": true
      },
      "version": "6.3.0"
    }
  }
}