{
  "stats": {
    "suites": 1,
    "tests": 7,
    "passes": 7,
    "pending": 0,
    "failures": 0,
    "start": "2025-10-08T17:44:49.293Z",
    "end": "2025-10-08T17:45:17.595Z",
    "duration": 28302,
    "testsRegistered": 7,
    "passPercent": 100,
    "pendingPercent": 0,
    "other": 0,
    "hasOther": false,
    "skipped": 0,
    "hasSkipped": false
  },
  "results": [
    {
      "uuid": "ba2f4ec1-6a47-4cd5-8a6a-0e7f7b6b8d71",
      "title": "",
      "fullFile": "cypress/e2e/api/002 - API Integração Clientes/001 - API Ficha Profisssional/002.api-inclusao-ficha-erros-soap.cy.js",
      "file": "cypress/e2e/api/002 - API Integração Clientes/001 - API Ficha Profisssional/002.api-inclusao-ficha-erros-soap.cy.js",
      "beforeHooks": [],
      "afterHooks": [],
      "tests": [],
      "suites": [
        {
          "uuid": "3a4c31c1-003a-45a2-a9d7-c8bd7afa7bac",
          "title": "Integração Clientes - API Inclusão de Ficha do Profissional - Validação de Erros",
          "fullFile": "",
          "file": "",
          "beforeHooks": [],
          "afterHooks": [],
          "tests": [
            {
              "title": "Validação de erro: Corpo da requisição (vazio)",
              "fullTitle": "Integração Clientes - API Inclusão de Ficha do Profissional - Validação de Erros Validação de erro: Corpo da requisição (vazio)",
              "timedOut": null,
              "duration": 1575,
              "state": "passed",
              "speed": "fast",
              "pass": true,
              "fail": false,
              "pending": false,
              "context": null,
              "code": "cy.api({\n  method: \"POST\",\n  url: url,\n  body: \"\",\n  failOnStatusCode: false\n}).then(r => {\n  const faultcode = r.body.match(/<faultcode>([\\s\\S]*?)<\\/faultcode>/)[1].trim();\n  const faultstring = r.body.match(/<faultstring>([\\s\\S]*?)<\\/faultstring>/)[1].trim();\n  expect(r.status).to.eq(500);\n  expect(faultcode).to.eq(\"SOAP-ENV:Client\");\n  expect(faultstring).to.eq(\"Bad Request\");\n});",
              "err": {},
              "uuid": "3795f472-45f8-4f3d-87d1-78853625ed40",
              "parentUUID": "3a4c31c1-003a-45a2-a9d7-c8bd7afa7bac",
              "isHook": false,
              "skipped": false
            },
            {
              "title": "Validação de erro: CNPJ do Cliente (vazio)",
              "fullTitle": "Integração Clientes - API Inclusão de Ficha do Profissional - Validação de Erros Validação de erro: CNPJ do Cliente (vazio)",
              "timedOut": null,
              "duration": 2265,
              "state": "passed",
              "speed": "fast",
              "pass": true,
              "fail": false,
              "pending": false,
              "context": null,
              "code": "const payloadModificado = soapPayload.replace(`<inc:cnpj_cliente>${cnpjCliente}</inc:cnpj_cliente>`, `<inc:cnpj_cliente></inc:cnpj_cliente>`);\ncy.api({\n  method: \"POST\",\n  url: url,\n  body: payloadModificado,\n  failOnStatusCode: false\n}).then(r => {\n  const faultcode = r.body.match(/<faultcode>([\\s\\S]*?)<\\/faultcode>/)[1].trim();\n  const faultstring = r.body.match(/<faultstring>([\\s\\S]*?)<\\/faultstring>/)[1].trim();\n  cy.log(r.body);\n  expect(r.status).to.eq(500);\n  expect(faultcode).to.eq(\"ns1:1\");\n  expect(faultstring).to.be.oneOf([\"CNPJ Cliente não informado ou XML Inválido\", \"O token informado não confere com o cnpj do cliente\"]);\n});",
              "err": {},
              "uuid": "599b9c2c-09d1-485e-a5d1-61fdb965bb1d",
              "parentUUID": "3a4c31c1-003a-45a2-a9d7-c8bd7afa7bac",
              "isHook": false,
              "skipped": false
            },
            {
              "title": "Validação de erro: CNPJ do Embarcador (vazio) ou (inválido)",
              "fullTitle": "Integração Clientes - API Inclusão de Ficha do Profissional - Validação de Erros Validação de erro: CNPJ do Embarcador (vazio) ou (inválido)",
              "timedOut": null,
              "duration": 3677,
              "state": "passed",
              "speed": "fast",
              "pass": true,
              "fail": false,
              "pending": false,
              "context": null,
              "code": "const cnpjs = [\"\", \"abc\"];\nconst cnpj_aleatorio = cnpjs[Math.floor(Math.random() * cnpjs.length)];\nconst payloadModificado = soapPayload.replace(`<inc:cnpj_embarcador>${cnpjCliente}</inc:cnpj_embarcador>`, `<inc:cnpj_embarcador>${cnpj_aleatorio}</inc:cnpj_embarcador>`);\ncy.api({\n  method: \"POST\",\n  url: url,\n  body: payloadModificado,\n  failOnStatusCode: false\n}).then(r => {\n  const faultcode = r.body.match(/<faultcode>([\\s\\S]*?)<\\/faultcode>/)[1].trim();\n  const faultstring = r.body.match(/<faultstring>([\\s\\S]*?)<\\/faultstring>/)[1].trim();\n  expect(r.status).to.eq(500);\n  expect(faultcode).to.eq(\"ns1:1\");\n  expect(faultstring).to.be.oneOf([\"CNPJ Embarcador não informado\", \"O CNPJ Embarcador não está cadastrado\"]);\n});",
              "err": {},
              "uuid": "851926a5-9d2e-4f30-b204-f4d876ccc83b",
              "parentUUID": "3a4c31c1-003a-45a2-a9d7-c8bd7afa7bac",
              "isHook": false,
              "skipped": false
            },
            {
              "title": "Validação de erro: CNPJ do Transportador (vazio) ou (inválido)",
              "fullTitle": "Integração Clientes - API Inclusão de Ficha do Profissional - Validação de Erros Validação de erro: CNPJ do Transportador (vazio) ou (inválido)",
              "timedOut": null,
              "duration": 3360,
              "state": "passed",
              "speed": "fast",
              "pass": true,
              "fail": false,
              "pending": false,
              "context": null,
              "code": "const cnpj = [\"abc\"];\nconst payloadModificado = soapPayload.replace(`<inc:cnpj_transportador>${cnpjTransportador}</inc:cnpj_transportador>`, ` <inc:cnpj_transportador>${cnpj}</inc:cnpj_transportador>`);\ncy.api({\n  method: \"POST\",\n  url: url,\n  body: payloadModificado,\n  failOnStatusCode: false\n}).then(r => {\n  const faultcode = r.body.match(/<faultcode>([\\s\\S]*?)<\\/faultcode>/)[1].trim();\n  const faultstring = r.body.match(/<faultstring>([\\s\\S]*?)<\\/faultstring>/)[1].trim();\n  expect(r.status).to.eq(500);\n  expect(faultcode).to.eq(\"ns1:1\");\n  expect(faultstring).to.be.oneOf([\"O CNPJ Transportador não informado ou XML Inválido\", \"O CNPJ Transportador não está cadastrado\"]);\n});",
              "err": {},
              "uuid": "ee64e688-5c17-4639-918a-dc0b1fc2c3a8",
              "parentUUID": "3a4c31c1-003a-45a2-a9d7-c8bd7afa7bac",
              "isHook": false,
              "skipped": false
            },
            {
              "title": "Validação de erro: Foto do profissional (vazio)",
              "fullTitle": "Integração Clientes - API Inclusão de Ficha do Profissional - Validação de Erros Validação de erro: Foto do profissional (vazio)",
              "timedOut": null,
              "duration": 3692,
              "state": "passed",
              "speed": "fast",
              "pass": true,
              "fail": false,
              "pending": false,
              "context": null,
              "code": "const payloadModificado = soapPayload.replace(`${imagemBase64}`, \"\");\ncy.api({\n  method: \"POST\",\n  url: url,\n  body: payloadModificado,\n  failOnStatusCode: false\n}).then(r => {\n  const faultcode = r.body.match(/<faultcode>([\\s\\S]*?)<\\/faultcode>/)[1].trim();\n  const faultstring = r.body.match(/<faultstring>([\\s\\S]*?)<\\/faultstring>/)[1].trim();\n  expect(r.status).to.eq(500);\n  expect(faultcode).to.eq(\"ns1:1\");\n  expect(faultstring).to.eq(\"Foto Profissional não informado\");\n});",
              "err": {},
              "uuid": "78486ee6-cacb-4ff1-8e92-13936bc3cf0c",
              "parentUUID": "3a4c31c1-003a-45a2-a9d7-c8bd7afa7bac",
              "isHook": false,
              "skipped": false
            },
            {
              "title": "Validação de erro: Foto do profissional (maior que 5MB)",
              "fullTitle": "Integração Clientes - API Inclusão de Ficha do Profissional - Validação de Erros Validação de erro: Foto do profissional (maior que 5MB)",
              "timedOut": null,
              "duration": 8396,
              "state": "passed",
              "speed": "medium",
              "pass": true,
              "fail": false,
              "pending": false,
              "context": null,
              "code": "const payloadModificado = soapPayload.replace(`${imagemBase64}`, `${imagemBase64_5MB}`);\ncy.api({\n  method: \"POST\",\n  url: url,\n  body: payloadModificado,\n  failOnStatusCode: false\n}).then(r => {\n  const faultcode = r.body.match(/<faultcode>([\\s\\S]*?)<\\/faultcode>/)[1].trim();\n  const faultstring = r.body.match(/<faultstring>([\\s\\S]*?)<\\/faultstring>/)[1].trim();\n  expect(r.status).to.eq(500);\n  expect(faultcode).to.eq(\"ns1:1\");\n  expect(faultstring).to.eq(\"Foto Profissional, a imagem deve ter no máximo 5MB.\");\n});",
              "err": {},
              "uuid": "6fce7984-3c65-43c6-aead-3813a346d4de",
              "parentUUID": "3a4c31c1-003a-45a2-a9d7-c8bd7afa7bac",
              "isHook": false,
              "skipped": false
            },
            {
              "title": "Validação de erro: Documento do profissional (vazio) ou (inválido)",
              "fullTitle": "Integração Clientes - API Inclusão de Ficha do Profissional - Validação de Erros Validação de erro: Documento do profissional (vazio) ou (inválido)",
              "timedOut": null,
              "duration": 4039,
              "state": "passed",
              "speed": "fast",
              "pass": true,
              "fail": false,
              "pending": false,
              "context": null,
              "code": "const documento = [\"\", \"123456789\"];\nconst docAleatorio = documento[Math.floor(Math.random() * documento.length)];\nconst payloadModificado = soapPayload.replace(`<inc:documento>${cpfAleatorio}</inc:documento>`, `<inc:documento>${docAleatorio}</inc:documento>`);\ncy.api({\n  method: \"POST\",\n  url: url,\n  body: payloadModificado,\n  failOnStatusCode: false\n}).then(r => {\n  const faultcode = r.body.match(/<faultcode>([\\s\\S]*?)<\\/faultcode>/)[1].trim();\n  const faultstring = r.body.match(/<faultstring>([\\s\\S]*?)<\\/faultstring>/)[1].trim();\n  expect(r.status).to.eq(500);\n  expect(faultcode).to.eq(\"ns1:1\");\n  expect(faultstring).to.be.oneOf([\"CPF profissional não informado\", \"O CPF do profissional é inválido\"]);\n});",
              "err": {},
              "uuid": "06130767-3742-4aa7-b6de-afbe8b91ace0",
              "parentUUID": "3a4c31c1-003a-45a2-a9d7-c8bd7afa7bac",
              "isHook": false,
              "skipped": false
            }
          ],
          "suites": [],
          "passes": [
            "3795f472-45f8-4f3d-87d1-78853625ed40",
            "599b9c2c-09d1-485e-a5d1-61fdb965bb1d",
            "851926a5-9d2e-4f30-b204-f4d876ccc83b",
            "ee64e688-5c17-4639-918a-dc0b1fc2c3a8",
            "78486ee6-cacb-4ff1-8e92-13936bc3cf0c",
            "6fce7984-3c65-43c6-aead-3813a346d4de",
            "06130767-3742-4aa7-b6de-afbe8b91ace0"
          ],
          "failures": [],
          "pending": [],
          "skipped": [],
          "duration": 27004,
          "root": false,
          "rootEmpty": false,
          "_timeout": 2000
        }
      ],
      "passes": [],
      "failures": [],
      "pending": [],
      "skipped": [],
      "duration": 0,
      "root": true,
      "rootEmpty": true,
      "_timeout": 2000
    }
  ],
  "meta": {
    "mocha": {
      "version": "7.2.0"
    },
    "mochawesome": {
      "options": {
        "quiet": false,
        "reportFilename": "mochawesome",
        "saveHtml": true,
        "saveJson": true,
        "consoleReporter": "spec",
        "useInlineDiffs": false,
        "code": true
      },
      "version": "7.1.4"
    },
    "marge": {
      "options": {
        "reportDir": "cypress/results",
        "overwrite": false,
        "html": true,
        "json": true
      },
      "version": "6.3.0"
    }
  }
}