{
  "stats": {
    "suites": 1,
    "tests": 4,
    "passes": 0,
    "pending": 0,
    "failures": 4,
    "start": "2025-10-20T22:15:41.081Z",
    "end": "2025-10-20T22:17:58.160Z",
    "duration": 137079,
    "testsRegistered": 4,
    "passPercent": 0,
    "pendingPercent": 0,
    "other": 0,
    "hasOther": false,
    "skipped": 0,
    "hasSkipped": false
  },
  "results": [
    {
      "uuid": "e312c755-10e3-4919-9771-c646967438e0",
      "title": "",
      "fullFile": "cypress/e2e/api/002 - API Integração Clientes/002 - API Consulta Profissional/002.api-consulta-profissional-erros-soap.cy.js",
      "file": "cypress/e2e/api/002 - API Integração Clientes/002 - API Consulta Profissional/002.api-consulta-profissional-erros-soap.cy.js",
      "beforeHooks": [],
      "afterHooks": [],
      "tests": [],
      "suites": [
        {
          "uuid": "1b3e2554-05e2-474a-bb41-646a4bf5d26d",
          "title": "Integração Clientes - Erros, API Consulta de Profissional SOAP",
          "fullFile": "",
          "file": "",
          "beforeHooks": [],
          "afterHooks": [],
          "tests": [
            {
              "title": "Realizar requisição com corpo vazio",
              "fullTitle": "Integração Clientes - Erros, API Consulta de Profissional SOAP Realizar requisição com corpo vazio",
              "timedOut": null,
              "duration": 31296,
              "state": "failed",
              "speed": null,
              "pass": false,
              "fail": true,
              "pending": false,
              "context": null,
              "code": "cy.api({\n  method: \"POST\",\n  url: url,\n  body: {},\n  failOnStatusCode: false\n}).then(r => {\n  const faultcode = r.body.match(/<faultcode>([\\s\\S]*?)<\\/faultcode>/)[1].trim();\n  const faultstring = r.body.match(/<faultstring>([\\s\\S]*?)<\\/faultstring>/)[1].trim();\n  expect(r.status).to.eq(500);\n  expect(faultcode).to.eq(\"SOAP-ENV:Client\");\n  expect(faultstring).to.eq(\"Bad Request\");\n});",
              "err": {
                "message": "CypressError: `cy.request()` timed out waiting `30000ms` for a response from your server.\n\nThe request we sent was:\n\nMethod: POST\nURL: https://tstapi.buonny.com.br/portal/soap/consulta_profissional_soap\n\nNo response was received within the timeout.\n\nhttps://on.cypress.io/request",
                "estack": "CypressError: `cy.request()` timed out waiting `30000ms` for a response from your server.\n\nThe request we sent was:\n\nMethod: POST\nURL: https://tstapi.buonny.com.br/portal/soap/consulta_profissional_soap\n\nNo response was received within the timeout.\n\nhttps://on.cypress.io/request\n    at <unknown> (https://tstportal.buonny.com.br/__cypress/runner/cypress_runner.js:136486:70)\n    at tryCatcher (https://tstportal.buonny.com.br/__cypress/runner/cypress_runner.js:1777:23)\n    at <unknown> (https://tstportal.buonny.com.br/__cypress/runner/cypress_runner.js:4156:41)\n    at tryCatcher (https://tstportal.buonny.com.br/__cypress/runner/cypress_runner.js:1777:23)\n    at Promise._settlePromiseFromHandler (https://tstportal.buonny.com.br/__cypress/runner/cypress_runner.js:1489:31)\n    at Promise._settlePromise (https://tstportal.buonny.com.br/__cypress/runner/cypress_runner.js:1546:18)\n    at Promise._settlePromise0 (https://tstportal.buonny.com.br/__cypress/runner/cypress_runner.js:1591:10)\n    at Promise._settlePromises (https://tstportal.buonny.com.br/__cypress/runner/cypress_runner.js:1667:18)\n    at _drainQueueStep (https://tstportal.buonny.com.br/__cypress/runner/cypress_runner.js:2377:12)\n    at _drainQueue (https://tstportal.buonny.com.br/__cypress/runner/cypress_runner.js:2370:9)\n    at Async._drainQueues (https://tstportal.buonny.com.br/__cypress/runner/cypress_runner.js:2386:5)\n    at Async.drainQueues (https://tstportal.buonny.com.br/__cypress/runner/cypress_runner.js:2256:14)\nFrom Your Spec Code:\n    at Context.ee (webpack://test/./node_modules/cypress-plugin-api/dist/support.js:14:2002)\n    at wrapped (https://tstportal.buonny.com.br/__cypress/runner/cypress_runner.js:141663:43)",
                "diff": null
              },
              "uuid": "2cf03891-7858-4e7d-b10a-647e7511945d",
              "parentUUID": "1b3e2554-05e2-474a-bb41-646a4bf5d26d",
              "isHook": false,
              "skipped": false
            },
            {
              "title": "Realizar requisição com CNPJ ausente",
              "fullTitle": "Integração Clientes - Erros, API Consulta de Profissional SOAP Realizar requisição com CNPJ ausente",
              "timedOut": null,
              "duration": 31747,
              "state": "failed",
              "speed": null,
              "pass": false,
              "fail": true,
              "pending": false,
              "context": null,
              "code": "const cnpjCliente = \"\";\nconst soapPayload = `<?xml version=\"1.0\" encoding=\"utf-8\"?>\n<soapenv:Envelope xmlns:soapenv=\"http://schemas.xmlsoap.org/soap/envelope/\" xmlns:con=\"https://tstapi.buonny.com.br/portal/wsdl/consulta_profissional\">\n<soapenv:Header/>\n<soapenv:Body>\n    <con:consulta>\n        <cnpj_cliente>${cnpjCliente}</cnpj_cliente>\n        <autenticacao>\n            <token>${token}</token>\n        </autenticacao>\n        <produto>2</produto>\n        <profissional>\n            <documento>447.504.598-36</documento>\n            <carreteiro>S</carreteiro>\n        </profissional>\n        <veiculos>\n            <placa>${placa}</placa>\n        </veiculos>\n        <carga_tipo>1</carga_tipo>\n        <carga_valor>1000</carga_valor>\n        <pais_origem>BR</pais_origem>\n        <uf_origem>GO</uf_origem>\n        <cidade_origem>Ipameri</cidade_origem>\n        <pais_destino></pais_destino>\n        <uf_destino></uf_destino>\n        <cidade_destino>PARATI</cidade_destino>\n    </con:consulta>\n</soapenv:Body>\n</soapenv:Envelope>`;\ncy.api({\n  method: \"POST\",\n  url: url,\n  body: soapPayload,\n  failOnStatusCode: false\n}).then(r => {\n  const faultcode = r.body.match(/<faultcode>([\\s\\S]*?)<\\/faultcode>/)[1].trim();\n  const faultstring = r.body.match(/<faultstring>([\\s\\S]*?)<\\/faultstring>/)[1].trim();\n  expect(r.status).to.eq(500);\n  expect(faultcode).to.eq(\"ns1:1\");\n  expect(faultstring).to.eq(\"CNPJ Cliente não informado ou XML Inválido\");\n});",
              "err": {
                "message": "CypressError: `cy.request()` timed out waiting `30000ms` for a response from your server.\n\nThe request we sent was:\n\nMethod: POST\nURL: https://tstapi.buonny.com.br/portal/soap/consulta_profissional_soap\n\nNo response was received within the timeout.\n\nhttps://on.cypress.io/request",
                "estack": "CypressError: `cy.request()` timed out waiting `30000ms` for a response from your server.\n\nThe request we sent was:\n\nMethod: POST\nURL: https://tstapi.buonny.com.br/portal/soap/consulta_profissional_soap\n\nNo response was received within the timeout.\n\nhttps://on.cypress.io/request\n    at <unknown> (https://tstportal.buonny.com.br/__cypress/runner/cypress_runner.js:136486:70)\n    at tryCatcher (https://tstportal.buonny.com.br/__cypress/runner/cypress_runner.js:1777:23)\n    at <unknown> (https://tstportal.buonny.com.br/__cypress/runner/cypress_runner.js:4156:41)\n    at tryCatcher (https://tstportal.buonny.com.br/__cypress/runner/cypress_runner.js:1777:23)\n    at Promise._settlePromiseFromHandler (https://tstportal.buonny.com.br/__cypress/runner/cypress_runner.js:1489:31)\n    at Promise._settlePromise (https://tstportal.buonny.com.br/__cypress/runner/cypress_runner.js:1546:18)\n    at Promise._settlePromise0 (https://tstportal.buonny.com.br/__cypress/runner/cypress_runner.js:1591:10)\n    at Promise._settlePromises (https://tstportal.buonny.com.br/__cypress/runner/cypress_runner.js:1667:18)\n    at _drainQueueStep (https://tstportal.buonny.com.br/__cypress/runner/cypress_runner.js:2377:12)\n    at _drainQueue (https://tstportal.buonny.com.br/__cypress/runner/cypress_runner.js:2370:9)\n    at Async._drainQueues (https://tstportal.buonny.com.br/__cypress/runner/cypress_runner.js:2386:5)\n    at Async.drainQueues (https://tstportal.buonny.com.br/__cypress/runner/cypress_runner.js:2256:14)\nFrom Your Spec Code:\n    at Context.ee (webpack://test/./node_modules/cypress-plugin-api/dist/support.js:14:2002)\n    at wrapped (https://tstportal.buonny.com.br/__cypress/runner/cypress_runner.js:141663:43)",
                "diff": null
              },
              "uuid": "1b9e135c-b85d-4559-90f9-dbae904a4bf8",
              "parentUUID": "1b3e2554-05e2-474a-bb41-646a4bf5d26d",
              "isHook": false,
              "skipped": false
            },
            {
              "title": "Realizar requisição com token ausente ou inválido",
              "fullTitle": "Integração Clientes - Erros, API Consulta de Profissional SOAP Realizar requisição com token ausente ou inválido",
              "timedOut": null,
              "duration": 32734,
              "state": "failed",
              "speed": null,
              "pass": false,
              "fail": true,
              "pending": false,
              "context": null,
              "code": "const token = \"\";\nconst soapPayload = `<?xml version=\"1.0\" encoding=\"utf-8\"?>\n<soapenv:Envelope xmlns:soapenv=\"http://schemas.xmlsoap.org/soap/envelope/\" xmlns:con=\"https://tstapi.buonny.com.br/portal/wsdl/consulta_profissional\">\n<soapenv:Header/>\n<soapenv:Body>\n    <con:consulta>\n        <cnpj_cliente>${cnpjCliente}</cnpj_cliente>\n        <autenticacao>\n            <token>${token}</token>\n        </autenticacao>\n        <produto>2</produto>\n        <profissional>\n            <documento>447.504.598-36</documento>\n            <carreteiro>S</carreteiro>\n        </profissional>\n        <veiculos>\n            <placa>${placa}</placa>\n        </veiculos>\n        <carga_tipo>1</carga_tipo>\n        <carga_valor>1000</carga_valor>\n        <pais_origem>BR</pais_origem>\n        <uf_origem>GO</uf_origem>\n        <cidade_origem>Ipameri</cidade_origem>\n        <pais_destino></pais_destino>\n        <uf_destino></uf_destino>\n        <cidade_destino>PARATI</cidade_destino>\n    </con:consulta>\n</soapenv:Body>\n</soapenv:Envelope>`;\ncy.api({\n  method: \"POST\",\n  url: url,\n  body: soapPayload,\n  failOnStatusCode: false\n}).then(r => {\n  const faultcode = r.body.match(/<faultcode>([\\s\\S]*?)<\\/faultcode>/)[1].trim();\n  const faultstring = r.body.match(/<faultstring>([\\s\\S]*?)<\\/faultstring>/)[1].trim();\n  expect(r.status).to.eq(500);\n  expect(faultcode).to.eq(\"ns1:1\");\n  expect(faultstring).to.eq(`O token informado não confere com o cnpj do cliente\n - ${cnpjCliente}`);\n});",
              "err": {
                "message": "CypressError: `cy.request()` timed out waiting `30000ms` for a response from your server.\n\nThe request we sent was:\n\nMethod: POST\nURL: https://tstapi.buonny.com.br/portal/soap/consulta_profissional_soap\n\nNo response was received within the timeout.\n\nhttps://on.cypress.io/request",
                "estack": "CypressError: `cy.request()` timed out waiting `30000ms` for a response from your server.\n\nThe request we sent was:\n\nMethod: POST\nURL: https://tstapi.buonny.com.br/portal/soap/consulta_profissional_soap\n\nNo response was received within the timeout.\n\nhttps://on.cypress.io/request\n    at <unknown> (https://tstportal.buonny.com.br/__cypress/runner/cypress_runner.js:136486:70)\n    at tryCatcher (https://tstportal.buonny.com.br/__cypress/runner/cypress_runner.js:1777:23)\n    at <unknown> (https://tstportal.buonny.com.br/__cypress/runner/cypress_runner.js:4156:41)\n    at tryCatcher (https://tstportal.buonny.com.br/__cypress/runner/cypress_runner.js:1777:23)\n    at Promise._settlePromiseFromHandler (https://tstportal.buonny.com.br/__cypress/runner/cypress_runner.js:1489:31)\n    at Promise._settlePromise (https://tstportal.buonny.com.br/__cypress/runner/cypress_runner.js:1546:18)\n    at Promise._settlePromise0 (https://tstportal.buonny.com.br/__cypress/runner/cypress_runner.js:1591:10)\n    at Promise._settlePromises (https://tstportal.buonny.com.br/__cypress/runner/cypress_runner.js:1667:18)\n    at _drainQueueStep (https://tstportal.buonny.com.br/__cypress/runner/cypress_runner.js:2377:12)\n    at _drainQueue (https://tstportal.buonny.com.br/__cypress/runner/cypress_runner.js:2370:9)\n    at Async._drainQueues (https://tstportal.buonny.com.br/__cypress/runner/cypress_runner.js:2386:5)\n    at Async.drainQueues (https://tstportal.buonny.com.br/__cypress/runner/cypress_runner.js:2256:14)\nFrom Your Spec Code:\n    at Context.ee (webpack://test/./node_modules/cypress-plugin-api/dist/support.js:14:2002)\n    at wrapped (https://tstportal.buonny.com.br/__cypress/runner/cypress_runner.js:141663:43)",
                "diff": null
              },
              "uuid": "d8c30b57-f663-4e64-8199-e651f4384fb3",
              "parentUUID": "1b3e2554-05e2-474a-bb41-646a4bf5d26d",
              "isHook": false,
              "skipped": false
            },
            {
              "title": "Realizar requisição com CPF profissional vazio",
              "fullTitle": "Integração Clientes - Erros, API Consulta de Profissional SOAP Realizar requisição com CPF profissional vazio",
              "timedOut": null,
              "duration": 33170,
              "state": "failed",
              "speed": null,
              "pass": false,
              "fail": true,
              "pending": false,
              "context": null,
              "code": "const soapPayload = `<?xml version=\"1.0\" encoding=\"utf-8\"?>\n<soapenv:Envelope xmlns:soapenv=\"http://schemas.xmlsoap.org/soap/envelope/\" xmlns:con=\"https://tstapi.buonny.com.br/portal/wsdl/consulta_profissional\">\n<soapenv:Header/>\n<soapenv:Body>\n    <con:consulta>\n        <cnpj_cliente>${cnpjCliente}</cnpj_cliente>\n        <autenticacao>\n            <token>${token}</token>\n        </autenticacao>\n        <produto>2</produto>\n        <profissional>\n            <documento></documento>\n            <carreteiro>S</carreteiro>\n        </profissional>\n        <veiculos>\n            <placa>${placa}</placa>\n        </veiculos>\n        <carga_tipo>1</carga_tipo>\n        <carga_valor>1000</carga_valor>\n        <pais_origem>BR</pais_origem>\n        <uf_origem>GO</uf_origem>\n        <cidade_origem>Ipameri</cidade_origem>\n        <pais_destino></pais_destino>\n        <uf_destino></uf_destino>\n        <cidade_destino>PARATI</cidade_destino>\n    </con:consulta>\n</soapenv:Body>\n</soapenv:Envelope>`;\ncy.api({\n  method: \"POST\",\n  url: url,\n  body: soapPayload,\n  failOnStatusCode: false\n}).then(r => {\n  const faultcode = r.body.match(/<faultcode>([\\s\\S]*?)<\\/faultcode>/)[1].trim();\n  const faultstring = r.body.match(/<faultstring>([\\s\\S]*?)<\\/faultstring>/)[1].trim();\n  expect(r.status).to.eq(500);\n  expect(faultcode).to.eq(\"ns1:1\");\n  expect(faultstring).to.eq(\"CPF profissional não informado\");\n});",
              "err": {
                "message": "CypressError: `cy.request()` failed trying to load:\n\nhttps://tstapi.buonny.com.br/portal/soap/consulta_profissional_soap\n\nWe attempted to make an http request to this URL but the request failed without a response.\n\nWe received this error at the network level:\n\n  > Error: ESOCKETTIMEDOUT\n\n-----------------------------------------------------------\n\nThe request we sent was:\n\nMethod: POST\nURL: https://tstapi.buonny.com.br/portal/soap/consulta_profissional_soap\n\n-----------------------------------------------------------\n\nCommon situations why this would fail:\n  - you don't have internet access\n  - you forgot to run / boot your web server\n  - your web server isn't accessible\n  - you have weird network configuration settings on your computer\n\nhttps://on.cypress.io/request",
                "estack": "CypressError: `cy.request()` failed trying to load:\n\nhttps://tstapi.buonny.com.br/portal/soap/consulta_profissional_soap\n\nWe attempted to make an http request to this URL but the request failed without a response.\n\nWe received this error at the network level:\n\n  > Error: ESOCKETTIMEDOUT\n\n-----------------------------------------------------------\n\nThe request we sent was:\n\nMethod: POST\nURL: https://tstapi.buonny.com.br/portal/soap/consulta_profissional_soap\n\n-----------------------------------------------------------\n\nCommon situations why this would fail:\n  - you don't have internet access\n  - you forgot to run / boot your web server\n  - your web server isn't accessible\n  - you have weird network configuration settings on your computer\n\nhttps://on.cypress.io/request\n    at <unknown> (https://tstportal.buonny.com.br/__cypress/runner/cypress_runner.js:136497:70)\n    at tryCatcher (https://tstportal.buonny.com.br/__cypress/runner/cypress_runner.js:1777:23)\n    at <unknown> (https://tstportal.buonny.com.br/__cypress/runner/cypress_runner.js:4173:37)\n    at tryCatcher (https://tstportal.buonny.com.br/__cypress/runner/cypress_runner.js:1777:23)\n    at Promise._settlePromiseFromHandler (https://tstportal.buonny.com.br/__cypress/runner/cypress_runner.js:1489:31)\n    at Promise._settlePromise (https://tstportal.buonny.com.br/__cypress/runner/cypress_runner.js:1546:18)\n    at Promise._settlePromise0 (https://tstportal.buonny.com.br/__cypress/runner/cypress_runner.js:1591:10)\n    at Promise._settlePromises (https://tstportal.buonny.com.br/__cypress/runner/cypress_runner.js:1667:18)\n    at _drainQueueStep (https://tstportal.buonny.com.br/__cypress/runner/cypress_runner.js:2377:12)\n    at _drainQueue (https://tstportal.buonny.com.br/__cypress/runner/cypress_runner.js:2370:9)\n    at Async._drainQueues (https://tstportal.buonny.com.br/__cypress/runner/cypress_runner.js:2386:5)\n    at Async.drainQueues (https://tstportal.buonny.com.br/__cypress/runner/cypress_runner.js:2256:14)\nFrom Your Spec Code:\n    at Context.ee (webpack://test/./node_modules/cypress-plugin-api/dist/support.js:14:2002)\n    at wrapped (https://tstportal.buonny.com.br/__cypress/runner/cypress_runner.js:141663:43)\n\nFrom Node.js Internals:\n  RequestError: Error: ESOCKETTIMEDOUT\n      at new d (<embedded>:227:433064)\n      at ee.callback (<embedded>:227:439065)\n      at e.callback.s.callback [as _callback] (<embedded>:227:438511)\n      at s._callback.s.callback.s.callback (<embedded>:290:107344)\n      at ee.emit (node:events:518:28)\n      at ClientRequest.<anonymous> (<embedded>:290:115615)\n      at Object.onceWrapper (node:events:632:28)\n      at ClientRequest.emit (node:events:518:28)\n      at TLSSocket.emitRequestTimeout (node:_http_client:849:9)\n      at Object.onceWrapper (node:events:632:28)\n      at TLSSocket.emit (node:events:530:35)\n      at Socket._onTimeout (node:net:595:8)\n      at listOnTimeout (node:internal/timers:581:17)\n      at process.processTimers (node:internal/timers:519:7)",
                "diff": null
              },
              "uuid": "fad35ddf-c8ee-4d3a-90d3-d913d7b88792",
              "parentUUID": "1b3e2554-05e2-474a-bb41-646a4bf5d26d",
              "isHook": false,
              "skipped": false
            }
          ],
          "suites": [],
          "passes": [],
          "failures": [
            "2cf03891-7858-4e7d-b10a-647e7511945d",
            "1b9e135c-b85d-4559-90f9-dbae904a4bf8",
            "d8c30b57-f663-4e64-8199-e651f4384fb3",
            "fad35ddf-c8ee-4d3a-90d3-d913d7b88792"
          ],
          "pending": [],
          "skipped": [],
          "duration": 128947,
          "root": false,
          "rootEmpty": false,
          "_timeout": 2000
        }
      ],
      "passes": [],
      "failures": [],
      "pending": [],
      "skipped": [],
      "duration": 0,
      "root": true,
      "rootEmpty": true,
      "_timeout": 2000
    }
  ],
  "meta": {
    "mocha": {
      "version": "7.2.0"
    },
    "mochawesome": {
      "options": {
        "quiet": false,
        "reportFilename": "mochawesome",
        "saveHtml": true,
        "saveJson": true,
        "consoleReporter": "spec",
        "useInlineDiffs": false,
        "code": true
      },
      "version": "7.1.4"
    },
    "marge": {
      "options": {
        "reportDir": "cypress/results",
        "overwrite": false,
        "html": true,
        "json": true
      },
      "version": "6.3.0"
    }
  }
}