{
  "stats": {
    "suites": 1,
    "tests": 4,
    "passes": 0,
    "pending": 0,
    "failures": 4,
    "start": "2025-10-20T22:30:02.170Z",
    "end": "2025-10-20T22:38:20.076Z",
    "duration": 497906,
    "testsRegistered": 4,
    "passPercent": 0,
    "pendingPercent": 0,
    "other": 0,
    "hasOther": false,
    "skipped": 0,
    "hasSkipped": false
  },
  "results": [
    {
      "uuid": "3a12213e-6c4f-4662-a26f-1c85ae19879f",
      "title": "",
      "fullFile": "cypress/e2e/api/002 - API Integração Clientes/005 - API Inclusão de SM SOAP/002.api-inclusao-SM-erros-soap.cy.js",
      "file": "cypress/e2e/api/002 - API Integração Clientes/005 - API Inclusão de SM SOAP/002.api-inclusao-SM-erros-soap.cy.js",
      "beforeHooks": [],
      "afterHooks": [],
      "tests": [],
      "suites": [
        {
          "uuid": "04663b14-0914-450f-aef1-5bf2260e974f",
          "title": "Integração Clientes - Inclusão de SM via SOAP - Validações de erro",
          "fullFile": "",
          "file": "",
          "beforeHooks": [],
          "afterHooks": [],
          "tests": [
            {
              "title": "Requisição com corpo vazio",
              "fullTitle": "Integração Clientes - Inclusão de SM via SOAP - Validações de erro Requisição com corpo vazio",
              "timedOut": null,
              "duration": 121307,
              "state": "failed",
              "speed": null,
              "pass": false,
              "fail": true,
              "pending": false,
              "context": null,
              "code": "cy.api({\n  method: \"POST\",\n  url: APIclientes.InclusãoSmSoap,\n  body: \"\",\n  headers: {\n    \"Content-Type\": \"text/xml;charset=UTF-8\",\n    SOAPAction: \"https://tstapi.buonny.com.br/portal/wsdl/buonny/viagem\"\n  },\n  timeout: 120000,\n  failOnStatusCode: false\n}).then(r => {\n  cy.log(r.body);\n  expect(r.status).to.eq(500);\n  expect(r.body).to.contain(\">Bad Request<\");\n});",
              "err": {
                "message": "CypressError: `cy.request()` timed out waiting `120000ms` for a response from your server.\n\nThe request we sent was:\n\nMethod: POST\nURL: https://tstapi.buonny.com.br/portal/soap/buonny_soap\n\nNo response was received within the timeout.\n\nhttps://on.cypress.io/request",
                "estack": "CypressError: `cy.request()` timed out waiting `120000ms` for a response from your server.\n\nThe request we sent was:\n\nMethod: POST\nURL: https://tstapi.buonny.com.br/portal/soap/buonny_soap\n\nNo response was received within the timeout.\n\nhttps://on.cypress.io/request\n    at <unknown> (https://tstportal.buonny.com.br/__cypress/runner/cypress_runner.js:136486:70)\n    at tryCatcher (https://tstportal.buonny.com.br/__cypress/runner/cypress_runner.js:1777:23)\n    at <unknown> (https://tstportal.buonny.com.br/__cypress/runner/cypress_runner.js:4156:41)\n    at tryCatcher (https://tstportal.buonny.com.br/__cypress/runner/cypress_runner.js:1777:23)\n    at Promise._settlePromiseFromHandler (https://tstportal.buonny.com.br/__cypress/runner/cypress_runner.js:1489:31)\n    at Promise._settlePromise (https://tstportal.buonny.com.br/__cypress/runner/cypress_runner.js:1546:18)\n    at Promise._settlePromise0 (https://tstportal.buonny.com.br/__cypress/runner/cypress_runner.js:1591:10)\n    at Promise._settlePromises (https://tstportal.buonny.com.br/__cypress/runner/cypress_runner.js:1667:18)\n    at _drainQueueStep (https://tstportal.buonny.com.br/__cypress/runner/cypress_runner.js:2377:12)\n    at _drainQueue (https://tstportal.buonny.com.br/__cypress/runner/cypress_runner.js:2370:9)\n    at Async._drainQueues (https://tstportal.buonny.com.br/__cypress/runner/cypress_runner.js:2386:5)\n    at Async.drainQueues (https://tstportal.buonny.com.br/__cypress/runner/cypress_runner.js:2256:14)\nFrom Your Spec Code:\n    at Context.ee (webpack://test/./node_modules/cypress-plugin-api/dist/support.js:14:2002)\n    at wrapped (https://tstportal.buonny.com.br/__cypress/runner/cypress_runner.js:141663:43)",
                "diff": null
              },
              "uuid": "6de9cfd7-fb78-4c22-8fd8-884c245ff360",
              "parentUUID": "04663b14-0914-450f-aef1-5bf2260e974f",
              "isHook": false,
              "skipped": false
            },
            {
              "title": "Requisição com token inválido",
              "fullTitle": "Integração Clientes - Inclusão de SM via SOAP - Validações de erro Requisição com token inválido",
              "timedOut": null,
              "duration": 120918,
              "state": "failed",
              "speed": null,
              "pass": false,
              "fail": true,
              "pending": false,
              "context": null,
              "code": "const payloadTokenInvalido = payload.replace(/<token>.*?<\\/token>/, \"<token></token>\");\ncy.api({\n  method: \"POST\",\n  url: APIclientes.InclusãoSmSoap,\n  body: payloadTokenInvalido,\n  headers: {\n    \"Content-Type\": \"text/xml;charset=UTF-8\",\n    SOAPAction: \"https://tstapi.buonny.com.br/portal/wsdl/buonny/viagem\"\n  },\n  timeout: 120000,\n  failOnStatusCode: false\n}).then(r => {\n  cy.log(r.body);\n  expect(r.body).to.contain(\"O token informado não confere com o cnpj do cliente\");\n});",
              "err": {
                "message": "CypressError: `cy.request()` timed out waiting `120000ms` for a response from your server.\n\nThe request we sent was:\n\nMethod: POST\nURL: https://tstapi.buonny.com.br/portal/soap/buonny_soap\n\nNo response was received within the timeout.\n\nhttps://on.cypress.io/request",
                "estack": "CypressError: `cy.request()` timed out waiting `120000ms` for a response from your server.\n\nThe request we sent was:\n\nMethod: POST\nURL: https://tstapi.buonny.com.br/portal/soap/buonny_soap\n\nNo response was received within the timeout.\n\nhttps://on.cypress.io/request\n    at <unknown> (https://tstportal.buonny.com.br/__cypress/runner/cypress_runner.js:136486:70)\n    at tryCatcher (https://tstportal.buonny.com.br/__cypress/runner/cypress_runner.js:1777:23)\n    at <unknown> (https://tstportal.buonny.com.br/__cypress/runner/cypress_runner.js:4156:41)\n    at tryCatcher (https://tstportal.buonny.com.br/__cypress/runner/cypress_runner.js:1777:23)\n    at Promise._settlePromiseFromHandler (https://tstportal.buonny.com.br/__cypress/runner/cypress_runner.js:1489:31)\n    at Promise._settlePromise (https://tstportal.buonny.com.br/__cypress/runner/cypress_runner.js:1546:18)\n    at Promise._settlePromise0 (https://tstportal.buonny.com.br/__cypress/runner/cypress_runner.js:1591:10)\n    at Promise._settlePromises (https://tstportal.buonny.com.br/__cypress/runner/cypress_runner.js:1667:18)\n    at _drainQueueStep (https://tstportal.buonny.com.br/__cypress/runner/cypress_runner.js:2377:12)\n    at _drainQueue (https://tstportal.buonny.com.br/__cypress/runner/cypress_runner.js:2370:9)\n    at Async._drainQueues (https://tstportal.buonny.com.br/__cypress/runner/cypress_runner.js:2386:5)\n    at Async.drainQueues (https://tstportal.buonny.com.br/__cypress/runner/cypress_runner.js:2256:14)\nFrom Your Spec Code:\n    at Context.ee (webpack://test/./node_modules/cypress-plugin-api/dist/support.js:14:2002)\n    at wrapped (https://tstportal.buonny.com.br/__cypress/runner/cypress_runner.js:141663:43)",
                "diff": null
              },
              "uuid": "d99c4860-df57-47e7-a6df-16c0765c6bd0",
              "parentUUID": "04663b14-0914-450f-aef1-5bf2260e974f",
              "isHook": false,
              "skipped": false
            },
            {
              "title": "Requisição com data de início no passado",
              "fullTitle": "Integração Clientes - Inclusão de SM via SOAP - Validações de erro Requisição com data de início no passado",
              "timedOut": null,
              "duration": 123527,
              "state": "failed",
              "speed": null,
              "pass": false,
              "fail": true,
              "pending": false,
              "context": null,
              "code": "const payloadDataPassado = payload.replace(/<data_previsao_inicio>.*?<\\/data_previsao_inicio>/, \"<data_previsao_inicio>03/01/2025 15:50:00</data_previsao_inicio>\");\ncy.api({\n  method: \"POST\",\n  url: APIclientes.InclusãoSmSoap,\n  body: payloadDataPassado,\n  headers: {\n    \"Content-Type\": \"text/xml;charset=UTF-8\",\n    SOAPAction: \"https://tstapi.buonny.com.br/portal/wsdl/buonny/viagem\"\n  },\n  timeout: 120000,\n  failOnStatusCode: false\n}).then(r => {\n  cy.log(r.body);\n  expect(r.body).to.contain(\"Previsão de início não deve ser menor que a data e hora atual\");\n});",
              "err": {
                "message": "CypressError: `cy.request()` failed trying to load:\n\nhttps://tstapi.buonny.com.br/portal/soap/buonny_soap\n\nWe attempted to make an http request to this URL but the request failed without a response.\n\nWe received this error at the network level:\n\n  > Error: ESOCKETTIMEDOUT\n\n-----------------------------------------------------------\n\nThe request we sent was:\n\nMethod: POST\nURL: https://tstapi.buonny.com.br/portal/soap/buonny_soap\n\n-----------------------------------------------------------\n\nCommon situations why this would fail:\n  - you don't have internet access\n  - you forgot to run / boot your web server\n  - your web server isn't accessible\n  - you have weird network configuration settings on your computer\n\nhttps://on.cypress.io/request",
                "estack": "CypressError: `cy.request()` failed trying to load:\n\nhttps://tstapi.buonny.com.br/portal/soap/buonny_soap\n\nWe attempted to make an http request to this URL but the request failed without a response.\n\nWe received this error at the network level:\n\n  > Error: ESOCKETTIMEDOUT\n\n-----------------------------------------------------------\n\nThe request we sent was:\n\nMethod: POST\nURL: https://tstapi.buonny.com.br/portal/soap/buonny_soap\n\n-----------------------------------------------------------\n\nCommon situations why this would fail:\n  - you don't have internet access\n  - you forgot to run / boot your web server\n  - your web server isn't accessible\n  - you have weird network configuration settings on your computer\n\nhttps://on.cypress.io/request\n    at <unknown> (https://tstportal.buonny.com.br/__cypress/runner/cypress_runner.js:136497:70)\n    at tryCatcher (https://tstportal.buonny.com.br/__cypress/runner/cypress_runner.js:1777:23)\n    at <unknown> (https://tstportal.buonny.com.br/__cypress/runner/cypress_runner.js:4173:37)\n    at tryCatcher (https://tstportal.buonny.com.br/__cypress/runner/cypress_runner.js:1777:23)\n    at Promise._settlePromiseFromHandler (https://tstportal.buonny.com.br/__cypress/runner/cypress_runner.js:1489:31)\n    at Promise._settlePromise (https://tstportal.buonny.com.br/__cypress/runner/cypress_runner.js:1546:18)\n    at Promise._settlePromise0 (https://tstportal.buonny.com.br/__cypress/runner/cypress_runner.js:1591:10)\n    at Promise._settlePromises (https://tstportal.buonny.com.br/__cypress/runner/cypress_runner.js:1667:18)\n    at _drainQueueStep (https://tstportal.buonny.com.br/__cypress/runner/cypress_runner.js:2377:12)\n    at _drainQueue (https://tstportal.buonny.com.br/__cypress/runner/cypress_runner.js:2370:9)\n    at Async._drainQueues (https://tstportal.buonny.com.br/__cypress/runner/cypress_runner.js:2386:5)\n    at Async.drainQueues (https://tstportal.buonny.com.br/__cypress/runner/cypress_runner.js:2256:14)\nFrom Your Spec Code:\n    at Context.ee (webpack://test/./node_modules/cypress-plugin-api/dist/support.js:14:2002)\n    at wrapped (https://tstportal.buonny.com.br/__cypress/runner/cypress_runner.js:141663:43)\n\nFrom Node.js Internals:\n  RequestError: Error: ESOCKETTIMEDOUT\n      at new d (<embedded>:227:433064)\n      at ee.callback (<embedded>:227:439065)\n      at e.callback.s.callback [as _callback] (<embedded>:227:438511)\n      at s._callback.s.callback.s.callback (<embedded>:290:107344)\n      at ee.emit (node:events:518:28)\n      at ClientRequest.<anonymous> (<embedded>:290:115615)\n      at Object.onceWrapper (node:events:632:28)\n      at ClientRequest.emit (node:events:518:28)\n      at TLSSocket.emitRequestTimeout (node:_http_client:849:9)\n      at Object.onceWrapper (node:events:632:28)\n      at TLSSocket.emit (node:events:530:35)\n      at Socket._onTimeout (node:net:595:8)\n      at listOnTimeout (node:internal/timers:581:17)\n      at process.processTimers (node:internal/timers:519:7)",
                "diff": null
              },
              "uuid": "1221cb57-96d5-4471-acbf-2dc40aa93c16",
              "parentUUID": "04663b14-0914-450f-aef1-5bf2260e974f",
              "isHook": false,
              "skipped": false
            },
            {
              "title": "Requisição com data de chegada no passado",
              "fullTitle": "Integração Clientes - Inclusão de SM via SOAP - Validações de erro Requisição com data de chegada no passado",
              "timedOut": null,
              "duration": 125645,
              "state": "failed",
              "speed": null,
              "pass": false,
              "fail": true,
              "pending": false,
              "context": null,
              "code": "const payloadDataPassado = payload.replace(/<previsao_de_chegada>.*?<\\/previsao_de_chegada>/, \"<previsao_de_chegada>03/01/2025 15:50:00</previsao_de_chegada>\");\ncy.api({\n  method: \"POST\",\n  url: APIclientes.InclusãoSmSoap,\n  body: payloadDataPassado,\n  headers: {\n    \"Content-Type\": \"text/xml;charset=UTF-8\",\n    SOAPAction: \"https://tstapi.buonny.com.br/portal/wsdl/buonny/viagem\"\n  },\n  timeout: 120000,\n  failOnStatusCode: false\n}).then(r => {\n  cy.log(r.body);\n  expect(r.body).to.contain(\"Data de previsão menor que a data de inicio\");\n});",
              "err": {
                "message": "CypressError: `cy.request()` failed trying to load:\n\nhttps://tstapi.buonny.com.br/portal/soap/buonny_soap\n\nWe attempted to make an http request to this URL but the request failed without a response.\n\nWe received this error at the network level:\n\n  > Error: ESOCKETTIMEDOUT\n\n-----------------------------------------------------------\n\nThe request we sent was:\n\nMethod: POST\nURL: https://tstapi.buonny.com.br/portal/soap/buonny_soap\n\n-----------------------------------------------------------\n\nCommon situations why this would fail:\n  - you don't have internet access\n  - you forgot to run / boot your web server\n  - your web server isn't accessible\n  - you have weird network configuration settings on your computer\n\nhttps://on.cypress.io/request",
                "estack": "CypressError: `cy.request()` failed trying to load:\n\nhttps://tstapi.buonny.com.br/portal/soap/buonny_soap\n\nWe attempted to make an http request to this URL but the request failed without a response.\n\nWe received this error at the network level:\n\n  > Error: ESOCKETTIMEDOUT\n\n-----------------------------------------------------------\n\nThe request we sent was:\n\nMethod: POST\nURL: https://tstapi.buonny.com.br/portal/soap/buonny_soap\n\n-----------------------------------------------------------\n\nCommon situations why this would fail:\n  - you don't have internet access\n  - you forgot to run / boot your web server\n  - your web server isn't accessible\n  - you have weird network configuration settings on your computer\n\nhttps://on.cypress.io/request\n    at <unknown> (https://tstportal.buonny.com.br/__cypress/runner/cypress_runner.js:136497:70)\n    at tryCatcher (https://tstportal.buonny.com.br/__cypress/runner/cypress_runner.js:1777:23)\n    at <unknown> (https://tstportal.buonny.com.br/__cypress/runner/cypress_runner.js:4173:37)\n    at tryCatcher (https://tstportal.buonny.com.br/__cypress/runner/cypress_runner.js:1777:23)\n    at Promise._settlePromiseFromHandler (https://tstportal.buonny.com.br/__cypress/runner/cypress_runner.js:1489:31)\n    at Promise._settlePromise (https://tstportal.buonny.com.br/__cypress/runner/cypress_runner.js:1546:18)\n    at Promise._settlePromise0 (https://tstportal.buonny.com.br/__cypress/runner/cypress_runner.js:1591:10)\n    at Promise._settlePromises (https://tstportal.buonny.com.br/__cypress/runner/cypress_runner.js:1667:18)\n    at _drainQueueStep (https://tstportal.buonny.com.br/__cypress/runner/cypress_runner.js:2377:12)\n    at _drainQueue (https://tstportal.buonny.com.br/__cypress/runner/cypress_runner.js:2370:9)\n    at Async._drainQueues (https://tstportal.buonny.com.br/__cypress/runner/cypress_runner.js:2386:5)\n    at Async.drainQueues (https://tstportal.buonny.com.br/__cypress/runner/cypress_runner.js:2256:14)\nFrom Your Spec Code:\n    at Context.ee (webpack://test/./node_modules/cypress-plugin-api/dist/support.js:14:2002)\n    at wrapped (https://tstportal.buonny.com.br/__cypress/runner/cypress_runner.js:141663:43)\n\nFrom Node.js Internals:\n  RequestError: Error: ESOCKETTIMEDOUT\n      at new d (<embedded>:227:433064)\n      at ee.callback (<embedded>:227:439065)\n      at e.callback.s.callback [as _callback] (<embedded>:227:438511)\n      at s._callback.s.callback.s.callback (<embedded>:290:107344)\n      at ee.emit (node:events:518:28)\n      at ClientRequest.<anonymous> (<embedded>:290:115615)\n      at Object.onceWrapper (node:events:632:28)\n      at ClientRequest.emit (node:events:518:28)\n      at TLSSocket.emitRequestTimeout (node:_http_client:849:9)\n      at Object.onceWrapper (node:events:632:28)\n      at TLSSocket.emit (node:events:530:35)\n      at Socket._onTimeout (node:net:595:8)\n      at listOnTimeout (node:internal/timers:581:17)\n      at process.processTimers (node:internal/timers:519:7)",
                "diff": null
              },
              "uuid": "e8d40a99-3571-4ee8-9072-a89895655d6c",
              "parentUUID": "04663b14-0914-450f-aef1-5bf2260e974f",
              "isHook": false,
              "skipped": false
            }
          ],
          "suites": [],
          "passes": [],
          "failures": [
            "6de9cfd7-fb78-4c22-8fd8-884c245ff360",
            "d99c4860-df57-47e7-a6df-16c0765c6bd0",
            "1221cb57-96d5-4471-acbf-2dc40aa93c16",
            "e8d40a99-3571-4ee8-9072-a89895655d6c"
          ],
          "pending": [],
          "skipped": [],
          "duration": 491397,
          "root": false,
          "rootEmpty": false,
          "_timeout": 2000
        }
      ],
      "passes": [],
      "failures": [],
      "pending": [],
      "skipped": [],
      "duration": 0,
      "root": true,
      "rootEmpty": true,
      "_timeout": 2000
    }
  ],
  "meta": {
    "mocha": {
      "version": "7.2.0"
    },
    "mochawesome": {
      "options": {
        "quiet": false,
        "reportFilename": "mochawesome",
        "saveHtml": true,
        "saveJson": true,
        "consoleReporter": "spec",
        "useInlineDiffs": false,
        "code": true
      },
      "version": "7.1.4"
    },
    "marge": {
      "options": {
        "reportDir": "cypress/results",
        "overwrite": false,
        "html": true,
        "json": true
      },
      "version": "6.3.0"
    }
  }
}