{
  "stats": {
    "suites": 1,
    "tests": 1,
    "passes": 1,
    "pending": 0,
    "failures": 0,
    "start": "2025-10-17T18:59:36.576Z",
    "end": "2025-10-17T18:59:42.191Z",
    "duration": 5615,
    "testsRegistered": 1,
    "passPercent": 100,
    "pendingPercent": 0,
    "other": 0,
    "hasOther": false,
    "skipped": 0,
    "hasSkipped": false
  },
  "results": [
    {
      "uuid": "4d65f070-ec3f-4227-9393-3177a5fa8032",
      "title": "",
      "fullFile": "cypress/e2e/api/002 - API Integração Clientes/003 - API Consulta entrega/001.api-consulta-entrega-soap.cy.js",
      "file": "cypress/e2e/api/002 - API Integração Clientes/003 - API Consulta entrega/001.api-consulta-entrega-soap.cy.js",
      "beforeHooks": [],
      "afterHooks": [],
      "tests": [],
      "suites": [
        {
          "uuid": "3716a76d-e7d2-4989-a4fd-b08928f770b1",
          "title": "Integração Clientes - API Consulta entrega SOAP",
          "fullFile": "",
          "file": "",
          "beforeHooks": [],
          "afterHooks": [],
          "tests": [
            {
              "title": "Consulta entrega com sucesso",
              "fullTitle": "Integração Clientes - API Consulta entrega SOAP Consulta entrega com sucesso",
              "timedOut": null,
              "duration": 5444,
              "state": "passed",
              "speed": "medium",
              "pass": true,
              "fail": false,
              "pending": false,
              "context": null,
              "code": "cy.api({\n  method: \"POST\",\n  url: url,\n  body: payload\n}).then(r => {\n  const viagem = r.body.match(/<status_viagem>([\\s\\S]*?)<\\/status_viagem>/)[1].trim();\n  const latitude = r.body.match(/<origem_latitude>([\\s\\S]*?)<\\/origem_latitude>/)[1].trim();\n  const longitude = r.body.match(/<origem_longitude>([\\s\\S]*?)<\\/origem_longitude>/)[1].trim();\n  expect(r.status).to.eq(200);\n  expect(viagem).to.be.oneOf([\"agendado\", \"Cancelado\"]);\n  expect(latitude).to.exist;\n  expect(latitude).to.not.be.empty;\n  expect(longitude).to.exist;\n  expect(longitude).to.not.be.empty;\n});",
              "err": {},
              "uuid": "a47cc7e3-f391-4d56-8019-046e3e20d2ff",
              "parentUUID": "3716a76d-e7d2-4989-a4fd-b08928f770b1",
              "isHook": false,
              "skipped": false
            }
          ],
          "suites": [],
          "passes": [
            "a47cc7e3-f391-4d56-8019-046e3e20d2ff"
          ],
          "failures": [],
          "pending": [],
          "skipped": [],
          "duration": 5444,
          "root": false,
          "rootEmpty": false,
          "_timeout": 2000
        }
      ],
      "passes": [],
      "failures": [],
      "pending": [],
      "skipped": [],
      "duration": 0,
      "root": true,
      "rootEmpty": true,
      "_timeout": 2000
    }
  ],
  "meta": {
    "mocha": {
      "version": "7.2.0"
    },
    "mochawesome": {
      "options": {
        "quiet": false,
        "reportFilename": "mochawesome",
        "saveHtml": true,
        "saveJson": true,
        "consoleReporter": "spec",
        "useInlineDiffs": false,
        "code": true
      },
      "version": "7.1.4"
    },
    "marge": {
      "options": {
        "reportDir": "cypress/results",
        "overwrite": false,
        "html": true,
        "json": true
      },
      "version": "6.3.0"
    }
  }
}