{
  "stats": {
    "suites": 1,
    "tests": 3,
    "passes": 3,
    "pending": 0,
    "failures": 0,
    "start": "2025-10-13T18:34:17.126Z",
    "end": "2025-10-13T18:34:43.721Z",
    "duration": 26595,
    "testsRegistered": 3,
    "passPercent": 100,
    "pendingPercent": 0,
    "other": 0,
    "hasOther": false,
    "skipped": 0,
    "hasSkipped": false
  },
  "results": [
    {
      "uuid": "6b3b210b-1573-452d-81a8-d6f40385ec32",
      "title": "",
      "fullFile": "cypress/e2e/api/002 - API Integração Clientes/006 - API Status Entrega V2/001.api-status-entregaV2-rest.cy.js",
      "file": "cypress/e2e/api/002 - API Integração Clientes/006 - API Status Entrega V2/001.api-status-entregaV2-rest.cy.js",
      "beforeHooks": [],
      "afterHooks": [],
      "tests": [],
      "suites": [
        {
          "uuid": "baeb0344-b051-427f-9b01-6eb418522c2b",
          "title": "Integração Clientes - API Status Entrega V2",
          "fullFile": "",
          "file": "",
          "beforeHooks": [],
          "afterHooks": [],
          "tests": [
            {
              "title": "Validação de retorno: Buscar viagens em andamento",
              "fullTitle": "Integração Clientes - API Status Entrega V2 Validação de retorno: Buscar viagens em andamento",
              "timedOut": null,
              "duration": 15550,
              "state": "passed",
              "speed": "slow",
              "pass": true,
              "fail": false,
              "pending": false,
              "context": null,
              "code": "cy.api({\n  method: \"GET\",\n  url: `${url}?cnpj_cliente=${cnpjCliente}&token=${token}`\n}).then(r => {\n  expect(r.status).to.eq(200);\n  expect(r.body.dados).to.be.an(\"array\").and.not.to.be.empty;\n  expect(r.body.dados[0].inicio_real).to.eq(null);\n  expect(r.body.dados[0].fim_real).to.eq(null);\n});",
              "err": {},
              "uuid": "d2e78e86-ab45-4dd3-8e08-5d49b3dac874",
              "parentUUID": "baeb0344-b051-427f-9b01-6eb418522c2b",
              "isHook": false,
              "skipped": false
            },
            {
              "title": "Validação de retorno: Buscar viagens por SM específica",
              "fullTitle": "Integração Clientes - API Status Entrega V2 Validação de retorno: Buscar viagens por SM específica",
              "timedOut": null,
              "duration": 4111,
              "state": "passed",
              "speed": "fast",
              "pass": true,
              "fail": false,
              "pending": false,
              "context": null,
              "code": "cy.fixture(\"numeroSM\").then(data => {\n  const numeroSM = data.numeroSM;\n  cy.api({\n    method: \"GET\",\n    url: `${url}?cnpj_cliente=${cnpjCliente}&token=${token}&sm=${numeroSM}`\n  }).then(r => {\n    expect(r.status).to.eq(200);\n    expect(r.body.dados).to.be.an(\"array\").and.not.to.be.empty;\n    expect(r.body.dados[0].codigo_sm).to.eq(+numeroSM);\n  });\n});",
              "err": {},
              "uuid": "68cbcfe8-b171-45f8-8540-8fc9e7dbd0af",
              "parentUUID": "baeb0344-b051-427f-9b01-6eb418522c2b",
              "isHook": false,
              "skipped": false
            },
            {
              "title": "Validação de retorno: Buscar viagens por pedido específico",
              "fullTitle": "Integração Clientes - API Status Entrega V2 Validação de retorno: Buscar viagens por pedido específico",
              "timedOut": null,
              "duration": 6245,
              "state": "passed",
              "speed": "medium",
              "pass": true,
              "fail": false,
              "pending": false,
              "context": null,
              "code": "cy.api({\n  method: \"GET\",\n  url: `${url}?cnpj_cliente=${cnpjCliente}&token=${token}&pedido=45487`\n}).then(r => {\n  expect(r.status).to.eq(200);\n  expect(r.body.dados).to.be.an(\"array\").and.not.to.be.empty;\n  expect(r.body.dados[0].pedido).to.eq(\"45487\");\n});",
              "err": {},
              "uuid": "89a79cd8-217e-4536-afb7-bbc389129263",
              "parentUUID": "baeb0344-b051-427f-9b01-6eb418522c2b",
              "isHook": false,
              "skipped": false
            }
          ],
          "suites": [],
          "passes": [
            "d2e78e86-ab45-4dd3-8e08-5d49b3dac874",
            "68cbcfe8-b171-45f8-8540-8fc9e7dbd0af",
            "89a79cd8-217e-4536-afb7-bbc389129263"
          ],
          "failures": [],
          "pending": [],
          "skipped": [],
          "duration": 25906,
          "root": false,
          "rootEmpty": false,
          "_timeout": 2000
        }
      ],
      "passes": [],
      "failures": [],
      "pending": [],
      "skipped": [],
      "duration": 0,
      "root": true,
      "rootEmpty": true,
      "_timeout": 2000
    }
  ],
  "meta": {
    "mocha": {
      "version": "7.2.0"
    },
    "mochawesome": {
      "options": {
        "quiet": false,
        "reportFilename": "mochawesome",
        "saveHtml": true,
        "saveJson": true,
        "consoleReporter": "spec",
        "useInlineDiffs": false,
        "code": true
      },
      "version": "7.1.4"
    },
    "marge": {
      "options": {
        "reportDir": "cypress/results",
        "overwrite": false,
        "html": true,
        "json": true
      },
      "version": "6.3.0"
    }
  }
}